Log file open, 10/05/20 00:21:55
LogInit: Display: Running engine for game: PlatformerGame
LogPlatformFile: Not using cached read wrapper
LogTaskGraph: Started task graph with 5 named threads and 47 total threads with 3 sets of task threads.
LogStats: Stats thread started at 0.939849
LogD3D11RHI: Loaded GFSDK_Aftermath_Lib.x64.dll
LogICUInternationalization: ICU TimeZone Detection - Raw Offset: +8:00, Platform Override: ''
LogPluginManager: Mounting plugin Paper2D
LogPluginManager: Mounting plugin AISupport
LogPluginManager: Mounting plugin LightPropagationVolume
LogPluginManager: Mounting plugin CameraShakePreviewer
LogPluginManager: Mounting plugin ActorLayerUtilities
LogPluginManager: Mounting plugin AnimationSharing
LogPluginManager: Mounting plugin CLionSourceCodeAccess
LogPluginManager: Mounting plugin CodeLiteSourceCodeAccess
LogPluginManager: Mounting plugin GitSourceControl
LogPluginManager: Mounting plugin KDevelopSourceCodeAccess
LogPluginManager: Mounting plugin NullSourceCodeAccess
LogPluginManager: Mounting plugin PerforceSourceControl
LogPluginManager: Mounting plugin PlasticSourceControl
LogPluginManager: Mounting plugin RiderLink
LogPluginManager: Mounting plugin RiderSourceCodeAccess
LogPluginManager: Mounting plugin SubversionSourceControl
LogPluginManager: Mounting plugin UObjectPlugin
LogPluginManager: Mounting plugin VisualStudioCodeSourceCodeAccess
LogPluginManager: Mounting plugin VisualStudioSourceCodeAccess
LogPluginManager: Mounting plugin XCodeSourceCodeAccess
LogPluginManager: Mounting plugin AssetManagerEditor
LogPluginManager: Mounting plugin CryptoKeys
LogPluginManager: Mounting plugin CurveEditorTools
LogPluginManager: Mounting plugin DataValidation
LogPluginManager: Mounting plugin EditorScriptingUtilities
LogPluginManager: Mounting plugin FacialAnimation
LogPluginManager: Mounting plugin GameplayTagsEditor
LogPluginManager: Mounting plugin GeometryMode
LogPluginManager: Mounting plugin MacGraphicsSwitching
LogPluginManager: Mounting plugin MaterialAnalyzer
LogPluginManager: Mounting plugin MobileLauncherProfileWizard
LogPluginManager: Mounting plugin PluginBrowser
LogPluginManager: Mounting plugin SpeedTreeImporter
LogPluginManager: Mounting plugin DatasmithContent
LogPluginManager: Mounting plugin VariantManagerContent
LogPluginManager: Mounting plugin AlembicImporter
LogPluginManager: Mounting plugin AutomationUtils
LogPluginManager: Mounting plugin BackChannel
LogPluginManager: Mounting plugin ChaosCloth
LogPluginManager: Mounting plugin ChaosClothEditor
LogPluginManager: Mounting plugin ChaosEditor
LogPluginManager: Mounting plugin ChaosNiagara
LogPluginManager: Mounting plugin ChaosSolverPlugin
LogPluginManager: Mounting plugin CharacterAI
LogPluginManager: Mounting plugin GeometryCache
LogPluginManager: Mounting plugin GeometryCollectionPlugin
LogPluginManager: Mounting plugin GeometryProcessing
LogPluginManager: Mounting plugin PlanarCut
LogPluginManager: Mounting plugin PlatformCrypto
LogPluginManager: Mounting plugin ProxyLODPlugin
LogPluginManager: Mounting plugin SkeletalReduction
LogPluginManager: Mounting plugin Niagara
LogPluginManager: Mounting plugin MagicLeap
LogPluginManager: Mounting plugin MagicLeapLightEstimation
LogPluginManager: Mounting plugin MagicLeapMedia
LogPluginManager: Mounting plugin MagicLeapPassableWorld
LogPluginManager: Mounting plugin MLSDK
LogPluginManager: Mounting plugin AndroidMedia
LogPluginManager: Mounting plugin AvfMedia
LogPluginManager: Mounting plugin ImgMedia
LogPluginManager: Mounting plugin MediaCompositing
LogPluginManager: Mounting plugin MediaPlayerEditor
LogPluginManager: Mounting plugin WebMMedia
LogPluginManager: Mounting plugin WmfMedia
LogPluginManager: Mounting plugin MeshPainting
LogPluginManager: Mounting plugin TcpMessaging
LogPluginManager: Mounting plugin UdpMessaging
LogPluginManager: Mounting plugin ActorSequence
LogPluginManager: Mounting plugin LevelSequenceEditor
LogPluginManager: Mounting plugin MatineeToLevelSequence
LogPluginManager: Mounting plugin MovieRenderPipeline
LogPluginManager: Mounting plugin TemplateSequence
LogPluginManager: Mounting plugin NetcodeUnitTest
LogPluginManager: Mounting plugin NUTUnrealEngine4
LogPluginManager: Mounting plugin OnlineSubsystemGooglePlay
LogPluginManager: Mounting plugin OnlineSubsystemIOS
LogPluginManager: Mounting plugin OnlineSubsystem
LogPluginManager: Mounting plugin OnlineSubsystemNull
LogPluginManager: Mounting plugin OnlineSubsystemUtils
LogPluginManager: Mounting plugin LauncherChunkInstaller
LogPluginManager: Mounting plugin AndroidDeviceProfileSelector
LogPluginManager: Mounting plugin AndroidMoviePlayer
LogPluginManager: Mounting plugin AndroidPermission
LogPluginManager: Mounting plugin AppleImageUtils
LogPluginManager: Mounting plugin AppleMoviePlayer
LogPluginManager: Mounting plugin ArchVisCharacter
LogPluginManager: Mounting plugin AssetTags
LogPluginManager: Mounting plugin AudioCapture
LogPluginManager: Mounting plugin CableComponent
LogPluginManager: Mounting plugin CustomMeshComponent
LogPluginManager: Mounting plugin EditableMesh
LogPluginManager: Mounting plugin ExampleDeviceProfileSelector
LogPluginManager: Mounting plugin GoogleCloudMessaging
LogPluginManager: Mounting plugin GooglePAD
LogPluginManager: Mounting plugin IOSDeviceProfileSelector
LogPluginManager: Mounting plugin LinuxDeviceProfileSelector
LogPluginManager: Mounting plugin LocationServicesBPLibrary
LogPluginManager: Mounting plugin MobilePatchingUtils
LogPluginManager: Mounting plugin OculusVR
LogPluginManager: Mounting plugin PhysXVehicles
LogPluginManager: Mounting plugin PostSplashScreen
LogPluginManager: Mounting plugin ProceduralMeshComponent
LogPluginManager: Mounting plugin RuntimePhysXCooking
LogPluginManager: Mounting plugin SignificanceManager
LogPluginManager: Mounting plugin SoundFields
LogPluginManager: Mounting plugin SteamVR
LogPluginManager: Mounting plugin Synthesis
LogPluginManager: Mounting plugin WebMMoviePlayer
LogPluginManager: Mounting plugin WindowsMoviePlayer
LogPluginManager: Mounting plugin ScreenshotTools
LogInit: Using libcurl 7.55.1-DEV
LogInit:  - built for x86_64-pc-win32
LogInit:  - supports SSL with OpenSSL/1.1.1
LogInit:  - supports HTTP deflate (compression) using libz 1.2.8
LogInit:  - other features:
LogInit:      CURL_VERSION_SSL
LogInit:      CURL_VERSION_LIBZ
LogInit:      CURL_VERSION_IPV6
LogInit:      CURL_VERSION_ASYNCHDNS
LogInit:      CURL_VERSION_LARGEFILE
LogInit:      CURL_VERSION_IDN
LogInit:  CurlRequestOptions (configurable via config and command line):
LogInit:  - bVerifyPeer = true  - Libcurl will verify peer certificate
LogInit:  - bUseHttpProxy = false  - Libcurl will NOT use HTTP proxy
LogInit:  - bDontReuseConnections = false  - Libcurl will reuse connections
LogInit:  - MaxHostConnections = 16  - Libcurl will limit the number of connections to a host
LogInit:  - LocalHostAddr = Default
LogInit:  - BufferSize = 65536
LogOnline: OSS: Creating online subsystem instance for: NULL
LogInit: WinSock: version 1.1 (2.2), MaxSocks=32767, MaxUdp=65467
LogOnline: OSS: TryLoadSubsystemAndSetDefault: Loaded subsystem for module [NULL]
LogInit: Build: ++UE4+Release-4.25-CL-13594126
LogInit: Engine Version: 4.25.1-13594126+++UE4+Release-4.25
LogInit: Compatible Engine Version: 4.25.0-13144385+++UE4+Release-4.25
LogInit: Net CL: 13144385
LogInit: OS: Windows 10 (Release 2004) (), CPU: Intel(R) Core(TM) i7-10875H CPU @ 2.30GHz, GPU: Intel(R) UHD Graphics
LogInit: Compiled (64-bit): Jun  2 2020 02:10:36
LogInit: Compiled with Visual C++: 19.24.28315.00
LogInit: Build Configuration: Development
LogInit: Branch Name: ++UE4+Release-4.25
LogInit: Command Line:  -skipcompile
LogInit: Base Directory: D:/component application/unreal/UE_4.25/Engine/Binaries/Win64/
LogInit: Allocator: TBB
LogInit: Installed Engine Build: 1
LogDevObjectVersion: Number of dev versions registered: 26
LogDevObjectVersion:   Dev-Blueprints (B0D832E4-1F89-4F0D-ACCF-7EB736FD4AA2): 10
LogDevObjectVersion:   Dev-Build (E1C64328-A22C-4D53-A36C-8E866417BD8C): 0
LogDevObjectVersion:   Dev-Core (375EC13C-06E4-48FB-B500-84F0262A717E): 4
LogDevObjectVersion:   Dev-Editor (E4B068ED-F494-42E9-A231-DA0B2E46BB41): 38
LogDevObjectVersion:   Dev-Framework (CFFC743F-43B0-4480-9391-14DF171D2073): 37
LogDevObjectVersion:   Dev-Mobile (B02B49B5-BB20-44E9-A304-32B752E40360): 2
LogDevObjectVersion:   Dev-Networking (A4E4105C-59A1-49B5-A7C5-40C4547EDFEE): 0
LogDevObjectVersion:   Dev-Online (39C831C9-5AE6-47DC-9A44-9C173E1C8E7C): 0
LogDevObjectVersion:   Dev-Physics (78F01B33-EBEA-4F98-B9B4-84EACCB95AA2): 4
LogDevObjectVersion:   Dev-Platform (6631380F-2D4D-43E0-8009-CF276956A95A): 0
LogDevObjectVersion:   Dev-Rendering (12F88B9F-8875-4AFC-A67C-D90C383ABD29): 43
LogDevObjectVersion:   Dev-Sequencer (7B5AE74C-D270-4C10-A958-57980B212A5A): 12
LogDevObjectVersion:   Dev-VR (D7296918-1DD6-4BDD-9DE2-64A83CC13884): 3
LogDevObjectVersion:   Dev-LoadTimes (C2A15278-BFE7-4AFE-6C17-90FF531DF755): 1
LogDevObjectVersion:   Private-Geometry (6EACA3D4-40EC-4CC1-B786-8BED09428FC5): 3
LogDevObjectVersion:   Dev-AnimPhys (29E575DD-E0A3-4627-9D10-D276232CDCEA): 17
LogDevObjectVersion:   Dev-Anim (AF43A65D-7FD3-4947-9873-3E8ED9C1BB05): 7
LogDevObjectVersion:   Dev-ReflectionCapture (6B266CEC-1EC7-4B8F-A30B-E4D90942FC07): 1
LogDevObjectVersion:   Dev-Automation (0DF73D61-A23F-47EA-B727-89E90C41499A): 1
LogDevObjectVersion:   FortniteMain (601D1886-AC64-4F84-AA16-D3DE0DEAC7D6): 31
LogDevObjectVersion:   Dev-Enterprise (9DFFBCD6-494F-0158-E221-12823C92A888): 10
LogDevObjectVersion:   Dev-Niagara (F2AED0AC-9AFE-416F-8664-AA7FFA26D6FC): 1
LogDevObjectVersion:   Dev-Destruction (174F1F0B-B4C6-45A5-B13F-2EE8D0FB917D): 10
LogDevObjectVersion:   Dev-Physics-Ext (35F94A83-E258-406C-A318-09F59610247C): 37
LogDevObjectVersion:   Dev-PhysicsMaterial-Chaos (B68FC16E-8B1B-42E2-B453-215C058844FE): 1
LogDevObjectVersion:   Dev-CineCamera (B2E18506-4273-CFC2-A54E-F4BB758BBA07): 1
LogInit: Presizing for max 25165824 objects, including 0 objects not considered by GC, pre-allocating 0 bytes for permanent pool.
LogConfig: Applying CVar settings from Section [/Script/Engine.StreamingSettings] File [D:/Code/unreal/PlatformerNetworkGame/PlatformerGame/Saved/Config/Windows/Engine.ini]
LogConfig: Setting CVar [[s.MinBulkDataSizeForAsyncLoading:131072]]
LogConfig: Setting CVar [[s.AsyncLoadingThreadEnabled:0]]
LogConfig: Setting CVar [[s.EventDrivenLoaderEnabled:1]]
LogConfig: Setting CVar [[s.WarnIfTimeLimitExceeded:0]]
LogConfig: Setting CVar [[s.TimeLimitExceededMultiplier:1.5]]
LogConfig: Setting CVar [[s.TimeLimitExceededMinTime:0.005]]
LogConfig: Setting CVar [[s.UseBackgroundLevelStreaming:1]]
LogConfig: Setting CVar [[s.PriorityAsyncLoadingExtraTime:15.0]]
LogConfig: Setting CVar [[s.LevelStreamingActorsUpdateTimeLimit:5.0]]
LogConfig: Setting CVar [[s.PriorityLevelStreamingActorsUpdateExtraTime:5.0]]
LogConfig: Setting CVar [[s.LevelStreamingComponentsRegistrationGranularity:10]]
LogConfig: Setting CVar [[s.UnregisterComponentsTimeLimit:1.0]]
LogConfig: Setting CVar [[s.LevelStreamingComponentsUnregistrationGranularity:5]]
LogConfig: Setting CVar [[s.FlushStreamingOnExit:1]]
LogInit: Object subsystem initialized
LogConfig: Setting CVar [[con.DebugEarlyDefault:1]]
LogConfig: Setting CVar [[r.setres:1280x720]]
[2020.10.04-16.21.56:855][  0]LogConfig: Setting CVar [[r.VSync:0]]
[2020.10.04-16.21.56:855][  0]LogConfig: Setting CVar [[r.RHICmdBypass:0]]
[2020.10.04-16.21.56:855][  0]LogConfig: Applying CVar settings from Section [/Script/Engine.RendererSettings] File [D:/Code/unreal/PlatformerNetworkGame/PlatformerGame/Saved/Config/Windows/Engine.ini]
[2020.10.04-16.21.56:855][  0]LogConfig: Setting CVar [[r.GPUCrashDebugging:0]]
[2020.10.04-16.21.56:855][  0]LogConfig: Applying CVar settings from Section [/Script/Engine.RendererOverrideSettings] File [D:/Code/unreal/PlatformerNetworkGame/PlatformerGame/Saved/Config/Windows/Engine.ini]
[2020.10.04-16.21.56:855][  0]LogConfig: Applying CVar settings from Section [/Script/Engine.StreamingSettings] File [D:/Code/unreal/PlatformerNetworkGame/PlatformerGame/Saved/Config/Windows/Engine.ini]
[2020.10.04-16.21.56:855][  0]LogConfig: Setting CVar [[s.MinBulkDataSizeForAsyncLoading:131072]]
[2020.10.04-16.21.56:855][  0]LogConfig: Setting CVar [[s.AsyncLoadingThreadEnabled:0]]
[2020.10.04-16.21.56:855][  0]LogConfig: Setting CVar [[s.EventDrivenLoaderEnabled:1]]
[2020.10.04-16.21.56:855][  0]LogConfig: Setting CVar [[s.WarnIfTimeLimitExceeded:0]]
[2020.10.04-16.21.56:855][  0]LogConfig: Setting CVar [[s.TimeLimitExceededMultiplier:1.5]]
[2020.10.04-16.21.56:855][  0]LogConfig: Setting CVar [[s.TimeLimitExceededMinTime:0.005]]
[2020.10.04-16.21.56:855][  0]LogConfig: Setting CVar [[s.UseBackgroundLevelStreaming:1]]
[2020.10.04-16.21.56:855][  0]LogConfig: Setting CVar [[s.PriorityAsyncLoadingExtraTime:15.0]]
[2020.10.04-16.21.56:855][  0]LogConfig: Setting CVar [[s.LevelStreamingActorsUpdateTimeLimit:5.0]]
[2020.10.04-16.21.56:855][  0]LogConfig: Setting CVar [[s.PriorityLevelStreamingActorsUpdateExtraTime:5.0]]
[2020.10.04-16.21.56:855][  0]LogConfig: Setting CVar [[s.LevelStreamingComponentsRegistrationGranularity:10]]
[2020.10.04-16.21.56:855][  0]LogConfig: Setting CVar [[s.UnregisterComponentsTimeLimit:1.0]]
[2020.10.04-16.21.56:855][  0]LogConfig: Setting CVar [[s.LevelStreamingComponentsUnregistrationGranularity:5]]
[2020.10.04-16.21.56:855][  0]LogConfig: Setting CVar [[s.FlushStreamingOnExit:1]]
[2020.10.04-16.21.56:855][  0]LogConfig: Applying CVar settings from Section [/Script/Engine.GarbageCollectionSettings] File [D:/Code/unreal/PlatformerNetworkGame/PlatformerGame/Saved/Config/Windows/Engine.ini]
[2020.10.04-16.21.56:855][  0]LogConfig: Setting CVar [[gc.MaxObjectsNotConsideredByGC:1]]
[2020.10.04-16.21.56:855][  0]LogConfig: Setting CVar [[gc.SizeOfPermanentObjectPool:0]]
[2020.10.04-16.21.56:855][  0]LogConfig: Setting CVar [[gc.FlushStreamingOnGC:0]]
[2020.10.04-16.21.56:855][  0]LogConfig: Setting CVar [[gc.NumRetriesBeforeForcingGC:10]]
[2020.10.04-16.21.56:855][  0]LogConfig: Setting CVar [[gc.AllowParallelGC:1]]
[2020.10.04-16.21.56:855][  0]LogConfig: Setting CVar [[gc.TimeBetweenPurgingPendingKillObjects:61.1]]
[2020.10.04-16.21.56:855][  0]LogConfig: Setting CVar [[gc.MaxObjectsInEditor:25165824]]
[2020.10.04-16.21.56:855][  0]LogConfig: Setting CVar [[gc.IncrementalBeginDestroyEnabled:1]]
[2020.10.04-16.21.56:855][  0]LogConfig: Setting CVar [[gc.CreateGCClusters:1]]
[2020.10.04-16.21.56:855][  0]LogConfig: Setting CVar [[gc.MinGCClusterSize:5]]
[2020.10.04-16.21.56:855][  0]LogConfig: Setting CVar [[gc.ActorClusteringEnabled:0]]
[2020.10.04-16.21.56:855][  0]LogConfig: Setting CVar [[gc.BlueprintClusteringEnabled:0]]
[2020.10.04-16.21.56:855][  0]LogConfig: Setting CVar [[gc.UseDisregardForGCOnDedicatedServers:0]]
[2020.10.04-16.21.56:855][  0]LogConfig: Applying CVar settings from Section [/Script/Engine.NetworkSettings] File [D:/Code/unreal/PlatformerNetworkGame/PlatformerGame/Saved/Config/Windows/Engine.ini]
[2020.10.04-16.21.56:855][  0]LogConfig: Applying CVar settings from Section [/Script/UnrealEd.CookerSettings] File [D:/Code/unreal/PlatformerNetworkGame/PlatformerGame/Saved/Config/Windows/Engine.ini]
[2020.10.04-16.21.56:859][  0]LogConfig: Applying CVar settings from Section [ViewDistanceQuality@3] File [D:/Code/unreal/PlatformerNetworkGame/PlatformerGame/Saved/Config/Windows/Scalability.ini]
[2020.10.04-16.21.56:859][  0]LogConfig: Setting CVar [[r.SkeletalMeshLODBias:0]]
[2020.10.04-16.21.56:859][  0]LogConfig: Setting CVar [[r.ViewDistanceScale:1.0]]
[2020.10.04-16.21.56:859][  0]LogConfig: Applying CVar settings from Section [AntiAliasingQuality@3] File [D:/Code/unreal/PlatformerNetworkGame/PlatformerGame/Saved/Config/Windows/Scalability.ini]
[2020.10.04-16.21.56:859][  0]LogConfig: Setting CVar [[r.PostProcessAAQuality:4]]
[2020.10.04-16.21.56:859][  0]LogConfig: Applying CVar settings from Section [ShadowQuality@3] File [D:/Code/unreal/PlatformerNetworkGame/PlatformerGame/Saved/Config/Windows/Scalability.ini]
[2020.10.04-16.21.56:860][  0]LogConfig: Setting CVar [[r.LightFunctionQuality:1]]
[2020.10.04-16.21.56:860][  0]LogConfig: Setting CVar [[r.ShadowQuality:5]]
[2020.10.04-16.21.56:860][  0]LogConfig: Setting CVar [[r.Shadow.CSM.MaxCascades:10]]
[2020.10.04-16.21.56:860][  0]LogConfig: Setting CVar [[r.Shadow.MaxResolution:2048]]
[2020.10.04-16.21.56:860][  0]LogConfig: Setting CVar [[r.Shadow.MaxCSMResolution:2048]]
[2020.10.04-16.21.56:860][  0]LogConfig: Setting CVar [[r.Shadow.RadiusThreshold:0.01]]
[2020.10.04-16.21.56:860][  0]LogConfig: Setting CVar [[r.Shadow.DistanceScale:1.0]]
[2020.10.04-16.21.56:860][  0]LogConfig: Setting CVar [[r.Shadow.CSM.TransitionScale:1.0]]
[2020.10.04-16.21.56:860][  0]LogConfig: Setting CVar [[r.Shadow.PreShadowResolutionFactor:1.0]]
[2020.10.04-16.21.56:860][  0]LogConfig: Setting CVar [[r.DistanceFieldShadowing:1]]
[2020.10.04-16.21.56:860][  0]LogConfig: Setting CVar [[r.DistanceFieldAO:1]]
[2020.10.04-16.21.56:860][  0]LogConfig: Setting CVar [[r.AOQuality:2]]
[2020.10.04-16.21.56:860][  0]LogConfig: Setting CVar [[r.VolumetricFog:1]]
[2020.10.04-16.21.56:860][  0]LogConfig: Setting CVar [[r.VolumetricFog.GridPixelSize:8]]
[2020.10.04-16.21.56:860][  0]LogConfig: Setting CVar [[r.VolumetricFog.GridSizeZ:128]]
[2020.10.04-16.21.56:860][  0]LogConfig: Setting CVar [[r.VolumetricFog.HistoryMissSupersampleCount:4]]
[2020.10.04-16.21.56:860][  0]LogConfig: Setting CVar [[r.LightMaxDrawDistanceScale:1]]
[2020.10.04-16.21.56:860][  0]LogConfig: Setting CVar [[r.CapsuleShadows:1]]
[2020.10.04-16.21.56:860][  0]LogConfig: Applying CVar settings from Section [PostProcessQuality@3] File [D:/Code/unreal/PlatformerNetworkGame/PlatformerGame/Saved/Config/Windows/Scalability.ini]
[2020.10.04-16.21.56:860][  0]LogConfig: Setting CVar [[r.MotionBlurQuality:4]]
[2020.10.04-16.21.56:860][  0]LogConfig: Setting CVar [[r.AmbientOcclusionMipLevelFactor:0.4]]
[2020.10.04-16.21.56:860][  0]LogConfig: Setting CVar [[r.AmbientOcclusionMaxQuality:100]]
[2020.10.04-16.21.56:860][  0]LogConfig: Setting CVar [[r.AmbientOcclusionLevels:-1]]
[2020.10.04-16.21.56:860][  0]LogConfig: Setting CVar [[r.AmbientOcclusionRadiusScale:1.0]]
[2020.10.04-16.21.56:860][  0]LogConfig: Setting CVar [[r.DepthOfFieldQuality:2]]
[2020.10.04-16.21.56:860][  0]LogConfig: Setting CVar [[r.RenderTargetPoolMin:400]]
[2020.10.04-16.21.56:860][  0]LogConfig: Setting CVar [[r.LensFlareQuality:2]]
[2020.10.04-16.21.56:860][  0]LogConfig: Setting CVar [[r.SceneColorFringeQuality:1]]
[2020.10.04-16.21.56:860][  0]LogConfig: Setting CVar [[r.EyeAdaptationQuality:2]]
[2020.10.04-16.21.56:860][  0]LogConfig: Setting CVar [[r.BloomQuality:5]]
[2020.10.04-16.21.56:860][  0]LogConfig: Setting CVar [[r.FastBlurThreshold:100]]
[2020.10.04-16.21.56:860][  0]LogConfig: Setting CVar [[r.Upscale.Quality:3]]
[2020.10.04-16.21.56:860][  0]LogConfig: Setting CVar [[r.Tonemapper.GrainQuantization:1]]
[2020.10.04-16.21.56:860][  0]LogConfig: Setting CVar [[r.LightShaftQuality:1]]
[2020.10.04-16.21.56:860][  0]LogConfig: Setting CVar [[r.Filter.SizeScale:1]]
[2020.10.04-16.21.56:860][  0]LogConfig: Setting CVar [[r.Tonemapper.Quality:5]]
[2020.10.04-16.21.56:860][  0]LogConfig: Setting CVar [[r.DOF.Gather.AccumulatorQuality:1        ; higher gathering accumulator quality]]
[2020.10.04-16.21.56:860][  0]LogConfig: Setting CVar [[r.DOF.Gather.PostfilterMethod:1          ; Median3x3 postfilering method]]
[2020.10.04-16.21.56:860][  0]LogConfig: Setting CVar [[r.DOF.Gather.EnableBokehSettings:0       ; no bokeh simulation when gathering]]
[2020.10.04-16.21.56:860][  0]LogConfig: Setting CVar [[r.DOF.Gather.RingCount:4                 ; medium number of samples when gathering]]
[2020.10.04-16.21.56:860][  0]LogConfig: Setting CVar [[r.DOF.Scatter.ForegroundCompositing:1    ; additive foreground scattering]]
[2020.10.04-16.21.56:860][  0]LogConfig: Setting CVar [[r.DOF.Scatter.BackgroundCompositing:2    ; additive background scattering]]
[2020.10.04-16.21.56:860][  0]LogConfig: Setting CVar [[r.DOF.Scatter.EnableBokehSettings:1      ; bokeh simulation when scattering]]
[2020.10.04-16.21.56:860][  0]LogConfig: Setting CVar [[r.DOF.Scatter.MaxSpriteRatio:0.1         ; only a maximum of 10% of scattered bokeh]]
[2020.10.04-16.21.56:860][  0]LogConfig: Setting CVar [[r.DOF.Recombine.Quality:1                ; cheap slight out of focus]]
[2020.10.04-16.21.56:860][  0]LogConfig: Setting CVar [[r.DOF.Recombine.EnableBokehSettings:0    ; no bokeh simulation on slight out of focus]]
[2020.10.04-16.21.56:860][  0]LogConfig: Setting CVar [[r.DOF.TemporalAAQuality:1                ; more stable temporal accumulation]]
[2020.10.04-16.21.56:860][  0]LogConfig: Setting CVar [[r.DOF.Kernel.MaxForegroundRadius:0.025]]
[2020.10.04-16.21.56:860][  0]LogConfig: Setting CVar [[r.DOF.Kernel.MaxBackgroundRadius:0.025]]
[2020.10.04-16.21.56:860][  0]LogConfig: Applying CVar settings from Section [TextureQuality@3] File [D:/Code/unreal/PlatformerNetworkGame/PlatformerGame/Saved/Config/Windows/Scalability.ini]
[2020.10.04-16.21.56:860][  0]LogConfig: Setting CVar [[r.Streaming.MipBias:0]]
[2020.10.04-16.21.56:860][  0]LogConfig: Setting CVar [[r.Streaming.AmortizeCPUToGPUCopy:0]]
[2020.10.04-16.21.56:860][  0]LogConfig: Setting CVar [[r.Streaming.MaxNumTexturesToStreamPerFrame:0]]
[2020.10.04-16.21.56:860][  0]LogConfig: Setting CVar [[r.Streaming.Boost:1]]
[2020.10.04-16.21.56:860][  0]LogConfig: Setting CVar [[r.MaxAnisotropy:8]]
[2020.10.04-16.21.56:860][  0]LogConfig: Setting CVar [[r.VT.MaxAnisotropy:8]]
[2020.10.04-16.21.56:860][  0]LogConfig: Setting CVar [[r.Streaming.LimitPoolSizeToVRAM:0]]
[2020.10.04-16.21.56:860][  0]LogConfig: Setting CVar [[r.Streaming.PoolSize:1000]]
[2020.10.04-16.21.56:860][  0]LogConfig: Setting CVar [[r.Streaming.MaxEffectiveScreenSize:0]]
[2020.10.04-16.21.56:860][  0]LogConfig: Applying CVar settings from Section [EffectsQuality@3] File [D:/Code/unreal/PlatformerNetworkGame/PlatformerGame/Saved/Config/Windows/Scalability.ini]
[2020.10.04-16.21.56:860][  0]LogConfig: Setting CVar [[r.TranslucencyLightingVolumeDim:64]]
[2020.10.04-16.21.56:860][  0]LogConfig: Setting CVar [[r.RefractionQuality:2]]
[2020.10.04-16.21.56:860][  0]LogConfig: Setting CVar [[r.SSR.Quality:3]]
[2020.10.04-16.21.56:860][  0]LogConfig: Setting CVar [[r.SSR.HalfResSceneColor:0]]
[2020.10.04-16.21.56:860][  0]LogConfig: Setting CVar [[r.SceneColorFormat:4]]
[2020.10.04-16.21.56:860][  0]LogConfig: Setting CVar [[r.DetailMode:2]]
[2020.10.04-16.21.56:860][  0]LogConfig: Setting CVar [[r.TranslucencyVolumeBlur:1]]
[2020.10.04-16.21.56:860][  0]LogConfig: Setting CVar [[r.MaterialQualityLevel:1 ; High quality]]
[2020.10.04-16.21.56:860][  0]LogConfig: Setting CVar [[r.SSS.Scale:1]]
[2020.10.04-16.21.56:860][  0]LogConfig: Setting CVar [[r.SSS.SampleSet:2]]
[2020.10.04-16.21.56:860][  0]LogConfig: Setting CVar [[r.SSS.Quality:1]]
[2020.10.04-16.21.56:860][  0]LogConfig: Setting CVar [[r.SSS.HalfRes:0]]
[2020.10.04-16.21.56:860][  0]LogConfig: Setting CVar [[r.SSGI.Quality:3]]
[2020.10.04-16.21.56:860][  0]LogConfig: Setting CVar [[r.EmitterSpawnRateScale:1.0]]
[2020.10.04-16.21.56:860][  0]LogConfig: Setting CVar [[r.ParticleLightQuality:2]]
[2020.10.04-16.21.56:860][  0]LogConfig: Setting CVar [[r.SkyAtmosphere.AerialPerspectiveLUT.FastApplyOnOpaque:1 ; Always have FastSkyLUT 1 in this case to avoid wrong sky]]
[2020.10.04-16.21.56:860][  0]LogConfig: Setting CVar [[r.SkyAtmosphere.AerialPerspectiveLUT.SampleCountPerSlice:1]]
[2020.10.04-16.21.56:860][  0]LogConfig: Setting CVar [[r.SkyAtmosphere.AerialPerspectiveLUT.DepthResolution:16.0]]
[2020.10.04-16.21.56:860][  0]LogConfig: Setting CVar [[r.SkyAtmosphere.FastSkyLUT:1]]
[2020.10.04-16.21.56:860][  0]LogConfig: Setting CVar [[r.SkyAtmosphere.FastSkyLUT.SampleCountMin:4.0]]
[2020.10.04-16.21.56:860][  0]LogConfig: Setting CVar [[r.SkyAtmosphere.FastSkyLUT.SampleCountMax:32.0]]
[2020.10.04-16.21.56:860][  0]LogConfig: Setting CVar [[r.SkyAtmosphere.SampleCountMin:4.0]]
[2020.10.04-16.21.56:860][  0]LogConfig: Setting CVar [[r.SkyAtmosphere.SampleCountMax:32.0]]
[2020.10.04-16.21.56:860][  0]LogConfig: Setting CVar [[r.SkyAtmosphere.TransmittanceLUT.UseSmallFormat:0]]
[2020.10.04-16.21.56:860][  0]LogConfig: Setting CVar [[r.SkyAtmosphere.TransmittanceLUT.SampleCount:10.0]]
[2020.10.04-16.21.56:860][  0]LogConfig: Setting CVar [[r.SkyAtmosphere.MultiScatteringLUT.SampleCount:15.0]]
[2020.10.04-16.21.56:860][  0]LogConfig: Applying CVar settings from Section [FoliageQuality@3] File [D:/Code/unreal/PlatformerNetworkGame/PlatformerGame/Saved/Config/Windows/Scalability.ini]
[2020.10.04-16.21.56:860][  0]LogConfig: Setting CVar [[foliage.DensityScale:1.0]]
[2020.10.04-16.21.56:860][  0]LogConfig: Setting CVar [[grass.DensityScale:1.0]]
[2020.10.04-16.21.56:860][  0]LogConfig: Applying CVar settings from Section [ShadingQuality@3] File [D:/Code/unreal/PlatformerNetworkGame/PlatformerGame/Saved/Config/Windows/Scalability.ini]
[2020.10.04-16.21.56:860][  0]LogConfig: Setting CVar [[r.HairStrands.SkyLighting.SampleCount:16]]
[2020.10.04-16.21.56:860][  0]LogConfig: Setting CVar [[r.HairStrands.SkyLighting.JitterIntegration:0]]
[2020.10.04-16.21.56:860][  0]LogConfig: Setting CVar [[r.HairStrands.SkyAO.SampleCount:16]]
[2020.10.04-16.21.56:860][  0]LogConfig: Setting CVar [[r.HairStrands.DeepShadow.SuperSampling:0]]
[2020.10.04-16.21.56:860][  0]LogConfig: Setting CVar [[r.HairStrands.VisibilityPPLL:0]]
[2020.10.04-16.21.56:860][  0]LogConfig: Setting CVar [[r.HairStrands.RasterizationScale:0.5]]
[2020.10.04-16.21.56:860][  0]LogConfig: Setting CVar [[r.HairStrands.VelocityRasterizationScale:1]]
[2020.10.04-16.21.56:861][  0]LogInit: Selected Device Profile: [Windows]
[2020.10.04-16.21.56:861][  0]LogInit: Applying CVar settings loaded from the selected device profile: [Windows]
[2020.10.04-16.21.56:861][  0]LogHAL: Display: Platform has ~ 32 GB [34186383360 / 34359738368 / 32], which maps to Largest [LargestMinGB=32, LargerMinGB=12, DefaultMinGB=8, SmallerMinGB=6, SmallestMinGB=0)
[2020.10.04-16.21.56:861][  0]LogInit: Going up to parent DeviceProfile []
[2020.10.04-16.21.56:861][  0]LogConfig: Applying CVar settings from Section [ViewDistanceQuality@3] File [D:/Code/unreal/PlatformerNetworkGame/PlatformerGame/Saved/Config/Windows/Scalability.ini]
[2020.10.04-16.21.56:861][  0]LogConfig: Setting CVar [[r.SkeletalMeshLODBias:0]]
[2020.10.04-16.21.56:861][  0]LogConfig: Setting CVar [[r.ViewDistanceScale:1.0]]
[2020.10.04-16.21.56:861][  0]LogConfig: Applying CVar settings from Section [AntiAliasingQuality@3] File [D:/Code/unreal/PlatformerNetworkGame/PlatformerGame/Saved/Config/Windows/Scalability.ini]
[2020.10.04-16.21.56:861][  0]LogConfig: Setting CVar [[r.PostProcessAAQuality:4]]
[2020.10.04-16.21.56:861][  0]LogConfig: Applying CVar settings from Section [ShadowQuality@3] File [D:/Code/unreal/PlatformerNetworkGame/PlatformerGame/Saved/Config/Windows/Scalability.ini]
[2020.10.04-16.21.56:862][  0]LogConfig: Setting CVar [[r.LightFunctionQuality:1]]
[2020.10.04-16.21.56:862][  0]LogConfig: Setting CVar [[r.ShadowQuality:5]]
[2020.10.04-16.21.56:862][  0]LogConfig: Setting CVar [[r.Shadow.CSM.MaxCascades:10]]
[2020.10.04-16.21.56:862][  0]LogConfig: Setting CVar [[r.Shadow.MaxResolution:2048]]
[2020.10.04-16.21.56:862][  0]LogConfig: Setting CVar [[r.Shadow.MaxCSMResolution:2048]]
[2020.10.04-16.21.56:862][  0]LogConfig: Setting CVar [[r.Shadow.RadiusThreshold:0.01]]
[2020.10.04-16.21.56:862][  0]LogConfig: Setting CVar [[r.Shadow.DistanceScale:1.0]]
[2020.10.04-16.21.56:862][  0]LogConfig: Setting CVar [[r.Shadow.CSM.TransitionScale:1.0]]
[2020.10.04-16.21.56:862][  0]LogConfig: Setting CVar [[r.Shadow.PreShadowResolutionFactor:1.0]]
[2020.10.04-16.21.56:862][  0]LogConfig: Setting CVar [[r.DistanceFieldShadowing:1]]
[2020.10.04-16.21.56:862][  0]LogConfig: Setting CVar [[r.DistanceFieldAO:1]]
[2020.10.04-16.21.56:862][  0]LogConfig: Setting CVar [[r.AOQuality:2]]
[2020.10.04-16.21.56:862][  0]LogConfig: Setting CVar [[r.VolumetricFog:1]]
[2020.10.04-16.21.56:862][  0]LogConfig: Setting CVar [[r.VolumetricFog.GridPixelSize:8]]
[2020.10.04-16.21.56:862][  0]LogConfig: Setting CVar [[r.VolumetricFog.GridSizeZ:128]]
[2020.10.04-16.21.56:862][  0]LogConfig: Setting CVar [[r.VolumetricFog.HistoryMissSupersampleCount:4]]
[2020.10.04-16.21.56:862][  0]LogConfig: Setting CVar [[r.LightMaxDrawDistanceScale:1]]
[2020.10.04-16.21.56:862][  0]LogConfig: Setting CVar [[r.CapsuleShadows:1]]
[2020.10.04-16.21.56:862][  0]LogConfig: Applying CVar settings from Section [PostProcessQuality@3] File [D:/Code/unreal/PlatformerNetworkGame/PlatformerGame/Saved/Config/Windows/Scalability.ini]
[2020.10.04-16.21.56:862][  0]LogConfig: Setting CVar [[r.MotionBlurQuality:4]]
[2020.10.04-16.21.56:862][  0]LogConfig: Setting CVar [[r.AmbientOcclusionMipLevelFactor:0.4]]
[2020.10.04-16.21.56:862][  0]LogConfig: Setting CVar [[r.AmbientOcclusionMaxQuality:100]]
[2020.10.04-16.21.56:862][  0]LogConfig: Setting CVar [[r.AmbientOcclusionLevels:-1]]
[2020.10.04-16.21.56:862][  0]LogConfig: Setting CVar [[r.AmbientOcclusionRadiusScale:1.0]]
[2020.10.04-16.21.56:862][  0]LogConfig: Setting CVar [[r.DepthOfFieldQuality:2]]
[2020.10.04-16.21.56:862][  0]LogConfig: Setting CVar [[r.RenderTargetPoolMin:400]]
[2020.10.04-16.21.56:862][  0]LogConfig: Setting CVar [[r.LensFlareQuality:2]]
[2020.10.04-16.21.56:862][  0]LogConfig: Setting CVar [[r.SceneColorFringeQuality:1]]
[2020.10.04-16.21.56:862][  0]LogConfig: Setting CVar [[r.EyeAdaptationQuality:2]]
[2020.10.04-16.21.56:862][  0]LogConfig: Setting CVar [[r.BloomQuality:5]]
[2020.10.04-16.21.56:862][  0]LogConfig: Setting CVar [[r.FastBlurThreshold:100]]
[2020.10.04-16.21.56:862][  0]LogConfig: Setting CVar [[r.Upscale.Quality:3]]
[2020.10.04-16.21.56:862][  0]LogConfig: Setting CVar [[r.Tonemapper.GrainQuantization:1]]
[2020.10.04-16.21.56:862][  0]LogConfig: Setting CVar [[r.LightShaftQuality:1]]
[2020.10.04-16.21.56:862][  0]LogConfig: Setting CVar [[r.Filter.SizeScale:1]]
[2020.10.04-16.21.56:862][  0]LogConfig: Setting CVar [[r.Tonemapper.Quality:5]]
[2020.10.04-16.21.56:862][  0]LogConfig: Setting CVar [[r.DOF.Gather.AccumulatorQuality:1        ; higher gathering accumulator quality]]
[2020.10.04-16.21.56:862][  0]LogConfig: Setting CVar [[r.DOF.Gather.PostfilterMethod:1          ; Median3x3 postfilering method]]
[2020.10.04-16.21.56:862][  0]LogConfig: Setting CVar [[r.DOF.Gather.EnableBokehSettings:0       ; no bokeh simulation when gathering]]
[2020.10.04-16.21.56:862][  0]LogConfig: Setting CVar [[r.DOF.Gather.RingCount:4                 ; medium number of samples when gathering]]
[2020.10.04-16.21.56:862][  0]LogConfig: Setting CVar [[r.DOF.Scatter.ForegroundCompositing:1    ; additive foreground scattering]]
[2020.10.04-16.21.56:862][  0]LogConfig: Setting CVar [[r.DOF.Scatter.BackgroundCompositing:2    ; additive background scattering]]
[2020.10.04-16.21.56:862][  0]LogConfig: Setting CVar [[r.DOF.Scatter.EnableBokehSettings:1      ; bokeh simulation when scattering]]
[2020.10.04-16.21.56:862][  0]LogConfig: Setting CVar [[r.DOF.Scatter.MaxSpriteRatio:0.1         ; only a maximum of 10% of scattered bokeh]]
[2020.10.04-16.21.56:862][  0]LogConfig: Setting CVar [[r.DOF.Recombine.Quality:1                ; cheap slight out of focus]]
[2020.10.04-16.21.56:862][  0]LogConfig: Setting CVar [[r.DOF.Recombine.EnableBokehSettings:0    ; no bokeh simulation on slight out of focus]]
[2020.10.04-16.21.56:862][  0]LogConfig: Setting CVar [[r.DOF.TemporalAAQuality:1                ; more stable temporal accumulation]]
[2020.10.04-16.21.56:862][  0]LogConfig: Setting CVar [[r.DOF.Kernel.MaxForegroundRadius:0.025]]
[2020.10.04-16.21.56:862][  0]LogConfig: Setting CVar [[r.DOF.Kernel.MaxBackgroundRadius:0.025]]
[2020.10.04-16.21.56:862][  0]LogConfig: Applying CVar settings from Section [TextureQuality@3] File [D:/Code/unreal/PlatformerNetworkGame/PlatformerGame/Saved/Config/Windows/Scalability.ini]
[2020.10.04-16.21.56:862][  0]LogConfig: Setting CVar [[r.Streaming.MipBias:0]]
[2020.10.04-16.21.56:862][  0]LogConfig: Setting CVar [[r.Streaming.AmortizeCPUToGPUCopy:0]]
[2020.10.04-16.21.56:862][  0]LogConfig: Setting CVar [[r.Streaming.MaxNumTexturesToStreamPerFrame:0]]
[2020.10.04-16.21.56:862][  0]LogConfig: Setting CVar [[r.Streaming.Boost:1]]
[2020.10.04-16.21.56:862][  0]LogConfig: Setting CVar [[r.MaxAnisotropy:8]]
[2020.10.04-16.21.56:862][  0]LogConfig: Setting CVar [[r.VT.MaxAnisotropy:8]]
[2020.10.04-16.21.56:862][  0]LogConfig: Setting CVar [[r.Streaming.LimitPoolSizeToVRAM:0]]
[2020.10.04-16.21.56:862][  0]LogConfig: Setting CVar [[r.Streaming.PoolSize:1000]]
[2020.10.04-16.21.56:862][  0]LogConfig: Setting CVar [[r.Streaming.MaxEffectiveScreenSize:0]]
[2020.10.04-16.21.56:862][  0]LogConfig: Applying CVar settings from Section [EffectsQuality@3] File [D:/Code/unreal/PlatformerNetworkGame/PlatformerGame/Saved/Config/Windows/Scalability.ini]
[2020.10.04-16.21.56:862][  0]LogConfig: Setting CVar [[r.TranslucencyLightingVolumeDim:64]]
[2020.10.04-16.21.56:862][  0]LogConfig: Setting CVar [[r.RefractionQuality:2]]
[2020.10.04-16.21.56:862][  0]LogConfig: Setting CVar [[r.SSR.Quality:3]]
[2020.10.04-16.21.56:862][  0]LogConfig: Setting CVar [[r.SSR.HalfResSceneColor:0]]
[2020.10.04-16.21.56:862][  0]LogConfig: Setting CVar [[r.SceneColorFormat:4]]
[2020.10.04-16.21.56:862][  0]LogConfig: Setting CVar [[r.DetailMode:2]]
[2020.10.04-16.21.56:862][  0]LogConfig: Setting CVar [[r.TranslucencyVolumeBlur:1]]
[2020.10.04-16.21.56:862][  0]LogConfig: Setting CVar [[r.MaterialQualityLevel:1 ; High quality]]
[2020.10.04-16.21.56:862][  0]LogConfig: Setting CVar [[r.SSS.Scale:1]]
[2020.10.04-16.21.56:862][  0]LogConfig: Setting CVar [[r.SSS.SampleSet:2]]
[2020.10.04-16.21.56:862][  0]LogConfig: Setting CVar [[r.SSS.Quality:1]]
[2020.10.04-16.21.56:862][  0]LogConfig: Setting CVar [[r.SSS.HalfRes:0]]
[2020.10.04-16.21.56:862][  0]LogConfig: Setting CVar [[r.SSGI.Quality:3]]
[2020.10.04-16.21.56:862][  0]LogConfig: Setting CVar [[r.EmitterSpawnRateScale:1.0]]
[2020.10.04-16.21.56:862][  0]LogConfig: Setting CVar [[r.ParticleLightQuality:2]]
[2020.10.04-16.21.56:862][  0]LogConfig: Setting CVar [[r.SkyAtmosphere.AerialPerspectiveLUT.FastApplyOnOpaque:1 ; Always have FastSkyLUT 1 in this case to avoid wrong sky]]
[2020.10.04-16.21.56:862][  0]LogConfig: Setting CVar [[r.SkyAtmosphere.AerialPerspectiveLUT.SampleCountPerSlice:1]]
[2020.10.04-16.21.56:862][  0]LogConfig: Setting CVar [[r.SkyAtmosphere.AerialPerspectiveLUT.DepthResolution:16.0]]
[2020.10.04-16.21.56:862][  0]LogConfig: Setting CVar [[r.SkyAtmosphere.FastSkyLUT:1]]
[2020.10.04-16.21.56:862][  0]LogConfig: Setting CVar [[r.SkyAtmosphere.FastSkyLUT.SampleCountMin:4.0]]
[2020.10.04-16.21.56:862][  0]LogConfig: Setting CVar [[r.SkyAtmosphere.FastSkyLUT.SampleCountMax:32.0]]
[2020.10.04-16.21.56:862][  0]LogConfig: Setting CVar [[r.SkyAtmosphere.SampleCountMin:4.0]]
[2020.10.04-16.21.56:862][  0]LogConfig: Setting CVar [[r.SkyAtmosphere.SampleCountMax:32.0]]
[2020.10.04-16.21.56:863][  0]LogConfig: Setting CVar [[r.SkyAtmosphere.TransmittanceLUT.UseSmallFormat:0]]
[2020.10.04-16.21.56:863][  0]LogConfig: Setting CVar [[r.SkyAtmosphere.TransmittanceLUT.SampleCount:10.0]]
[2020.10.04-16.21.56:863][  0]LogConfig: Setting CVar [[r.SkyAtmosphere.MultiScatteringLUT.SampleCount:15.0]]
[2020.10.04-16.21.56:863][  0]LogConfig: Applying CVar settings from Section [FoliageQuality@3] File [D:/Code/unreal/PlatformerNetworkGame/PlatformerGame/Saved/Config/Windows/Scalability.ini]
[2020.10.04-16.21.56:863][  0]LogConfig: Setting CVar [[foliage.DensityScale:1.0]]
[2020.10.04-16.21.56:863][  0]LogConfig: Setting CVar [[grass.DensityScale:1.0]]
[2020.10.04-16.21.56:863][  0]LogConfig: Applying CVar settings from Section [ShadingQuality@3] File [D:/Code/unreal/PlatformerNetworkGame/PlatformerGame/Saved/Config/Windows/Scalability.ini]
[2020.10.04-16.21.56:863][  0]LogConfig: Setting CVar [[r.HairStrands.SkyLighting.SampleCount:16]]
[2020.10.04-16.21.56:863][  0]LogConfig: Setting CVar [[r.HairStrands.SkyLighting.JitterIntegration:0]]
[2020.10.04-16.21.56:863][  0]LogConfig: Setting CVar [[r.HairStrands.SkyAO.SampleCount:16]]
[2020.10.04-16.21.56:863][  0]LogConfig: Setting CVar [[r.HairStrands.DeepShadow.SuperSampling:0]]
[2020.10.04-16.21.56:863][  0]LogConfig: Setting CVar [[r.HairStrands.VisibilityPPLL:0]]
[2020.10.04-16.21.56:863][  0]LogConfig: Setting CVar [[r.HairStrands.RasterizationScale:0.5]]
[2020.10.04-16.21.56:863][  0]LogConfig: Setting CVar [[r.HairStrands.VelocityRasterizationScale:1]]
[2020.10.04-16.21.56:863][  0]LogConfig: Applying CVar settings from Section [Startup] File [../../../Engine/Config/ConsoleVariables.ini]
[2020.10.04-16.21.56:868][  0]LogConfig: Setting CVar [[net.UseAdaptiveNetUpdateFrequency:0]]
[2020.10.04-16.21.56:868][  0]LogConfig: Setting CVar [[p.chaos.AllowCreatePhysxBodies:1]]
[2020.10.04-16.21.56:868][  0]LogConfig: Setting CVar [[fx.SkipVectorVMBackendOptimizations:1]]
[2020.10.04-16.21.56:868][  0]LogConfig: Applying CVar settings from Section [ConsoleVariables] File [D:/Code/unreal/PlatformerNetworkGame/PlatformerGame/Saved/Config/Windows/Engine.ini]
[2020.10.04-16.21.56:869][  0]LogInit: Computer: DESKTOP-G0SN44A
[2020.10.04-16.21.56:869][  0]LogInit: User: piang
[2020.10.04-16.21.56:869][  0]LogInit: CPU Page size=4096, Cores=8
[2020.10.04-16.21.56:869][  0]LogInit: High frequency timer resolution =10.000000 MHz
[2020.10.04-16.21.56:869][  0]LogMemory: Memory total: Physical=31.8GB (32GB approx)
[2020.10.04-16.21.56:869][  0]LogMemory: Platform Memory Stats for Windows
[2020.10.04-16.21.56:869][  0]LogMemory: Process Physical Memory: 117.22 MB used, 117.22 MB peak
[2020.10.04-16.21.56:869][  0]LogMemory: Process Virtual Memory: 98.30 MB used, 98.30 MB peak
[2020.10.04-16.21.56:869][  0]LogMemory: Physical Memory: 10677.29 MB used,  21925.39 MB free, 32602.68 MB total
[2020.10.04-16.21.56:869][  0]LogMemory: Virtual Memory: 5187.76 MB used,  134212544.00 MB free, 134217728.00 MB total
[2020.10.04-16.21.56:876][  0]LogWindows: WindowsPlatformFeatures enabled
[2020.10.04-16.21.57:133][  0]LogInit: Physics initialised using underlying interface: PhysX
[2020.10.04-16.21.57:137][  0]LogInit: Using OS detected language (zh-CN).
[2020.10.04-16.21.57:137][  0]LogInit: Using OS detected locale (zh-CN).
[2020.10.04-16.21.57:147][  0]LogTextLocalizationManager: No specific localization for 'zh-CN' exists, so the 'zh-Hans' localization will be used.
[2020.10.04-16.21.57:366][  0]LogTextLocalizationResource: LocRes '../../../Engine/Content/Localization/Editor/zh/Editor.locres' could not be opened for reading!
[2020.10.04-16.21.57:366][  0]LogTextLocalizationResource: LocRes '../../../Engine/Content/Localization/EditorTutorials/zh/EditorTutorials.locres' could not be opened for reading!
[2020.10.04-16.21.57:366][  0]LogTextLocalizationResource: LocRes '../../../Engine/Content/Localization/Keywords/zh/Keywords.locres' could not be opened for reading!
[2020.10.04-16.21.57:366][  0]LogTextLocalizationResource: LocRes '../../../Engine/Content/Localization/Category/zh/Category.locres' could not be opened for reading!
[2020.10.04-16.21.57:366][  0]LogTextLocalizationResource: LocRes '../../../Engine/Content/Localization/ToolTips/zh/ToolTips.locres' could not be opened for reading!
[2020.10.04-16.21.57:367][  0]LogTextLocalizationResource: LocRes '../../../Engine/Content/Localization/PropertyNames/zh/PropertyNames.locres' could not be opened for reading!
[2020.10.04-16.21.57:367][  0]LogTextLocalizationResource: LocRes '../../../Engine/Content/Localization/Engine/zh/Engine.locres' could not be opened for reading!
[2020.10.04-16.21.57:367][  0]LogTextLocalizationResource: LocRes '../../../Engine/Plugins/Online/Android/OnlineSubsystemGooglePlay/Content/Localization/OnlineSubsystemGooglePlay/zh/OnlineSubsystemGooglePlay.locres' could not be opened for reading!
[2020.10.04-16.21.57:367][  0]LogTextLocalizationResource: LocRes '../../../Engine/Plugins/Online/IOS/OnlineSubsystemIOS/Content/Localization/OnlineSubsystemIOS/zh/OnlineSubsystemIOS.locres' could not be opened for reading!
[2020.10.04-16.21.57:367][  0]LogTextLocalizationResource: LocRes '../../../Engine/Plugins/Online/OnlineSubsystem/Content/Localization/OnlineSubsystem/zh/OnlineSubsystem.locres' could not be opened for reading!
[2020.10.04-16.21.57:367][  0]LogTextLocalizationResource: LocRes '../../../Engine/Plugins/Online/OnlineSubsystemUtils/Content/Localization/OnlineSubsystemUtils/zh/OnlineSubsystemUtils.locres' could not be opened for reading!
[2020.10.04-16.21.57:418][  0]LogInit: Setting process to per monitor DPI aware
[2020.10.04-16.21.57:519][  0]LogSlate: New Slate User Created.  User Index 0, Is Virtual User: 0
[2020.10.04-16.21.57:520][  0]LogSlate: Slate User Registered.  User Index 0, Is Virtual User: 0
[2020.10.04-16.22.00:416][  0]LogHMD: Failed to initialize OpenVR with code 110
[2020.10.04-16.22.00:416][  0]LogD3D11RHI: D3D11 min allowed feature level: 11_0
[2020.10.04-16.22.00:416][  0]LogD3D11RHI: D3D11 max allowed feature level: 11_0
[2020.10.04-16.22.00:416][  0]LogD3D11RHI: D3D11 adapters:
[2020.10.04-16.22.00:603][  0]LogD3D11RHI:    0. 'NVIDIA GeForce RTX 2080 Super with Max-Q Design' (Feature Level 11_0)
[2020.10.04-16.22.00:603][  0]LogD3D11RHI:       8010/0/16301 MB DedicatedVideo/DedicatedSystem/SharedSystem, Outputs:1, VendorId:0x10de
[2020.10.04-16.22.00:632][  0]LogD3D11RHI:    1. 'Intel(R) UHD Graphics' (Feature Level 11_0)
[2020.10.04-16.22.00:632][  0]LogD3D11RHI:       128/0/16301 MB DedicatedVideo/DedicatedSystem/SharedSystem, Outputs:0, VendorId:0x8086
[2020.10.04-16.22.00:634][  0]LogD3D11RHI:    2. 'Microsoft Basic Render Driver' (Feature Level 11_0)
[2020.10.04-16.22.00:634][  0]LogD3D11RHI:       0/0/16301 MB DedicatedVideo/DedicatedSystem/SharedSystem, Outputs:0, VendorId:0x1414
[2020.10.04-16.22.00:634][  0]LogD3D11RHI: Chosen D3D11 Adapter: 0
[2020.10.04-16.22.00:646][  0]LogD3D11RHI: Creating new Direct3DDevice
[2020.10.04-16.22.00:646][  0]LogD3D11RHI:     GPU DeviceId: 0x1ed3 (for the marketing name, search the web for "GPU Device Id")
[2020.10.04-16.22.00:646][  0]LogWindows: EnumDisplayDevices:
[2020.10.04-16.22.00:646][  0]LogWindows:    0. 'Intel(R) UHD Graphics' (P:1 D:1)
[2020.10.04-16.22.00:647][  0]LogWindows:    1. 'Intel(R) UHD Graphics' (P:0 D:0)
[2020.10.04-16.22.00:647][  0]LogWindows:    2. 'Intel(R) UHD Graphics' (P:0 D:0)
[2020.10.04-16.22.00:648][  0]LogWindows:    3. 'NVIDIA GeForce RTX 2080 Super with Max-Q Design' (P:0 D:0)
[2020.10.04-16.22.00:648][  0]LogWindows:    4. 'NVIDIA GeForce RTX 2080 Super with Max-Q Design' (P:0 D:0)
[2020.10.04-16.22.00:649][  0]LogWindows:    5. 'NVIDIA GeForce RTX 2080 Super with Max-Q Design' (P:0 D:0)
[2020.10.04-16.22.00:650][  0]LogWindows:    6. 'NVIDIA GeForce RTX 2080 Super with Max-Q Design' (P:0 D:0)
[2020.10.04-16.22.00:650][  0]LogWindows: DebugString: PrimaryIsNotTheChoosenAdapter PrimaryIsNotTheChoosenAdapter PrimaryIsNotTheChoosenAdapter FoundDriverCount:4 
[2020.10.04-16.22.00:650][  0]LogD3D11RHI:     Adapter Name: NVIDIA GeForce RTX 2080 Super with Max-Q Design
[2020.10.04-16.22.00:650][  0]LogD3D11RHI:   Driver Version: 451.91 (internal:27.21.14.5191, unified:451.91)
[2020.10.04-16.22.00:650][  0]LogD3D11RHI:      Driver Date: 8-2-2020
[2020.10.04-16.22.00:650][  0]LogRHI: Texture pool is 5607 MB (70% of 8010 MB)
[2020.10.04-16.22.00:710][  0]LogD3D11RHI: RHI has support for 64 bit atomics
[2020.10.04-16.22.00:715][  0]LogD3D11RHI: [Aftermath] Enabled and primed
[2020.10.04-16.22.00:715][  0]LogD3D11RHI: Async texture creation enabled
[2020.10.04-16.22.00:715][  0]LogD3D11RHI: Array index from any shader is supported
[2020.10.04-16.22.00:756][  0]LogD3D11RHI: GPU Timing Frequency: 1000.000000 (Debug: 2 1)
[2020.10.04-16.22.01:032][  0]LogTargetPlatformManager: Display: Loaded TargetPlatform 'AllDesktop'
[2020.10.04-16.22.01:062][  0]LogTargetPlatformManager: Display: Loaded TargetPlatform 'Android'
[2020.10.04-16.22.01:062][  0]LogTargetPlatformManager: Display: Loaded TargetPlatform 'Android_ASTC'
[2020.10.04-16.22.01:062][  0]LogTargetPlatformManager: Display: Loaded TargetPlatform 'Android_DXT'
[2020.10.04-16.22.01:062][  0]LogTargetPlatformManager: Display: Loaded TargetPlatform 'Android_ETC2'
[2020.10.04-16.22.01:062][  0]LogTargetPlatformManager: Display: Loaded TargetPlatform 'AndroidClient'
[2020.10.04-16.22.01:062][  0]LogTargetPlatformManager: Display: Loaded TargetPlatform 'Android_ASTCClient'
[2020.10.04-16.22.01:062][  0]LogTargetPlatformManager: Display: Loaded TargetPlatform 'Android_DXTClient'
[2020.10.04-16.22.01:062][  0]LogTargetPlatformManager: Display: Loaded TargetPlatform 'Android_ETC2Client'
[2020.10.04-16.22.01:062][  0]LogTargetPlatformManager: Display: Loaded TargetPlatform 'Android_Multi'
[2020.10.04-16.22.01:062][  0]LogTargetPlatformManager: Display: Loaded TargetPlatform 'Android_MultiClient'
[2020.10.04-16.22.01:125][  0]LogTargetPlatformManager: Display: Loaded TargetPlatform 'IOSClient'
[2020.10.04-16.22.01:125][  0]LogTargetPlatformManager: Display: Loaded TargetPlatform 'IOS'
[2020.10.04-16.22.01:153][  0]LogTargetPlatformManager: Display: Loaded TargetPlatform 'Linux'
[2020.10.04-16.22.01:172][  0]LogTargetPlatformManager: Display: Loaded TargetPlatform 'LinuxNoEditor'
[2020.10.04-16.22.01:191][  0]LogTargetPlatformManager: Display: Loaded TargetPlatform 'LinuxClient'
[2020.10.04-16.22.01:212][  0]LogTargetPlatformManager: Display: Loaded TargetPlatform 'LinuxServer'
[2020.10.04-16.22.01:234][  0]LogTargetPlatformManager: Display: Loaded TargetPlatform 'LinuxAArch64NoEditor'
[2020.10.04-16.22.01:256][  0]LogTargetPlatformManager: Display: Loaded TargetPlatform 'LinuxAArch64Client'
[2020.10.04-16.22.01:278][  0]LogTargetPlatformManager: Display: Loaded TargetPlatform 'LinuxAArch64Server'
[2020.10.04-16.22.01:317][  0]LogTargetPlatformManager: Display: Loaded TargetPlatform 'Lumin'
[2020.10.04-16.22.01:317][  0]LogTargetPlatformManager: Display: Loaded TargetPlatform 'LuminClient'
[2020.10.04-16.22.01:340][  0]LogTargetPlatformManager: Display: Loaded TargetPlatform 'TVOSClient'
[2020.10.04-16.22.01:340][  0]LogTargetPlatformManager: Display: Loaded TargetPlatform 'TVOS'
[2020.10.04-16.22.01:363][  0]LogTargetPlatformManager: Display: Loaded TargetPlatform 'WindowsNoEditor'
[2020.10.04-16.22.01:383][  0]LogTargetPlatformManager: Display: Loaded TargetPlatform 'Windows'
[2020.10.04-16.22.01:403][  0]LogTargetPlatformManager: Display: Loaded TargetPlatform 'WindowsClient'
[2020.10.04-16.22.01:422][  0]LogTargetPlatformManager: Display: Loaded TargetPlatform 'WindowsServer'
[2020.10.04-16.22.01:422][  0]LogTargetPlatformManager: Display: Building Assets For Windows
[2020.10.04-16.22.01:484][  0]LogAudioDebug: Display: Lib vorbis DLL was dynamically loaded.
[2020.10.04-16.22.01:790][  0]LogShaderCompilers: Guid format shader working directory is -21 characters bigger than the processId version (../../../../../../Code/unreal/PlatformerNetworkGame/PlatformerGame/Intermediate/Shaders/WorkingDirectory/11084/).
[2020.10.04-16.22.01:790][  0]LogShaderCompilers: Cleaned the shader compiler working directory 'C:/Users/piang/AppData/Local/Temp/UnrealShaderWorkingDir/318CABF642A15733AB6507AFE69A8D93/'.
[2020.10.04-16.22.01:790][  0]LogXGEController: Cleaning working directory: C:/Users/piang/AppData/Local/Temp/UnrealXGEWorkingDir/
[2020.10.04-16.22.01:791][  0]LogXGEController: Cannot use XGE Controller as Incredibuild is not installed on this machine.
[2020.10.04-16.22.01:791][  0]LogShaderCompilers: Cannot use XGE Shader Compiler as Incredibuild is not installed on this machine.
[2020.10.04-16.22.01:791][  0]LogShaderCompilers: Display: Using Local Shader Compiler.
[2020.10.04-16.22.04:670][  0]LogDerivedDataCache: Display: Max Cache Size: 512 MB
[2020.10.04-16.22.04:744][  0]LogDerivedDataCache: Loaded boot cache 0.07s 75MB C:/Users/piang/AppData/Local/UnrealEngine/4.25/DerivedDataCache/Boot.ddc.
[2020.10.04-16.22.04:744][  0]LogDerivedDataCache: Display: Loaded Boot cache: C:/Users/piang/AppData/Local/UnrealEngine/4.25/DerivedDataCache/Boot.ddc
[2020.10.04-16.22.04:745][  0]LogDerivedDataCache: FDerivedDataBackendGraph:  Pak pak cache file ../../../../../../Code/unreal/PlatformerNetworkGame/PlatformerGame/DerivedDataCache/DDC.ddp not found, will not use a pak cache.
[2020.10.04-16.22.04:745][  0]LogDerivedDataCache: Unable to find inner node Pak for hierarchical cache Hierarchy.
[2020.10.04-16.22.04:745][  0]LogDerivedDataCache: FDerivedDataBackendGraph:  CompressedPak pak cache file ../../../../../../Code/unreal/PlatformerNetworkGame/PlatformerGame/DerivedDataCache/Compressed.ddp not found, will not use a pak cache.
[2020.10.04-16.22.04:745][  0]LogDerivedDataCache: Unable to find inner node CompressedPak for hierarchical cache Hierarchy.
[2020.10.04-16.22.04:761][  0]LogDerivedDataCache: Display: Pak cache opened for reading ../../../Engine/DerivedDataCache/Compressed.ddp.
[2020.10.04-16.22.04:761][  0]LogDerivedDataCache: FDerivedDataBackendGraph:  EnterprisePak pak cache file ../../../Enterprise/DerivedDataCache/Compressed.ddp not found, will not use a pak cache.
[2020.10.04-16.22.04:761][  0]LogDerivedDataCache: Unable to find inner node EnterprisePak for hierarchical cache Hierarchy.
[2020.10.04-16.22.04:763][  0]LogDerivedDataCache: Using Local data cache path C:/Users/piang/AppData/Local/UnrealEngine/Common/DerivedDataCache: Writable
[2020.10.04-16.22.04:763][  0]LogDerivedDataCache: Shared data cache path not found in *engine.ini, will not use an Shared cache.
[2020.10.04-16.22.04:763][  0]LogDerivedDataCache: Unable to find inner node Shared for hierarchical cache Hierarchy.
[2020.10.04-16.22.04:811][  0]LogSlate: Using FreeType 2.10.0
[2020.10.04-16.22.04:823][  0]LogSlate: SlateFontServices - WITH_FREETYPE: 1, WITH_HARFBUZZ: 1
[2020.10.04-16.22.05:066][  0]LogAssetRegistry: FAssetRegistry took 0.0033 seconds to start up
[2020.10.04-16.22.05:313][  0]LogInit: Selected Device Profile: [Windows]
[2020.10.04-16.22.05:676][  0]LogMeshReduction: Using QuadricMeshReduction for automatic static mesh reduction
[2020.10.04-16.22.05:676][  0]LogMeshReduction: Using SimplygonMeshReduction for automatic skeletal mesh reduction
[2020.10.04-16.22.05:676][  0]LogMeshReduction: Using ProxyLODMeshReduction for automatic mesh merging
[2020.10.04-16.22.05:676][  0]LogMeshReduction: No distributed automatic mesh merging module available
[2020.10.04-16.22.05:677][  0]LogMeshMerging: No distributed automatic mesh merging module available
[2020.10.04-16.22.05:739][  0]LogNetVersion: PlatformerGame 1.0.0, NetCL: 13144385, EngineNetVer: 14, GameNetVer: 0 (Checksum: 4080283272)
[2020.10.04-16.22.08:817][  0]LogAISub: UAISubsystem::UAISubsystem AISubsystem (0000014655BD6940), frame # 0
[2020.10.04-16.22.08:818][  0]LogAISub: UAISubsystem::UAISubsystem AIPerceptionSystem (0000014655A92AC0), frame # 0
[2020.10.04-16.22.08:821][  0]LogAISub: UAISubsystem::UAISubsystem EnvQueryManager (0000014655ACDC00), frame # 0
[2020.10.04-16.22.08:973][  0]LogPackageLocalizationCache: Processed 19 localized package path(s) for 2 prioritized culture(s) in 0.125293 seconds
[2020.10.04-16.22.08:979][  0]LogUObjectArray: 15917 objects as part of root set at end of initial load.
[2020.10.04-16.22.08:979][  0]LogUObjectAllocator: 3965568 out of 0 bytes used by permanent object pool.
[2020.10.04-16.22.08:979][  0]LogUObjectArray: CloseDisregardForGC: 0/0 objects in disregard for GC pool
[2020.10.04-16.22.10:783][  0]LogTcpMessaging: Initializing TcpMessaging bridge
[2020.10.04-16.22.10:801][  0]LogUdpMessaging: Initializing bridge on interface 0.0.0.0:0 to multicast group 230.0.0.1:6666.
[2020.10.04-16.22.11:133][  0]SourceControl: 源码管理已禁用
[2020.10.04-16.22.11:133][  0]SourceControl: 源码管理已禁用
[2020.10.04-16.22.11:155][  0]SourceControl: 源码管理已禁用
[2020.10.04-16.22.11:172][  0]SourceControl: 源码管理已禁用
[2020.10.04-16.22.11:223][  0]SourceControl: 源码管理已禁用
[2020.10.04-16.22.12:351][  0]LogAndroidPermission: UAndroidPermissionCallbackProxy::GetInstance
[2020.10.04-16.22.12:460][  0]LogAudioCaptureCore: Display: No Audio Capture implementations found. Audio input will be silent.
[2020.10.04-16.22.12:460][  0]LogAudioCaptureCore: Display: No Audio Capture implementations found. Audio input will be silent.
[2020.10.04-16.22.12:671][  0]LogOcInput: OculusInput pre-init called
[2020.10.04-16.22.12:709][  0]LogWindows: Failed to load 'OVRPlugin.dll' (GetLastError=126)
[2020.10.04-16.22.12:709][  0]LogWindows: File 'OVRPlugin.dll' does not exist
[2020.10.04-16.22.12:914][  0]LogEngine: Initializing Engine...
[2020.10.04-16.22.12:916][  0]LogHMD: Failed to initialize OpenVR with code 110
[2020.10.04-16.22.12:916][  0]LogMagicLeap: Warning: VR disabled because ZI is not enabled.  To enable, in the editor, Edit -> Project Settings -> Plugins -> Magic Leap Plugin -> Enable Zero Iteration
[2020.10.04-16.22.12:919][  0]LogStats: UGameplayTagsManager::InitializeManager -  0.001 s
[2020.10.04-16.22.13:218][  0]LogInit: Initializing FReadOnlyCVARCache
[2020.10.04-16.22.13:252][  0]LogAIModule: Creating AISystem for world Untitled
[2020.10.04-16.22.13:252][  0]LogAISub: UAISubsystem::UAISubsystem EnvQueryManager (000001465A973C00), frame # 0
[2020.10.04-16.22.13:252][  0]LogAISub: UAISubsystem::UAISubsystem AIPerceptionSystem (000001465A97B880), frame # 0
[2020.10.04-16.22.13:273][  0]LogAudioMixer: Display: Audio Mixer Platform Settings:
[2020.10.04-16.22.13:273][  0]LogAudioMixer: Display: 	Sample Rate:						  48000
[2020.10.04-16.22.13:273][  0]LogAudioMixer: Display: 	Callback Buffer Frame Size Requested: 1024
[2020.10.04-16.22.13:273][  0]LogAudioMixer: Display: 	Callback Buffer Frame Size To Use:	  1024
[2020.10.04-16.22.13:273][  0]LogAudioMixer: Display: 	Number of buffers to queue:			  2
[2020.10.04-16.22.13:273][  0]LogAudioMixer: Display: 	Max Channels (voices):				  32
[2020.10.04-16.22.13:273][  0]LogAudioMixer: Display: 	Number of Async Source Workers:		  0
[2020.10.04-16.22.13:273][  0]LogAudio: Display: AudioDevice MaxSources: 32
[2020.10.04-16.22.13:274][  0]LogAudio: Display: Using built-in audio occlusion.
[2020.10.04-16.22.13:274][  0]LogAudioMixer: Display: Initializing audio mixer.
[2020.10.04-16.22.13:316][  0]LogAudioMixer: Display: 0: FrontLeft
[2020.10.04-16.22.13:316][  0]LogAudioMixer: Display: 1: FrontRight
[2020.10.04-16.22.13:371][  0]LogAudioMixer: Display: Using Audio Device 耳机 (Realtek(R) Audio)
[2020.10.04-16.22.13:373][  0]LogAudioMixer: Display: Initializing Sound Submixes...
[2020.10.04-16.22.13:395][  0]LogAudioMixer: Display: Creating Master Submix 'MasterSubmixDefault'
[2020.10.04-16.22.13:395][  0]LogAudioMixer: Display: Creating Master Submix 'MasterReverbSubmixDefault'
[2020.10.04-16.22.13:397][  0]LogAudioMixer: Display: Creating Master Submix 'MasterEQSubmixDefault'
[2020.10.04-16.22.13:397][  0]LogInit: FAudioDevice initialized.
[2020.10.04-16.22.13:398][  0]LogNetVersion: Set ProjectVersion to 1.0.0.0. Version Checksum will be recalculated on next use.
[2020.10.04-16.22.13:433][  0]LogDerivedDataCache: Saved boot cache 0.03s 75MB C:/Users/piang/AppData/Local/UnrealEngine/4.25/DerivedDataCache/Boot.ddc.
[2020.10.04-16.22.13:435][  0]LogInit: Texture streaming: Enabled
[2020.10.04-16.22.13:501][  0]LogEngineSessionManager: EngineSessionManager initialized
[2020.10.04-16.22.13:501][  0]LogEditorSessionSummary: Verbose: Initializing EditorSessionSummaryWriter for editor session tracking
[2020.10.04-16.22.13:504][  0]LogEditorSessionSummary: EditorSessionSummaryWriter initialized
[2020.10.04-16.22.13:753][  0]LogInit: Transaction tracking system initialized
[2020.10.04-16.22.13:856][  0]BlueprintLog: New page: 编辑器加载
[2020.10.04-16.22.14:200][  0]LocalizationService: 本地化服务已禁用
[2020.10.04-16.22.14:876][  0]LogCook: Display: Max memory allowance for cook 16384mb min free memory 0mb
[2020.10.04-16.22.14:876][  0]LogCook: Display: Mobile HDR setting 1
[2020.10.04-16.22.14:943][  0]LogFileCache: Scanning file cache for directory 'D:/Code/unreal/PlatformerNetworkGame/PlatformerGame/Content/' took 0.01s
[2020.10.04-16.22.15:849][  0]SourceControl: 源码管理已禁用
[2020.10.04-16.22.15:849][  0]LogUnrealEdMisc: Loading editor; pre map load, took 22.018
[2020.10.04-16.22.15:850][  0]Cmd: MAP LOAD FILE="../../../Engine/Content/Maps/Templates/Template_Default.umap" TEMPLATE=1 SHOWPROGRESS=1 FEATURELEVEL=3
[2020.10.04-16.22.15:856][  0]LightingResults: New page: 光照构建
[2020.10.04-16.22.15:858][  0]LogWorld: UWorld::CleanupWorld for Untitled, bSessionEnded=true, bCleanupResources=true
[2020.10.04-16.22.15:859][  0]LogSlate: InvalidateAllWidgets triggered.  All widgets were invalidated
[2020.10.04-16.22.15:859][  0]MapCheck: New page: 地图检测
[2020.10.04-16.22.15:859][  0]LightingResults: New page: 光照构建
[2020.10.04-16.22.15:873][  0]LogAISub: UAISubsystem::~UAISubsystem EnvQueryManager (000001465A973C00), frame # 0
[2020.10.04-16.22.15:873][  0]LogAISub: UAISubsystem::~UAISubsystem AIPerceptionSystem (000001465A97B880), frame # 0
[2020.10.04-16.22.15:874][  0]LogUObjectHash: Compacting FUObjectHashTables data took   0.98ms
[2020.10.04-16.22.16:018][  0]LogAIModule: Creating AISystem for world Untitled_1
[2020.10.04-16.22.16:018][  0]LogAISub: UAISubsystem::UAISubsystem EnvQueryManager (0000014647647E00), frame # 0
[2020.10.04-16.22.16:018][  0]LogAISub: UAISubsystem::UAISubsystem AIPerceptionSystem (00000146477651C0), frame # 0
[2020.10.04-16.22.16:038][  0]LogEditorServer: Finished looking for orphan Actors (0.000 secs)
[2020.10.04-16.22.16:049][  0]LogUObjectHash: Compacting FUObjectHashTables data took   0.60ms
[2020.10.04-16.22.16:049][  0]Cmd: MAP CHECKDEP NOCLEARLOG
[2020.10.04-16.22.16:050][  0]MapCheck: 地图检测完成：0个错误、0个警告、完成用时0.424毫秒。
[2020.10.04-16.22.16:050][  0]LogFileHelpers: Loading map 'Template_Default' took 0.200
[2020.10.04-16.22.16:063][  0]LogUnrealEdMisc: Total Editor Startup Time, took 22.231
[2020.10.04-16.22.16:209][  0]LogSlate: Updating window title bar state: overlay mode, drag disabled, window buttons hidden, title bar hidden
[2020.10.04-16.22.16:215][  0]LogSlate: Updating window title bar state: overlay mode, drag disabled, window buttons hidden, title bar hidden
[2020.10.04-16.22.16:222][  0]LogSlate: Updating window title bar state: overlay mode, drag disabled, window buttons hidden, title bar hidden
[2020.10.04-16.22.16:227][  0]LogSlate: Updating window title bar state: overlay mode, drag disabled, window buttons hidden, title bar hidden
[2020.10.04-16.22.16:254][  0]LogCollectionManager: Loaded 0 collections in 0.000513 seconds
[2020.10.04-16.22.16:278][  0]LogFileCache: Scanning file cache for directory 'D:/Code/unreal/PlatformerNetworkGame/PlatformerGame/Saved/Collections/' took 0.00s
[2020.10.04-16.22.16:278][  0]LogFileCache: Scanning file cache for directory 'D:/Code/unreal/PlatformerNetworkGame/PlatformerGame/Content/Developers/piang/Collections/' took 0.00s
[2020.10.04-16.22.16:278][  0]LogFileCache: Scanning file cache for directory 'D:/Code/unreal/PlatformerNetworkGame/PlatformerGame/Content/Collections/' took 0.00s
[2020.10.04-16.22.16:278][  0]LogContentBrowser: Native class hierarchy populated in 0.0079 seconds. Added 3428 classes and 823 folders.
[2020.10.04-16.22.16:282][  0]LogContentBrowser: Native class hierarchy updated for 'WidgetCarousel' in 0.0003 seconds. Added 0 classes and 0 folders.
[2020.10.04-16.22.16:734][  0]LogContentBrowser: Native class hierarchy updated for 'AddContentDialog' in 0.0003 seconds. Added 0 classes and 0 folders.
[2020.10.04-16.22.16:740][  0]LogContentBrowser: Native class hierarchy updated for 'SceneOutliner' in 0.0003 seconds. Added 2 classes and 0 folders.
[2020.10.04-16.22.16:878][  0]LogSlate: Took 0.004905 seconds to synchronously load lazily loaded font '../../../Engine/Content/Slate/Fonts/Roboto-Regular.ttf' (155K)
[2020.10.04-16.22.16:887][  0]LogSlate: Took 0.008530 seconds to synchronously load lazily loaded font '../../../Engine/Content/Slate/Fonts/DroidSansFallback.ttf' (3848K)
[2020.10.04-16.22.16:896][  0]LogSlate: Took 0.007474 seconds to synchronously load lazily loaded font '../../../Engine/Content/Slate/Fonts/Roboto-Bold.ttf' (160K)
[2020.10.04-16.22.16:904][  0]LogSlate: Took 0.006096 seconds to synchronously load lazily loaded font '../../../Engine/Content/Editor/Slate/Fonts/FontAwesome.ttf' (139K)
[2020.10.04-16.22.17:030][  0]LogRenderer: Reallocating scene render targets to support 1208x604 Format 10 NumSamples 1 (Frame:1).
[2020.10.04-16.22.17:124][  0]LogContentBrowser: Native class hierarchy updated for 'HierarchicalLODOutliner' in 0.0003 seconds. Added 0 classes and 0 folders.
[2020.10.04-16.22.17:125][  0]LogLoad: (Engine Initialization) Total time: 23.29 seconds
[2020.10.04-16.22.17:125][  0]LogLoad: (Engine Initialization) Total Blueprint compile time: 0.00 seconds
[2020.10.04-16.22.17:171][  0]LogAssetRegistry: Asset discovery search completed in 12.1063 seconds
[2020.10.04-16.22.17:175][  0]LogCollectionManager: Fixed up redirectors for 0 collections in 0.000004 seconds (updated 0 objects)
[2020.10.04-16.22.17:178][  0]LogContentStreaming: Texture pool size now 1000 MB
[2020.10.04-16.22.17:216][  0]LogSlate: Took 0.004699 seconds to synchronously load lazily loaded font '../../../Engine/Content/Slate/Fonts/Roboto-Light.ttf' (167K)
[2020.10.04-16.22.17:485][  1]LogFileCache: Retrieving MD5 hashes for directory 'D:/Code/unreal/PlatformerNetworkGame/PlatformerGame/Content/' took 0.34s
[2020.10.04-16.22.20:161][160]LogSlate: Took 0.000124 seconds to synchronously load lazily loaded font '../../../Engine/Content/Slate/Fonts/Roboto-Light.ttf' (167K)
[2020.10.04-16.23.50:251][698]LogWindowsTextInputMethodSystem: Display: IME system now activated using TSF (微软拼音).
[2020.10.04-16.24.28:595][806]AssetReimport: New page: 出色的源内容修改上午8:24:28
[2020.10.04-16.24.28:597][806]LoadErrors: 加载失败 /Game/Assets/Meshes/Pickups/Material.Material 引用者 Coin1_pack
[2020.10.04-16.24.28:600][806]LogStaticMesh: 正在构建静态网格体Coin1_pack……
[2020.10.04-16.24.28:604][806]LogStaticMesh: Built static mesh [0.00s] /Game/Meshes/Pickups/Coin1_pack.Coin1_pack
[2020.10.04-16.24.28:614][806]LogEditorFactories: Performing atomic reimport of [D:/Code/unreal/PlatformerNetworkGame/PlatformerGame/Content/Meshes/Pickups/Coin1_pack.fbx]
[2020.10.04-16.24.28:626][806]LogFbx: Loading FBX Scene from D:/Code/unreal/PlatformerNetworkGame/PlatformerGame/Content/Meshes/Pickups/Coin1_pack.fbx
[2020.10.04-16.24.28:635][806]LogFbx: FBX Scene Loaded Succesfully
[2020.10.04-16.24.28:639][806]LogStaticMesh: 正在构建静态网格体Coin1_pack……
[2020.10.04-16.24.28:641][806]LogStaticMesh: Built static mesh [0.00s] /Engine/Transient.Coin1_pack
[2020.10.04-16.24.28:774][806]LogStaticMesh: 正在构建静态网格体Coin1_pack……
[2020.10.04-16.24.28:777][806]LogStaticMesh: Built static mesh [0.00s] /Game/Meshes/Pickups/Coin1_pack.Coin1_pack
[2020.10.04-16.24.28:780][806]LogEditorFactories: -- imported successfully
[2020.10.04-16.24.28:823][807]LoadErrors: 加载失败 /Game/Assets/Meshes/Pickups/Apple.Apple 引用者 heart
[2020.10.04-16.24.29:619][807]LogStaticMesh: 正在构建静态网格体heart……
[2020.10.04-16.24.30:570][807]LogStaticMesh: Built static mesh [0.95s] /Game/Meshes/Pickups/heart.heart
[2020.10.04-16.24.30:976][807]LogEditorFactories: Performing atomic reimport of [D:/Code/unreal/PlatformerNetworkGame/PlatformerGame/Content/Meshes/Pickups/heart.fbx]
[2020.10.04-16.24.30:990][807]LogFbx: Loading FBX Scene from D:/Code/unreal/PlatformerNetworkGame/PlatformerGame/Content/Meshes/Pickups/heart.fbx
[2020.10.04-16.24.31:030][807]LogFbx: FBX Scene Loaded Succesfully
[2020.10.04-16.24.31:687][807]LogStaticMesh: 正在构建静态网格体heart……
[2020.10.04-16.24.32:576][807]LogStaticMesh: Built static mesh [0.89s] /Engine/Transient.heart
[2020.10.04-16.24.37:049][807]LogStaticMesh: 正在构建静态网格体heart……
[2020.10.04-16.24.37:923][807]LogStaticMesh: Built static mesh [0.87s] /Game/Meshes/Pickups/heart.heart
[2020.10.04-16.24.38:692][807]LogEditorFactories: -- imported successfully
[2020.10.04-16.24.39:132][808]LoadErrors: 加载失败 /Game/Assets/Meshes/Powerups/Material.Material 引用者 mese
[2020.10.04-16.24.39:132][808]LoadErrors: 加载失败 /Game/Assets/Meshes/Powerups/Material_001.Material_001 引用者 mese
[2020.10.04-16.24.39:133][808]LogStaticMesh: 正在构建静态网格体mese……
[2020.10.04-16.24.39:140][808]LogStaticMesh: Built static mesh [0.01s] /Game/Meshes/Powerups/mese.mese
[2020.10.04-16.24.39:142][808]LogEditorFactories: Performing atomic reimport of [D:/Code/unreal/PlatformerNetworkGame/PlatformerGame/Content/Meshes/Powerups/mese.fbx]
[2020.10.04-16.24.39:151][808]LogFbx: Loading FBX Scene from D:/Code/unreal/PlatformerNetworkGame/PlatformerGame/Content/Meshes/Powerups/mese.fbx
[2020.10.04-16.24.39:158][808]LogFbx: FBX Scene Loaded Succesfully
[2020.10.04-16.24.39:160][808]LogStaticMesh: 正在构建静态网格体mese……
[2020.10.04-16.24.39:166][808]LogStaticMesh: Built static mesh [0.01s] /Engine/Transient.mese
[2020.10.04-16.24.39:172][808]LoadErrors: 加载失败 /Game/Assets/Meshes/Powerups/mese2.mese2 引用者 MaterialExpressionTextureSample_0
[2020.10.04-16.24.39:176][808]LoadErrors: 加载失败 /Game/Assets/Meshes/Powerups/mese_transp.mese_transp 引用者 MaterialExpressionTextureSample_0
[2020.10.04-16.24.39:180][808]LogStaticMesh: 正在构建静态网格体mese……
[2020.10.04-16.24.39:185][808]LogStaticMesh: Built static mesh [0.00s] /Game/Meshes/Powerups/mese.mese
[2020.10.04-16.24.55:103][808]LogSlate: Window '重新导入材质冲突分辨率' being destroyed
[2020.10.04-16.24.55:107][808]LogEditorFactories: -- imported successfully
[2020.10.04-16.24.55:138][809]LoadErrors: 加载失败 /Game/Assets/Meshes/Props/Material_006.Material_006 引用者 box
[2020.10.04-16.24.55:140][809]LogStaticMesh: 正在构建静态网格体box……
[2020.10.04-16.24.55:143][809]LogStaticMesh: Built static mesh [0.00s] /Game/Meshes/Props/box.box
[2020.10.04-16.24.55:144][809]LogEditorFactories: Performing atomic reimport of [D:/Code/unreal/PlatformerNetworkGame/PlatformerGame/Content/Meshes/Props/box.fbx]
[2020.10.04-16.24.55:153][809]LogFbx: Loading FBX Scene from D:/Code/unreal/PlatformerNetworkGame/PlatformerGame/Content/Meshes/Props/box.fbx
[2020.10.04-16.24.55:159][809]LogFbx: FBX Scene Loaded Succesfully
[2020.10.04-16.24.55:162][809]LogStaticMesh: 正在构建静态网格体box……
[2020.10.04-16.24.55:164][809]LogStaticMesh: Built static mesh [0.00s] /Engine/Transient.box
[2020.10.04-16.24.55:181][809]LogStaticMesh: 正在构建静态网格体box……
[2020.10.04-16.24.55:182][809]LogStaticMesh: Built static mesh [0.00s] /Game/Meshes/Props/box.box
[2020.10.04-16.24.58:719][809]LogSlate: Window '重新导入材质冲突分辨率' being destroyed
[2020.10.04-16.24.58:724][809]LogEditorFactories: -- imported successfully
[2020.10.04-16.24.58:755][810]LoadErrors: 加载失败 /Game/Assets/Meshes/Props/cloud.cloud 引用者 Cloud2
[2020.10.04-16.24.58:795][810]LogStaticMesh: 正在构建静态网格体Cloud2……
[2020.10.04-16.24.58:830][810]LogStaticMesh: Built static mesh [0.03s] /Game/Meshes/Props/Cloud2.Cloud2
[2020.10.04-16.24.58:844][810]LogEditorFactories: Performing atomic reimport of [D:/Code/unreal/PlatformerNetworkGame/PlatformerGame/Content/Meshes/Props/Cloud2.fbx]
[2020.10.04-16.24.58:852][810]LogFbx: Loading FBX Scene from D:/Code/unreal/PlatformerNetworkGame/PlatformerGame/Content/Meshes/Props/Cloud2.fbx
[2020.10.04-16.24.58:860][810]LogFbx: FBX Scene Loaded Succesfully
[2020.10.04-16.24.58:902][810]LogStaticMesh: 正在构建静态网格体Cloud2……
[2020.10.04-16.24.58:935][810]LogStaticMesh: Built static mesh [0.03s] /Engine/Transient.Cloud2
[2020.10.04-16.24.59:081][810]LogStaticMesh: 正在构建静态网格体Cloud2……
[2020.10.04-16.24.59:138][810]LogStaticMesh: Built static mesh [0.06s] /Game/Meshes/Props/Cloud2.Cloud2
[2020.10.04-16.24.59:170][810]LogEditorFactories: -- imported successfully
[2020.10.04-16.24.59:200][811]LoadErrors: 加载失败 /Game/Assets/Meshes/Props/Material.Material 引用者 door
[2020.10.04-16.24.59:206][811]LogStaticMesh: 正在构建静态网格体door……
[2020.10.04-16.24.59:335][811]LogStaticMesh: Built static mesh [0.13s] /Game/Meshes/Props/door.door
[2020.10.04-16.24.59:337][811]LogEditorFactories: Performing atomic reimport of [D:/Code/unreal/PlatformerNetworkGame/PlatformerGame/Content/Meshes/Props/door.fbx]
[2020.10.04-16.24.59:347][811]LogFbx: Loading FBX Scene from D:/Code/unreal/PlatformerNetworkGame/PlatformerGame/Content/Meshes/Props/door.fbx
[2020.10.04-16.24.59:353][811]LogFbx: FBX Scene Loaded Succesfully
[2020.10.04-16.24.59:357][811]LogStaticMesh: 正在构建静态网格体door……
[2020.10.04-16.24.59:489][811]LogStaticMesh: Built static mesh [0.13s] /Engine/Transient.door
[2020.10.04-16.24.59:509][811]LogStaticMesh: 正在构建静态网格体door……
[2020.10.04-16.24.59:524][811]LogStaticMesh: Built static mesh [0.02s] /Game/Meshes/Props/door.door
[2020.10.04-16.24.59:528][811]LogEditorFactories: -- imported successfully
[2020.10.04-16.24.59:545][812]LoadErrors: 加载失败 /Game/Assets/Meshes/Props/Material_004.Material_004 引用者 fence1
[2020.10.04-16.24.59:548][812]LogStaticMesh: 正在构建静态网格体fence1……
[2020.10.04-16.24.59:550][812]LogStaticMesh: Built static mesh [0.00s] /Game/Meshes/Props/fence1.fence1
[2020.10.04-16.24.59:551][812]LogEditorFactories: Performing atomic reimport of [D:/Code/unreal/PlatformerNetworkGame/PlatformerGame/Content/Meshes/Props/fence1.fbx]
[2020.10.04-16.24.59:561][812]LogFbx: Loading FBX Scene from D:/Code/unreal/PlatformerNetworkGame/PlatformerGame/Content/Meshes/Props/fence1.fbx
[2020.10.04-16.24.59:567][812]LogFbx: FBX Scene Loaded Succesfully
[2020.10.04-16.24.59:570][812]LogStaticMesh: 正在构建静态网格体fence1……
[2020.10.04-16.24.59:572][812]LogStaticMesh: Built static mesh [0.00s] /Engine/Transient.fence1
[2020.10.04-16.24.59:593][812]LogStaticMesh: 正在构建静态网格体fence1……
[2020.10.04-16.24.59:595][812]LogStaticMesh: Built static mesh [0.00s] /Game/Meshes/Props/fence1.fence1
[2020.10.04-16.25.01:046][812]LogSlate: Window '重新导入材质冲突分辨率' being destroyed
[2020.10.04-16.25.01:049][812]LogEditorFactories: -- imported successfully
[2020.10.04-16.25.01:098][813]LoadErrors: 加载失败 /Game/Assets/Meshes/Props/Material_004.Material_004 引用者 fence2
[2020.10.04-16.25.01:099][813]LogStaticMesh: 正在构建静态网格体fence2……
[2020.10.04-16.25.01:100][813]LogStaticMesh: Built static mesh [0.00s] /Game/Meshes/Props/fence2.fence2
[2020.10.04-16.25.01:101][813]LogEditorFactories: Performing atomic reimport of [D:/Code/unreal/PlatformerNetworkGame/PlatformerGame/Content/Meshes/Props/fence2.fbx]
[2020.10.04-16.25.01:108][813]LogFbx: Loading FBX Scene from D:/Code/unreal/PlatformerNetworkGame/PlatformerGame/Content/Meshes/Props/fence2.fbx
[2020.10.04-16.25.01:113][813]LogFbx: FBX Scene Loaded Succesfully
[2020.10.04-16.25.01:115][813]LogStaticMesh: 正在构建静态网格体fence2……
[2020.10.04-16.25.01:116][813]LogStaticMesh: Built static mesh [0.00s] /Engine/Transient.fence2
[2020.10.04-16.25.01:125][813]LogStaticMesh: 正在构建静态网格体fence2……
[2020.10.04-16.25.01:126][813]LogStaticMesh: Built static mesh [0.00s] /Game/Meshes/Props/fence2.fence2
[2020.10.04-16.25.02:021][813]LogSlate: Window '重新导入材质冲突分辨率' being destroyed
[2020.10.04-16.25.02:025][813]LogEditorFactories: -- imported successfully
[2020.10.04-16.25.02:038][814]LoadErrors: 加载失败 /Game/Assets/Meshes/Props/Material_004.Material_004 引用者 fence3
[2020.10.04-16.25.02:039][814]LogStaticMesh: 正在构建静态网格体fence3……
[2020.10.04-16.25.02:040][814]LogStaticMesh: Built static mesh [0.00s] /Game/Meshes/Props/fence3.fence3
[2020.10.04-16.25.02:042][814]LogEditorFactories: Performing atomic reimport of [D:/Code/unreal/PlatformerNetworkGame/PlatformerGame/Content/Meshes/Props/fence3.fbx]
[2020.10.04-16.25.02:049][814]LogFbx: Loading FBX Scene from D:/Code/unreal/PlatformerNetworkGame/PlatformerGame/Content/Meshes/Props/fence3.fbx
[2020.10.04-16.25.02:055][814]LogFbx: FBX Scene Loaded Succesfully
[2020.10.04-16.25.02:056][814]LogStaticMesh: 正在构建静态网格体fence3……
[2020.10.04-16.25.02:057][814]LogStaticMesh: Built static mesh [0.00s] /Engine/Transient.fence3
[2020.10.04-16.25.02:063][814]LogStaticMesh: 正在构建静态网格体fence3……
[2020.10.04-16.25.02:064][814]LogStaticMesh: Built static mesh [0.00s] /Game/Meshes/Props/fence3.fence3
[2020.10.04-16.25.04:054][814]LogSlate: Window '重新导入材质冲突分辨率' being destroyed
[2020.10.04-16.25.04:058][814]LogEditorFactories: -- imported successfully
[2020.10.04-16.25.04:077][815]LoadErrors: 加载失败 /Game/Assets/Meshes/Props/Material_004.Material_004 引用者 fence4
[2020.10.04-16.25.04:079][815]LogStaticMesh: 正在构建静态网格体fence4……
[2020.10.04-16.25.04:081][815]LogStaticMesh: Built static mesh [0.00s] /Game/Meshes/Props/fence4.fence4
[2020.10.04-16.25.04:083][815]LogEditorFactories: Performing atomic reimport of [D:/Code/unreal/PlatformerNetworkGame/PlatformerGame/Content/Meshes/Props/fence4.fbx]
[2020.10.04-16.25.04:090][815]LogFbx: Loading FBX Scene from D:/Code/unreal/PlatformerNetworkGame/PlatformerGame/Content/Meshes/Props/fence4.fbx
[2020.10.04-16.25.04:095][815]LogFbx: FBX Scene Loaded Succesfully
[2020.10.04-16.25.04:098][815]LogStaticMesh: 正在构建静态网格体fence4……
[2020.10.04-16.25.04:099][815]LogStaticMesh: Built static mesh [0.00s] /Engine/Transient.fence4
[2020.10.04-16.25.04:109][815]LogStaticMesh: 正在构建静态网格体fence4……
[2020.10.04-16.25.04:111][815]LogStaticMesh: Built static mesh [0.00s] /Game/Meshes/Props/fence4.fence4
[2020.10.04-16.25.04:989][815]LogSlate: Window '重新导入材质冲突分辨率' being destroyed
[2020.10.04-16.25.04:993][815]LogEditorFactories: -- imported successfully
[2020.10.04-16.25.05:007][816]LoadErrors: 加载失败 /Game/Assets/Meshes/Props/Spiketrap.Spiketrap 引用者 Spike-trap
[2020.10.04-16.25.05:013][816]LogStaticMesh: 正在构建静态网格体Spike-trap……
[2020.10.04-16.25.05:089][816]LogStaticMesh: Built static mesh [0.08s] /Game/Meshes/Props/Spike-trap.Spike-trap
[2020.10.04-16.25.05:091][816]LogEditorFactories: Performing atomic reimport of [D:/Code/unreal/PlatformerNetworkGame/PlatformerGame/Content/Meshes/Props/Spike-trap.fbx]
[2020.10.04-16.25.05:099][816]LogFbx: Loading FBX Scene from D:/Code/unreal/PlatformerNetworkGame/PlatformerGame/Content/Meshes/Props/Spike-trap.fbx
[2020.10.04-16.25.05:106][816]LogFbx: FBX Scene Loaded Succesfully
[2020.10.04-16.25.05:112][816]LogStaticMesh: 正在构建静态网格体Spike-trap……
[2020.10.04-16.25.05:188][816]LogStaticMesh: Built static mesh [0.08s] /Engine/Transient.Spike-trap
[2020.10.04-16.25.05:194][816]LoadErrors: 加载失败 /Game/Assets/Meshes/Props/Spike-trapTexture.Spike-trapTexture 引用者 MaterialExpressionTextureSample_0
[2020.10.04-16.25.05:194][816]LoadErrors: 加载失败 /Game/Assets/Meshes/Props/Spiketrap_spec.Spiketrap_spec 引用者 MaterialExpressionTextureSample_1
[2020.10.04-16.25.05:194][816]LoadErrors: 加载失败 /Game/Assets/Meshes/Props/NormalMap.NormalMap 引用者 MaterialExpressionTextureSample_2
[2020.10.04-16.25.05:201][816]LogStaticMesh: 正在构建静态网格体Spike-trap……
[2020.10.04-16.25.05:210][816]LogStaticMesh: Built static mesh [0.01s] /Game/Meshes/Props/Spike-trap.Spike-trap
[2020.10.04-16.25.05:213][816]LogEditorFactories: -- imported successfully
[2020.10.04-16.25.05:227][817]LoadErrors: 加载失败 /Game/Assets/Meshes/Props/Material_002.Material_002 引用者 tree
[2020.10.04-16.25.05:228][817]LoadErrors: 加载失败 /Game/Assets/Meshes/Props/Material_001.Material_001 引用者 tree
[2020.10.04-16.25.05:228][817]LogStaticMesh: 正在构建静态网格体tree……
[2020.10.04-16.25.05:229][817]LogStaticMesh: Built static mesh [0.00s] /Game/Meshes/Props/tree.tree
[2020.10.04-16.25.05:230][817]LogEditorFactories: Performing atomic reimport of [D:/Code/unreal/PlatformerNetworkGame/PlatformerGame/Content/Meshes/Props/tree.fbx]
[2020.10.04-16.25.05:236][817]LogFbx: Loading FBX Scene from D:/Code/unreal/PlatformerNetworkGame/PlatformerGame/Content/Meshes/Props/tree.fbx
[2020.10.04-16.25.05:241][817]LogFbx: FBX Scene Loaded Succesfully
[2020.10.04-16.25.05:242][817]LogStaticMesh: 正在构建静态网格体tree……
[2020.10.04-16.25.05:243][817]LogStaticMesh: Built static mesh [0.00s] /Engine/Transient.tree
[2020.10.04-16.25.05:264][817]LogStaticMesh: 正在构建静态网格体tree……
[2020.10.04-16.25.05:265][817]LogStaticMesh: Built static mesh [0.00s] /Game/Meshes/Props/tree.tree
[2020.10.04-16.25.07:391][817]LogSlate: Window '重新导入材质冲突分辨率' being destroyed
[2020.10.04-16.25.07:396][817]LogEditorFactories: -- imported successfully
[2020.10.04-16.25.07:472][818]LogEditorFactories: Performing atomic reimport of [D:/Code/unreal/PlatformerNetworkGame/PlatformerGame/Content/Textures/CharacterIcons/Granny.png]
[2020.10.04-16.25.07:473][818]LogFactory: FactoryCreateFile: Texture2D with ReimportTextureFactory (0 0 D:/Code/unreal/PlatformerNetworkGame/PlatformerGame/Content/Textures/CharacterIcons/Granny.png)
[2020.10.04-16.25.07:518][818]LogEditorFactories: -- imported successfully
[2020.10.04-16.25.07:550][819]LogEditorFactories: Performing atomic reimport of [D:/Code/unreal/PlatformerNetworkGame/PlatformerGame/Content/Textures/CharacterIcons/SelectedCharacterBox.png]
[2020.10.04-16.25.07:550][819]LogFactory: FactoryCreateFile: Texture2D with ReimportTextureFactory (0 0 D:/Code/unreal/PlatformerNetworkGame/PlatformerGame/Content/Textures/CharacterIcons/SelectedCharacterBox.png)
[2020.10.04-16.25.07:565][819]LogEditorFactories: -- imported successfully
[2020.10.04-16.25.07:623][820]LogEditorFactories: Performing atomic reimport of [D:/Code/unreal/PlatformerNetworkGame/PlatformerGame/Content/Textures/CharacterIcons/TyIcon.png]
[2020.10.04-16.25.07:624][820]LogFactory: FactoryCreateFile: Texture2D with ReimportTextureFactory (0 0 D:/Code/unreal/PlatformerNetworkGame/PlatformerGame/Content/Textures/CharacterIcons/TyIcon.png)
[2020.10.04-16.25.07:661][820]LogEditorFactories: -- imported successfully
[2020.10.04-16.25.07:680][821]LogEditorFactories: Performing atomic reimport of [D:/Code/unreal/PlatformerNetworkGame/PlatformerGame/Content/Textures/HUD/coin.png]
[2020.10.04-16.25.07:680][821]LogFactory: FactoryCreateFile: Texture2D with ReimportTextureFactory (0 0 D:/Code/unreal/PlatformerNetworkGame/PlatformerGame/Content/Textures/HUD/coin.png)
[2020.10.04-16.25.07:695][821]LogEditorFactories: -- imported successfully
[2020.10.04-16.25.07:739][822]LogEditorFactories: Performing atomic reimport of [D:/Code/unreal/PlatformerNetworkGame/PlatformerGame/Content/Textures/HUD/heart.png]
[2020.10.04-16.25.07:739][822]LogFactory: FactoryCreateFile: Texture2D with ReimportTextureFactory (0 0 D:/Code/unreal/PlatformerNetworkGame/PlatformerGame/Content/Textures/HUD/heart.png)
[2020.10.04-16.25.07:786][822]LogEditorFactories: -- imported successfully
[2020.10.04-16.25.07:829][823]LogEditorFactories: Performing atomic reimport of [D:/Code/unreal/PlatformerNetworkGame/PlatformerGame/Content/Textures/HUD/PowerUps/fire-icon.png]
[2020.10.04-16.25.07:829][823]LogFactory: FactoryCreateFile: Texture2D with ReimportTextureFactory (0 0 D:/Code/unreal/PlatformerNetworkGame/PlatformerGame/Content/Textures/HUD/PowerUps/fire-icon.png)
[2020.10.04-16.25.07:877][823]LogEditorFactories: -- imported successfully
[2020.10.04-16.25.08:144][824]LogEditorFactories: Performing atomic reimport of [D:/Code/unreal/PlatformerNetworkGame/PlatformerGame/Content/Textures/HUD/PowerUps/no-powerup.png]
[2020.10.04-16.25.08:144][824]LogFactory: FactoryCreateFile: Texture2D with ReimportTextureFactory (0 0 D:/Code/unreal/PlatformerNetworkGame/PlatformerGame/Content/Textures/HUD/PowerUps/no-powerup.png)
[2020.10.04-16.25.08:393][824]LogEditorFactories: -- imported successfully
[2020.10.04-16.25.08:443][825]Cmd: OBJ SAVEPACKAGE PACKAGE="/Game/Meshes/Pickups/Coin1_pack" FILE="../../../../../../Code/unreal/PlatformerNetworkGame/PlatformerGame/Content/Meshes/Pickups/Coin1_pack.uasset" SILENT=true
[2020.10.04-16.25.08:462][825]LogSavePackage: Moving '../../../../../../Code/unreal/PlatformerNetworkGame/PlatformerGame/Saved/Coin1_pack35FAE837466D31DCB6CE84A03F9913EA.tmp' to '../../../../../../Code/unreal/PlatformerNetworkGame/PlatformerGame/Content/Meshes/Pickups/Coin1_pack.uasset'
[2020.10.04-16.25.08:485][825]Cmd: OBJ SAVEPACKAGE PACKAGE="/Game/Meshes/Pickups/heart" FILE="../../../../../../Code/unreal/PlatformerNetworkGame/PlatformerGame/Content/Meshes/Pickups/heart.uasset" SILENT=true
[2020.10.04-16.25.08:578][825]LogSavePackage: Moving '../../../../../../Code/unreal/PlatformerNetworkGame/PlatformerGame/Saved/heart4B3AC8A04D9CB3F23152EE82E09189C9.tmp' to '../../../../../../Code/unreal/PlatformerNetworkGame/PlatformerGame/Content/Meshes/Pickups/heart.uasset'
[2020.10.04-16.25.08:595][825]Cmd: OBJ SAVEPACKAGE PACKAGE="/Game/Meshes/Powerups/mese" FILE="../../../../../../Code/unreal/PlatformerNetworkGame/PlatformerGame/Content/Meshes/Powerups/mese.uasset" SILENT=true
[2020.10.04-16.25.08:610][825]LogSavePackage: Moving '../../../../../../Code/unreal/PlatformerNetworkGame/PlatformerGame/Saved/meseB72C5DCB4970B7CE6C939EB3ABB4A2E1.tmp' to '../../../../../../Code/unreal/PlatformerNetworkGame/PlatformerGame/Content/Meshes/Powerups/mese.uasset'
[2020.10.04-16.25.08:626][825]Cmd: OBJ SAVEPACKAGE PACKAGE="/Game/Meshes/Props/box" FILE="../../../../../../Code/unreal/PlatformerNetworkGame/PlatformerGame/Content/Meshes/Props/box.uasset" SILENT=true
[2020.10.04-16.25.08:643][825]LogSavePackage: Moving '../../../../../../Code/unreal/PlatformerNetworkGame/PlatformerGame/Saved/box973E42404ADE0DFBA10F56A98C5CF42B.tmp' to '../../../../../../Code/unreal/PlatformerNetworkGame/PlatformerGame/Content/Meshes/Props/box.uasset'
[2020.10.04-16.25.08:660][825]Cmd: OBJ SAVEPACKAGE PACKAGE="/Game/Meshes/Props/Cloud2" FILE="../../../../../../Code/unreal/PlatformerNetworkGame/PlatformerGame/Content/Meshes/Props/Cloud2.uasset" SILENT=true
[2020.10.04-16.25.08:688][825]LogSavePackage: Moving '../../../../../../Code/unreal/PlatformerNetworkGame/PlatformerGame/Saved/Cloud232E61B3343FEB7ED37B17E9AC65B3A10.tmp' to '../../../../../../Code/unreal/PlatformerNetworkGame/PlatformerGame/Content/Meshes/Props/Cloud2.uasset'
[2020.10.04-16.25.08:705][825]Cmd: OBJ SAVEPACKAGE PACKAGE="/Game/Meshes/Props/door" FILE="../../../../../../Code/unreal/PlatformerNetworkGame/PlatformerGame/Content/Meshes/Props/door.uasset" SILENT=true
[2020.10.04-16.25.08:721][825]LogSavePackage: Moving '../../../../../../Code/unreal/PlatformerNetworkGame/PlatformerGame/Saved/doorC77C235A42EA9BBA13995DA64833A3CD.tmp' to '../../../../../../Code/unreal/PlatformerNetworkGame/PlatformerGame/Content/Meshes/Props/door.uasset'
[2020.10.04-16.25.08:737][825]Cmd: OBJ SAVEPACKAGE PACKAGE="/Game/Meshes/Props/fence1" FILE="../../../../../../Code/unreal/PlatformerNetworkGame/PlatformerGame/Content/Meshes/Props/fence1.uasset" SILENT=true
[2020.10.04-16.25.08:753][825]LogSavePackage: Moving '../../../../../../Code/unreal/PlatformerNetworkGame/PlatformerGame/Saved/fence10B25DCFD446C350ED76C429554ACBD30.tmp' to '../../../../../../Code/unreal/PlatformerNetworkGame/PlatformerGame/Content/Meshes/Props/fence1.uasset'
[2020.10.04-16.25.08:770][825]Cmd: OBJ SAVEPACKAGE PACKAGE="/Game/Meshes/Props/fence2" FILE="../../../../../../Code/unreal/PlatformerNetworkGame/PlatformerGame/Content/Meshes/Props/fence2.uasset" SILENT=true
[2020.10.04-16.25.08:786][825]LogSavePackage: Moving '../../../../../../Code/unreal/PlatformerNetworkGame/PlatformerGame/Saved/fence29048823C482D9EC0EB158282A6F662E9.tmp' to '../../../../../../Code/unreal/PlatformerNetworkGame/PlatformerGame/Content/Meshes/Props/fence2.uasset'
[2020.10.04-16.25.08:802][825]Cmd: OBJ SAVEPACKAGE PACKAGE="/Game/Meshes/Props/fence3" FILE="../../../../../../Code/unreal/PlatformerNetworkGame/PlatformerGame/Content/Meshes/Props/fence3.uasset" SILENT=true
[2020.10.04-16.25.08:817][825]LogSavePackage: Moving '../../../../../../Code/unreal/PlatformerNetworkGame/PlatformerGame/Saved/fence381CF009F48D52536A17248B144CE2197.tmp' to '../../../../../../Code/unreal/PlatformerNetworkGame/PlatformerGame/Content/Meshes/Props/fence3.uasset'
[2020.10.04-16.25.08:834][825]Cmd: OBJ SAVEPACKAGE PACKAGE="/Game/Meshes/Props/fence4" FILE="../../../../../../Code/unreal/PlatformerNetworkGame/PlatformerGame/Content/Meshes/Props/fence4.uasset" SILENT=true
[2020.10.04-16.25.08:853][825]LogSavePackage: Moving '../../../../../../Code/unreal/PlatformerNetworkGame/PlatformerGame/Saved/fence4FB06D54B4BCE67121633AEBCF43E4CBD.tmp' to '../../../../../../Code/unreal/PlatformerNetworkGame/PlatformerGame/Content/Meshes/Props/fence4.uasset'
[2020.10.04-16.25.08:871][825]Cmd: OBJ SAVEPACKAGE PACKAGE="/Game/Meshes/Props/Spike-trap" FILE="../../../../../../Code/unreal/PlatformerNetworkGame/PlatformerGame/Content/Meshes/Props/Spike-trap.uasset" SILENT=true
[2020.10.04-16.25.08:887][825]LogSavePackage: Moving '../../../../../../Code/unreal/PlatformerNetworkGame/PlatformerGame/Saved/Spike-trap331C3799447EA9F14A57D68B70EBC190.tmp' to '../../../../../../Code/unreal/PlatformerNetworkGame/PlatformerGame/Content/Meshes/Props/Spike-trap.uasset'
[2020.10.04-16.25.08:902][825]Cmd: OBJ SAVEPACKAGE PACKAGE="/Game/Meshes/Props/tree" FILE="../../../../../../Code/unreal/PlatformerNetworkGame/PlatformerGame/Content/Meshes/Props/tree.uasset" SILENT=true
[2020.10.04-16.25.08:917][825]LogSavePackage: Moving '../../../../../../Code/unreal/PlatformerNetworkGame/PlatformerGame/Saved/tree260B7D7E4198B997FB3860ABCE21E8BA.tmp' to '../../../../../../Code/unreal/PlatformerNetworkGame/PlatformerGame/Content/Meshes/Props/tree.uasset'
[2020.10.04-16.25.08:924][825]Cmd: OBJ SAVEPACKAGE PACKAGE="/Game/Textures/CharacterIcons/Granny" FILE="../../../../../../Code/unreal/PlatformerNetworkGame/PlatformerGame/Content/Textures/CharacterIcons/Granny.uasset" SILENT=true
[2020.10.04-16.25.08:956][825]LogSavePackage: Moving '../../../../../../Code/unreal/PlatformerNetworkGame/PlatformerGame/Saved/GrannyCBB3C33E4B9139D8C44DE289B6DA16BF.tmp' to '../../../../../../Code/unreal/PlatformerNetworkGame/PlatformerGame/Content/Textures/CharacterIcons/Granny.uasset'
[2020.10.04-16.25.08:975][825]LogSavePackage: Moving '../../../../../../Code/unreal/PlatformerNetworkGame/PlatformerGame/Saved/SelectedCharacterBoxD938AF6049F0ABF621B6E7BC5B8A6A09.tmp' to '../../../../../../Code/unreal/PlatformerNetworkGame/PlatformerGame/Content/Textures/CharacterIcons/SelectedCharacterBox.uasset'
[2020.10.04-16.25.08:983][825]Cmd: OBJ SAVEPACKAGE PACKAGE="/Game/Textures/CharacterIcons/TyIcon" FILE="../../../../../../Code/unreal/PlatformerNetworkGame/PlatformerGame/Content/Textures/CharacterIcons/TyIcon.uasset" SILENT=true
[2020.10.04-16.25.09:008][825]LogSavePackage: Moving '../../../../../../Code/unreal/PlatformerNetworkGame/PlatformerGame/Saved/TyIcon8B88933B4DC6706BD5CFE3A116413F5F.tmp' to '../../../../../../Code/unreal/PlatformerNetworkGame/PlatformerGame/Content/Textures/CharacterIcons/TyIcon.uasset'
[2020.10.04-16.25.09:014][825]Cmd: OBJ SAVEPACKAGE PACKAGE="/Game/Textures/HUD/coin" FILE="../../../../../../Code/unreal/PlatformerNetworkGame/PlatformerGame/Content/Textures/HUD/coin.uasset" SILENT=true
[2020.10.04-16.25.09:029][825]LogSavePackage: Moving '../../../../../../Code/unreal/PlatformerNetworkGame/PlatformerGame/Saved/coin0BE308014A47BC8E6EE94091A0DE7F28.tmp' to '../../../../../../Code/unreal/PlatformerNetworkGame/PlatformerGame/Content/Textures/HUD/coin.uasset'
[2020.10.04-16.25.09:035][825]Cmd: OBJ SAVEPACKAGE PACKAGE="/Game/Textures/HUD/heart" FILE="../../../../../../Code/unreal/PlatformerNetworkGame/PlatformerGame/Content/Textures/HUD/heart.uasset" SILENT=true
[2020.10.04-16.25.09:049][825]LogSavePackage: Moving '../../../../../../Code/unreal/PlatformerNetworkGame/PlatformerGame/Saved/heart6E00302D4D5BAF63D0145D9E4E0DF1F8.tmp' to '../../../../../../Code/unreal/PlatformerNetworkGame/PlatformerGame/Content/Textures/HUD/heart.uasset'
[2020.10.04-16.25.09:055][825]Cmd: OBJ SAVEPACKAGE PACKAGE="/Game/Textures/HUD/PowerUps/fire-icon" FILE="../../../../../../Code/unreal/PlatformerNetworkGame/PlatformerGame/Content/Textures/HUD/PowerUps/fire-icon.uasset" SILENT=true
[2020.10.04-16.25.09:076][825]LogSavePackage: Moving '../../../../../../Code/unreal/PlatformerNetworkGame/PlatformerGame/Saved/fire-iconF15FC2724BE9084FBF78D0BACB7E2003.tmp' to '../../../../../../Code/unreal/PlatformerNetworkGame/PlatformerGame/Content/Textures/HUD/PowerUps/fire-icon.uasset'
[2020.10.04-16.25.09:083][825]Cmd: OBJ SAVEPACKAGE PACKAGE="/Game/Textures/HUD/PowerUps/no-powerup" FILE="../../../../../../Code/unreal/PlatformerNetworkGame/PlatformerGame/Content/Textures/HUD/PowerUps/no-powerup.uasset" SILENT=true
[2020.10.04-16.25.09:109][825]LogSavePackage: Moving '../../../../../../Code/unreal/PlatformerNetworkGame/PlatformerGame/Saved/no-powerup7AA68811433CC7FF94091AAE53FC2C37.tmp' to '../../../../../../Code/unreal/PlatformerNetworkGame/PlatformerGame/Content/Textures/HUD/PowerUps/no-powerup.uasset'
[2020.10.04-16.25.09:157][826]AssetCheck: New page: 资产保存：多个资产
[2020.10.04-16.25.09:157][826]LogContentValidation: Display: 正在验证StaticMesh /Game/Meshes/Pickups/Coin1_pack.Coin1_pack
[2020.10.04-16.25.09:157][826]LogContentValidation: Display: 正在验证StaticMesh /Game/Meshes/Pickups/heart.heart
[2020.10.04-16.25.09:157][826]LogContentValidation: Display: 正在验证StaticMesh /Game/Meshes/Powerups/mese.mese
[2020.10.04-16.25.09:157][826]LogContentValidation: Display: 正在验证StaticMesh /Game/Meshes/Props/box.box
[2020.10.04-16.25.09:157][826]LogContentValidation: Display: 正在验证StaticMesh /Game/Meshes/Props/Cloud2.Cloud2
[2020.10.04-16.25.09:157][826]LogContentValidation: Display: 正在验证StaticMesh /Game/Meshes/Props/door.door
[2020.10.04-16.25.09:157][826]LogContentValidation: Display: 正在验证StaticMesh /Game/Meshes/Props/fence1.fence1
[2020.10.04-16.25.09:157][826]LogContentValidation: Display: 正在验证StaticMesh /Game/Meshes/Props/fence2.fence2
[2020.10.04-16.25.09:157][826]LogContentValidation: Display: 正在验证StaticMesh /Game/Meshes/Props/fence3.fence3
[2020.10.04-16.25.09:157][826]LogContentValidation: Display: 正在验证StaticMesh /Game/Meshes/Props/fence4.fence4
[2020.10.04-16.25.09:157][826]LogContentValidation: Display: 正在验证StaticMesh /Game/Meshes/Props/Spike-trap.Spike-trap
[2020.10.04-16.25.09:157][826]LogContentValidation: Display: 正在验证StaticMesh /Game/Meshes/Props/tree.tree
[2020.10.04-16.25.09:157][826]LogContentValidation: Display: 正在验证Texture2D /Game/Textures/CharacterIcons/Granny.Granny
[2020.10.04-16.25.09:157][826]LogContentValidation: Display: 正在验证Texture2D /Game/Textures/CharacterIcons/SelectedCharacterBox.SelectedCharacterBox
[2020.10.04-16.25.09:157][826]LogContentValidation: Display: 正在验证Texture2D /Game/Textures/CharacterIcons/TyIcon.TyIcon
[2020.10.04-16.25.09:157][826]LogContentValidation: Display: 正在验证Texture2D /Game/Textures/HUD/coin.coin
[2020.10.04-16.25.09:157][826]LogContentValidation: Display: 正在验证Texture2D /Game/Textures/HUD/heart.heart
[2020.10.04-16.25.09:157][826]LogContentValidation: Display: 正在验证Texture2D /Game/Textures/HUD/PowerUps/fire-icon.fire-icon
[2020.10.04-16.25.09:157][826]LogContentValidation: Display: 正在验证Texture2D /Game/Textures/HUD/PowerUps/no-powerup.no-powerup
[2020.10.04-16.25.12:133][  5]AssetReimport: 从D:/Code/unreal/PlatformerNetworkGame/PlatformerGame/Content/Meshes/Pickups/Coin1_pack.fbx重新导入资产Coin1_pack。
[2020.10.04-16.25.12:133][  5]AssetReimport: 从D:/Code/unreal/PlatformerNetworkGame/PlatformerGame/Content/Meshes/Pickups/heart.fbx重新导入资产heart。
[2020.10.04-16.25.12:133][  5]AssetReimport: 从D:/Code/unreal/PlatformerNetworkGame/PlatformerGame/Content/Meshes/Powerups/mese.fbx重新导入资产mese。
[2020.10.04-16.25.12:133][  5]AssetReimport: 从D:/Code/unreal/PlatformerNetworkGame/PlatformerGame/Content/Meshes/Props/box.fbx重新导入资产box。
[2020.10.04-16.25.12:133][  5]AssetReimport: 从D:/Code/unreal/PlatformerNetworkGame/PlatformerGame/Content/Meshes/Props/Cloud2.fbx重新导入资产Cloud2。
[2020.10.04-16.25.12:133][  5]AssetReimport: 从D:/Code/unreal/PlatformerNetworkGame/PlatformerGame/Content/Meshes/Props/door.fbx重新导入资产door。
[2020.10.04-16.25.12:133][  5]AssetReimport: 从D:/Code/unreal/PlatformerNetworkGame/PlatformerGame/Content/Meshes/Props/fence1.fbx重新导入资产fence1。
[2020.10.04-16.25.12:133][  5]AssetReimport: 从D:/Code/unreal/PlatformerNetworkGame/PlatformerGame/Content/Meshes/Props/fence2.fbx重新导入资产fence2。
[2020.10.04-16.25.12:133][  5]AssetReimport: 从D:/Code/unreal/PlatformerNetworkGame/PlatformerGame/Content/Meshes/Props/fence3.fbx重新导入资产fence3。
[2020.10.04-16.25.12:133][  5]AssetReimport: 从D:/Code/unreal/PlatformerNetworkGame/PlatformerGame/Content/Meshes/Props/fence4.fbx重新导入资产fence4。
[2020.10.04-16.25.12:133][  5]AssetReimport: 从D:/Code/unreal/PlatformerNetworkGame/PlatformerGame/Content/Meshes/Props/Spike-trap.fbx重新导入资产Spike-trap。
[2020.10.04-16.25.12:133][  5]AssetReimport: 从D:/Code/unreal/PlatformerNetworkGame/PlatformerGame/Content/Meshes/Props/tree.fbx重新导入资产tree。
[2020.10.04-16.25.12:133][  5]AssetReimport: 从D:/Code/unreal/PlatformerNetworkGame/PlatformerGame/Content/Textures/CharacterIcons/Granny.png重新导入资产Granny。
[2020.10.04-16.25.12:133][  5]AssetReimport: 从D:/Code/unreal/PlatformerNetworkGame/PlatformerGame/Content/Textures/CharacterIcons/SelectedCharacterBox.png重新导入资产SelectedCharacterBox。
[2020.10.04-16.25.12:133][  5]AssetReimport: 从D:/Code/unreal/PlatformerNetworkGame/PlatformerGame/Content/Textures/CharacterIcons/TyIcon.png重新导入资产TyIcon。
[2020.10.04-16.25.12:133][  5]AssetReimport: 从D:/Code/unreal/PlatformerNetworkGame/PlatformerGame/Content/Textures/HUD/coin.png重新导入资产coin。
[2020.10.04-16.25.12:133][  5]AssetReimport: 从D:/Code/unreal/PlatformerNetworkGame/PlatformerGame/Content/Textures/HUD/heart.png重新导入资产heart。
[2020.10.04-16.25.12:133][  5]AssetReimport: 从D:/Code/unreal/PlatformerNetworkGame/PlatformerGame/Content/Textures/HUD/PowerUps/fire-icon.png重新导入资产fire-icon。
[2020.10.04-16.25.12:133][  5]AssetReimport: 从D:/Code/unreal/PlatformerNetworkGame/PlatformerGame/Content/Textures/HUD/PowerUps/no-powerup.png重新导入资产no-powerup。
[2020.10.04-16.25.12:380][ 20]LogSlate: Window '项目设置' being destroyed
[2020.10.04-16.25.12:384][ 20]LogSlate: Window '项目设置' being destroyed
[2020.10.04-16.30.03:271][544]LogSlate: Window '项目设置' being destroyed
[2020.10.04-16.30.03:274][544]LogSlate: Window '项目设置' being destroyed
[2020.10.04-16.30.21:294][ 13]LogSlate: WidgetSwitcher ('None') active index changed to -1
[2020.10.04-16.30.21:294][ 13]LogSlate: WidgetSwitcher ('None') active index changed to 0
[2020.10.04-16.30.21:324][ 13]LogSlate: Took 0.005142 seconds to synchronously load lazily loaded font '../../../Engine/Content/Slate/Fonts/Roboto-BoldCondensed.ttf' (158K)
[2020.10.04-16.30.24:178][183]LogSlate: WidgetSwitcher ('None') active index changed to 1
[2020.10.04-16.30.32:085][655]Running D:/component application/unreal/UE_4.25/Engine/Binaries/DotNET/UnrealBuildTool.exe  -projectfiles -project="D:/Code/unreal/PlatformerNetworkGame/PlatformerGame/PlatformerGame.uproject" -game -rocket -progress
[2020.10.04-16.30.32:391][655]Discovering modules, targets and source code for project...
[2020.10.04-16.30.33:498][655]Binding IntelliSense data...
[2020.10.04-16.30.34:819][655]Binding IntelliSense data... 100%
[2020.10.04-16.30.34:819][655]Writing project files...
[2020.10.04-16.30.38:444][655]Writing project files... 100%
[2020.10.04-16.30.38:549][655]Candidate modules for hot reload:
[2020.10.04-16.30.38:549][655]  PlatformerGame
[2020.10.04-16.30.38:549][655]Launching UnrealBuildTool... [D:/component application/unreal/UE_4.25/Engine/Binaries/DotNET/UnrealBuildTool.exe  -ModuleWithSuffix=PlatformerGame,970 PlatformerGameEditor Win64 Development -Project="D:/Code/unreal/PlatformerNetworkGame/PlatformerGame/PlatformerGame.uproject" "D:/Code/unreal/PlatformerNetworkGame/PlatformerGame/PlatformerGame.uproject"  -IgnoreJunk]
[2020.10.04-16.31.01:239][655]CompilerResultsLog: New page: 编译——2020年10月5日 上午8:31:01
[2020.10.04-16.31.01:239][655]CompilerResultsLog: Using 'git status' to determine working set for adaptive non-unity build (D:\Code\unreal\PlatformerNetworkGame).
[2020.10.04-16.31.01:239][655]CompilerResultsLog: Creating makefile for PlatformerGameEditor (no existing makefile)
[2020.10.04-16.31.01:239][655]CompilerResultsLog: Parsing headers for PlatformerGameEditor
[2020.10.04-16.31.01:240][655]CompilerResultsLog:   Running UnrealHeaderTool "D:\Code\unreal\PlatformerNetworkGame\PlatformerGame\PlatformerGame.uproject" "D:\Code\unreal\PlatformerNetworkGame\PlatformerGame\Intermediate\Build\Win64\PlatformerGameEditor\Development\PlatformerGameEditor.uhtmanifest" -LogCmds="loginit warning, logexit warning, logdatabase error" -Unattended -WarningsAsErrors -abslog="C:\Users\piang\AppData\Local\UnrealBuildTool\Log_UHT.txt" -installed
[2020.10.04-16.31.01:240][655]CompilerResultsLog: Reflection code generated for PlatformerGameEditor in 17.6454876 seconds
[2020.10.04-16.31.01:240][655]CompilerResultsLog: Building PlatformerGameEditor...
[2020.10.04-16.31.01:240][655]CompilerResultsLog: Using Visual Studio 2019 14.26.28806 toolchain (D:\Program Files (x86)\Microsoft Visual Studio\2019\Community\VC\Tools\MSVC\14.26.28801) and Windows 10.0.18362.0 SDK (C:\Program Files (x86)\Windows Kits\10).
[2020.10.04-16.31.01:240][655]CompilerResultsLog: Building 9 actions with 16 processes...
[2020.10.04-16.31.01:240][655]CompilerResultsLog:   [1/9] PlatformerGame.init.gen.cpp
[2020.10.04-16.31.01:240][655]CompilerResultsLog:   [2/9] PlatformerGame.cpp
[2020.10.04-16.31.01:240][655]CompilerResultsLog:   [3/9] PlatformerGameGameModeBase.cpp
[2020.10.04-16.31.01:240][655]CompilerResultsLog:   [4/9] BaseCharacter.cpp
[2020.10.04-16.31.01:240][655]CompilerResultsLog:   [5/9] PlatformerGameGameModeBase.gen.cpp
[2020.10.04-16.31.01:240][655]CompilerResultsLog:   [6/9] BaseCharacter.gen.cpp
[2020.10.04-16.31.01:240][655]CompilerResultsLog:   [7/9] UE4Editor-PlatformerGame-0970.lib
[2020.10.04-16.31.01:240][655]CompilerResultsLog:     ???ڴ????? D:\Code\unreal\PlatformerNetworkGame\PlatformerGame\Intermediate\Build\Win64\UE4Editor\Development\PlatformerGame\UE4Editor-PlatformerGame-0970.lib ?Ͷ??? D:\Code\unreal\PlatformerNetworkGame\PlatformerGame\Intermediate\Build\Win64\UE4Editor\Development\PlatformerGame\UE4Editor-PlatformerGame-0970.exp
[2020.10.04-16.31.01:240][655]CompilerResultsLog:   [8/9] UE4Editor-PlatformerGame-0970.dll
[2020.10.04-16.31.01:240][655]CompilerResultsLog:     ???ڴ????? D:\Code\unreal\PlatformerNetworkGame\PlatformerGame\Intermediate\Build\Win64\UE4Editor\Development\PlatformerGame\UE4Editor-PlatformerGame-0970.suppressed.lib ?Ͷ??? D:\Code\unreal\PlatformerNetworkGame\PlatformerGame\Intermediate\Build\Win64\UE4Editor\Development\PlatformerGame\UE4Editor-PlatformerGame-0970.suppressed.exp
[2020.10.04-16.31.01:240][655]CompilerResultsLog:   [9/9] PlatformerGameEditor.target
[2020.10.04-16.31.01:240][655]CompilerResultsLog: Total time in Parallel executor: 3.48 seconds
[2020.10.04-16.31.01:240][655]CompilerResultsLog: Total execution time: 22.61 seconds
[2020.10.04-16.31.01:240][655]LogMainFrame: MainFrame: Module compiling took 22.694 seconds
[2020.10.04-16.31.01:254][655]LogContentBrowser: Native class hierarchy populated in 0.0090 seconds. Added 3428 classes and 823 folders.
[2020.10.04-16.31.01:254][655]Display: HotReload took 22.7s.
[2020.10.04-16.31.01:254][655]Warning: HotReload operation took 22.7s.
[2020.10.04-16.31.01:275][655]LogSlate: Window '添加C++类' being destroyed
[2020.10.04-16.31.01:284][655]LogHotReload: New module detected: UE4Editor-PlatformerGame-0970.dll
[2020.10.04-16.31.01:316][656]LogHotReload: Starting Hot-Reload from IDE
[2020.10.04-16.31.01:374][656]LogClass: Could not find existing class BaseCharacter in package /Script/PlatformerGame for HotReload, assuming new class
[2020.10.04-16.31.01:376][656]LogContentBrowser: Native class hierarchy updated for 'PlatformerGame' in 0.0005 seconds. Added 2 classes and 2 folders.
[2020.10.04-16.31.01:378][656]Display: HotReload successful (0 functions remapped  0 scriptstructs remapped)
[2020.10.04-16.31.01:415][656]LogContentBrowser: Native class hierarchy populated in 0.0096 seconds. Added 3429 classes and 823 folders.
[2020.10.04-16.31.01:418][656]Display: HotReload took  0.1s.
