Log file open, 10/11/20 17:08:19
LogInit: Display: Running engine for game: PlatformerGame
LogPlatformFile: Not using cached read wrapper
LogTaskGraph: Started task graph with 5 named threads and 47 total threads with 3 sets of task threads.
LogStats: Stats thread started at 0.493913
LogD3D11RHI: Loaded GFSDK_Aftermath_Lib.x64.dll
LogICUInternationalization: ICU TimeZone Detection - Raw Offset: +8:00, Platform Override: ''
LogPluginManager: Mounting plugin Paper2D
LogPluginManager: Mounting plugin AISupport
LogPluginManager: Mounting plugin LightPropagationVolume
LogPluginManager: Mounting plugin CameraShakePreviewer
LogPluginManager: Mounting plugin ActorLayerUtilities
LogPluginManager: Mounting plugin AnimationSharing
LogPluginManager: Mounting plugin CLionSourceCodeAccess
LogPluginManager: Mounting plugin CodeLiteSourceCodeAccess
LogPluginManager: Mounting plugin GitSourceControl
LogPluginManager: Mounting plugin KDevelopSourceCodeAccess
LogPluginManager: Mounting plugin NullSourceCodeAccess
LogPluginManager: Mounting plugin PerforceSourceControl
LogPluginManager: Mounting plugin PlasticSourceControl
LogPluginManager: Mounting plugin RiderLink
LogPluginManager: Mounting plugin RiderSourceCodeAccess
LogPluginManager: Mounting plugin SubversionSourceControl
LogPluginManager: Mounting plugin UObjectPlugin
LogPluginManager: Mounting plugin VisualStudioCodeSourceCodeAccess
LogPluginManager: Mounting plugin VisualStudioSourceCodeAccess
LogPluginManager: Mounting plugin XCodeSourceCodeAccess
LogPluginManager: Mounting plugin AssetManagerEditor
LogPluginManager: Mounting plugin CryptoKeys
LogPluginManager: Mounting plugin CurveEditorTools
LogPluginManager: Mounting plugin DataValidation
LogPluginManager: Mounting plugin EditorScriptingUtilities
LogPluginManager: Mounting plugin FacialAnimation
LogPluginManager: Mounting plugin GameplayTagsEditor
LogPluginManager: Mounting plugin GeometryMode
LogPluginManager: Mounting plugin MacGraphicsSwitching
LogPluginManager: Mounting plugin MaterialAnalyzer
LogPluginManager: Mounting plugin MobileLauncherProfileWizard
LogPluginManager: Mounting plugin PluginBrowser
LogPluginManager: Mounting plugin SpeedTreeImporter
LogPluginManager: Mounting plugin DatasmithContent
LogPluginManager: Mounting plugin VariantManagerContent
LogPluginManager: Mounting plugin AlembicImporter
LogPluginManager: Mounting plugin AutomationUtils
LogPluginManager: Mounting plugin BackChannel
LogPluginManager: Mounting plugin ChaosCloth
LogPluginManager: Mounting plugin ChaosClothEditor
LogPluginManager: Mounting plugin ChaosEditor
LogPluginManager: Mounting plugin ChaosNiagara
LogPluginManager: Mounting plugin ChaosSolverPlugin
LogPluginManager: Mounting plugin CharacterAI
LogPluginManager: Mounting plugin GeometryCache
LogPluginManager: Mounting plugin GeometryCollectionPlugin
LogPluginManager: Mounting plugin GeometryProcessing
LogPluginManager: Mounting plugin PlanarCut
LogPluginManager: Mounting plugin PlatformCrypto
LogPluginManager: Mounting plugin ProxyLODPlugin
LogPluginManager: Mounting plugin SkeletalReduction
LogPluginManager: Mounting plugin Niagara
LogPluginManager: Mounting plugin MagicLeap
LogPluginManager: Mounting plugin MagicLeapLightEstimation
LogPluginManager: Mounting plugin MagicLeapMedia
LogPluginManager: Mounting plugin MagicLeapPassableWorld
LogPluginManager: Mounting plugin MLSDK
LogPluginManager: Mounting plugin AndroidMedia
LogPluginManager: Mounting plugin AvfMedia
LogPluginManager: Mounting plugin ImgMedia
LogPluginManager: Mounting plugin MediaCompositing
LogPluginManager: Mounting plugin MediaPlayerEditor
LogPluginManager: Mounting plugin WebMMedia
LogPluginManager: Mounting plugin WmfMedia
LogPluginManager: Mounting plugin MeshPainting
LogPluginManager: Mounting plugin TcpMessaging
LogPluginManager: Mounting plugin UdpMessaging
LogPluginManager: Mounting plugin ActorSequence
LogPluginManager: Mounting plugin LevelSequenceEditor
LogPluginManager: Mounting plugin MatineeToLevelSequence
LogPluginManager: Mounting plugin MovieRenderPipeline
LogPluginManager: Mounting plugin TemplateSequence
LogPluginManager: Mounting plugin NetcodeUnitTest
LogPluginManager: Mounting plugin NUTUnrealEngine4
LogPluginManager: Mounting plugin OnlineSubsystemGooglePlay
LogPluginManager: Mounting plugin OnlineSubsystemIOS
LogPluginManager: Mounting plugin OnlineSubsystem
LogPluginManager: Mounting plugin OnlineSubsystemNull
LogPluginManager: Mounting plugin OnlineSubsystemUtils
LogPluginManager: Mounting plugin LauncherChunkInstaller
LogPluginManager: Mounting plugin AndroidDeviceProfileSelector
LogPluginManager: Mounting plugin AndroidMoviePlayer
LogPluginManager: Mounting plugin AndroidPermission
LogPluginManager: Mounting plugin AppleImageUtils
LogPluginManager: Mounting plugin AppleMoviePlayer
LogPluginManager: Mounting plugin ArchVisCharacter
LogPluginManager: Mounting plugin AssetTags
LogPluginManager: Mounting plugin AudioCapture
LogPluginManager: Mounting plugin CableComponent
LogPluginManager: Mounting plugin CustomMeshComponent
LogPluginManager: Mounting plugin EditableMesh
LogPluginManager: Mounting plugin ExampleDeviceProfileSelector
LogPluginManager: Mounting plugin GoogleCloudMessaging
LogPluginManager: Mounting plugin GooglePAD
LogPluginManager: Mounting plugin IOSDeviceProfileSelector
LogPluginManager: Mounting plugin LinuxDeviceProfileSelector
LogPluginManager: Mounting plugin LocationServicesBPLibrary
LogPluginManager: Mounting plugin MobilePatchingUtils
LogPluginManager: Mounting plugin OculusVR
LogPluginManager: Mounting plugin PhysXVehicles
LogPluginManager: Mounting plugin PostSplashScreen
LogPluginManager: Mounting plugin ProceduralMeshComponent
LogPluginManager: Mounting plugin RuntimePhysXCooking
LogPluginManager: Mounting plugin SignificanceManager
LogPluginManager: Mounting plugin SoundFields
LogPluginManager: Mounting plugin SteamVR
LogPluginManager: Mounting plugin Synthesis
LogPluginManager: Mounting plugin WebMMoviePlayer
LogPluginManager: Mounting plugin WindowsMoviePlayer
LogPluginManager: Mounting plugin ScreenshotTools
LogInit: Using libcurl 7.55.1-DEV
LogInit:  - built for x86_64-pc-win32
LogInit:  - supports SSL with OpenSSL/1.1.1
LogInit:  - supports HTTP deflate (compression) using libz 1.2.8
LogInit:  - other features:
LogInit:      CURL_VERSION_SSL
LogInit:      CURL_VERSION_LIBZ
LogInit:      CURL_VERSION_IPV6
LogInit:      CURL_VERSION_ASYNCHDNS
LogInit:      CURL_VERSION_LARGEFILE
LogInit:      CURL_VERSION_IDN
LogInit:  CurlRequestOptions (configurable via config and command line):
LogInit:  - bVerifyPeer = true  - Libcurl will verify peer certificate
LogInit:  - bUseHttpProxy = false  - Libcurl will NOT use HTTP proxy
LogInit:  - bDontReuseConnections = false  - Libcurl will reuse connections
LogInit:  - MaxHostConnections = 16  - Libcurl will limit the number of connections to a host
LogInit:  - LocalHostAddr = Default
LogInit:  - BufferSize = 65536
LogOnline: OSS: Creating online subsystem instance for: Null
LogInit: WinSock: version 1.1 (2.2), MaxSocks=32767, MaxUdp=65467
LogOnline: OSS: TryLoadSubsystemAndSetDefault: Loaded subsystem for module [Null]
LogInit: Build: ++UE4+Release-4.25-CL-13594126
LogInit: Engine Version: 4.25.1-13594126+++UE4+Release-4.25
LogInit: Compatible Engine Version: 4.25.0-13144385+++UE4+Release-4.25
LogInit: Net CL: 13144385
LogInit: OS: Windows 10 (Release 2004) (), CPU: Intel(R) Core(TM) i7-10875H CPU @ 2.30GHz, GPU: Intel(R) UHD Graphics
LogInit: Compiled (64-bit): Jun  2 2020 02:10:36
LogInit: Compiled with Visual C++: 19.24.28315.00
LogInit: Build Configuration: Development
LogInit: Branch Name: ++UE4+Release-4.25
LogInit: Command Line:  -skipcompile
LogInit: Base Directory: D:/component application/unreal/UE_4.25/Engine/Binaries/Win64/
LogInit: Allocator: TBB
LogInit: Installed Engine Build: 1
LogDevObjectVersion: Number of dev versions registered: 26
LogDevObjectVersion:   Dev-Blueprints (B0D832E4-1F89-4F0D-ACCF-7EB736FD4AA2): 10
LogDevObjectVersion:   Dev-Build (E1C64328-A22C-4D53-A36C-8E866417BD8C): 0
LogDevObjectVersion:   Dev-Core (375EC13C-06E4-48FB-B500-84F0262A717E): 4
LogDevObjectVersion:   Dev-Editor (E4B068ED-F494-42E9-A231-DA0B2E46BB41): 38
LogDevObjectVersion:   Dev-Framework (CFFC743F-43B0-4480-9391-14DF171D2073): 37
LogDevObjectVersion:   Dev-Mobile (B02B49B5-BB20-44E9-A304-32B752E40360): 2
LogDevObjectVersion:   Dev-Networking (A4E4105C-59A1-49B5-A7C5-40C4547EDFEE): 0
LogDevObjectVersion:   Dev-Online (39C831C9-5AE6-47DC-9A44-9C173E1C8E7C): 0
LogDevObjectVersion:   Dev-Physics (78F01B33-EBEA-4F98-B9B4-84EACCB95AA2): 4
LogDevObjectVersion:   Dev-Platform (6631380F-2D4D-43E0-8009-CF276956A95A): 0
LogDevObjectVersion:   Dev-Rendering (12F88B9F-8875-4AFC-A67C-D90C383ABD29): 43
LogDevObjectVersion:   Dev-Sequencer (7B5AE74C-D270-4C10-A958-57980B212A5A): 12
LogDevObjectVersion:   Dev-VR (D7296918-1DD6-4BDD-9DE2-64A83CC13884): 3
LogDevObjectVersion:   Dev-LoadTimes (C2A15278-BFE7-4AFE-6C17-90FF531DF755): 1
LogDevObjectVersion:   Private-Geometry (6EACA3D4-40EC-4CC1-B786-8BED09428FC5): 3
LogDevObjectVersion:   Dev-AnimPhys (29E575DD-E0A3-4627-9D10-D276232CDCEA): 17
LogDevObjectVersion:   Dev-Anim (AF43A65D-7FD3-4947-9873-3E8ED9C1BB05): 7
LogDevObjectVersion:   Dev-ReflectionCapture (6B266CEC-1EC7-4B8F-A30B-E4D90942FC07): 1
LogDevObjectVersion:   Dev-Automation (0DF73D61-A23F-47EA-B727-89E90C41499A): 1
LogDevObjectVersion:   FortniteMain (601D1886-AC64-4F84-AA16-D3DE0DEAC7D6): 31
LogDevObjectVersion:   Dev-Enterprise (9DFFBCD6-494F-0158-E221-12823C92A888): 10
LogDevObjectVersion:   Dev-Niagara (F2AED0AC-9AFE-416F-8664-AA7FFA26D6FC): 1
LogDevObjectVersion:   Dev-Destruction (174F1F0B-B4C6-45A5-B13F-2EE8D0FB917D): 10
LogDevObjectVersion:   Dev-Physics-Ext (35F94A83-E258-406C-A318-09F59610247C): 37
LogDevObjectVersion:   Dev-PhysicsMaterial-Chaos (B68FC16E-8B1B-42E2-B453-215C058844FE): 1
LogDevObjectVersion:   Dev-CineCamera (B2E18506-4273-CFC2-A54E-F4BB758BBA07): 1
LogInit: Presizing for max 25165824 objects, including 0 objects not considered by GC, pre-allocating 0 bytes for permanent pool.
LogConfig: Applying CVar settings from Section [/Script/Engine.StreamingSettings] File [D:/Code/unreal/PlatformerNetworkGame/PlatformerGame/Saved/Config/Windows/Engine.ini]
LogConfig: Setting CVar [[s.MinBulkDataSizeForAsyncLoading:131072]]
LogConfig: Setting CVar [[s.AsyncLoadingThreadEnabled:0]]
LogConfig: Setting CVar [[s.EventDrivenLoaderEnabled:1]]
LogConfig: Setting CVar [[s.WarnIfTimeLimitExceeded:0]]
LogConfig: Setting CVar [[s.TimeLimitExceededMultiplier:1.5]]
LogConfig: Setting CVar [[s.TimeLimitExceededMinTime:0.005]]
LogConfig: Setting CVar [[s.UseBackgroundLevelStreaming:1]]
LogConfig: Setting CVar [[s.PriorityAsyncLoadingExtraTime:15.0]]
LogConfig: Setting CVar [[s.LevelStreamingActorsUpdateTimeLimit:5.0]]
LogConfig: Setting CVar [[s.PriorityLevelStreamingActorsUpdateExtraTime:5.0]]
LogConfig: Setting CVar [[s.LevelStreamingComponentsRegistrationGranularity:10]]
LogConfig: Setting CVar [[s.UnregisterComponentsTimeLimit:1.0]]
LogConfig: Setting CVar [[s.LevelStreamingComponentsUnregistrationGranularity:5]]
LogConfig: Setting CVar [[s.FlushStreamingOnExit:1]]
LogInit: Object subsystem initialized
LogConfig: Setting CVar [[con.DebugEarlyDefault:1]]
LogConfig: Setting CVar [[r.setres:1280x720]]
[2020.10.11-09.08.19:511][  0]LogConfig: Setting CVar [[r.VSync:0]]
[2020.10.11-09.08.19:511][  0]LogConfig: Setting CVar [[r.RHICmdBypass:0]]
[2020.10.11-09.08.19:511][  0]LogConfig: Applying CVar settings from Section [/Script/Engine.RendererSettings] File [D:/Code/unreal/PlatformerNetworkGame/PlatformerGame/Saved/Config/Windows/Engine.ini]
[2020.10.11-09.08.19:511][  0]LogConfig: Setting CVar [[r.GPUCrashDebugging:0]]
[2020.10.11-09.08.19:511][  0]LogConfig: Applying CVar settings from Section [/Script/Engine.RendererOverrideSettings] File [D:/Code/unreal/PlatformerNetworkGame/PlatformerGame/Saved/Config/Windows/Engine.ini]
[2020.10.11-09.08.19:511][  0]LogConfig: Applying CVar settings from Section [/Script/Engine.StreamingSettings] File [D:/Code/unreal/PlatformerNetworkGame/PlatformerGame/Saved/Config/Windows/Engine.ini]
[2020.10.11-09.08.19:511][  0]LogConfig: Setting CVar [[s.MinBulkDataSizeForAsyncLoading:131072]]
[2020.10.11-09.08.19:511][  0]LogConfig: Setting CVar [[s.AsyncLoadingThreadEnabled:0]]
[2020.10.11-09.08.19:511][  0]LogConfig: Setting CVar [[s.EventDrivenLoaderEnabled:1]]
[2020.10.11-09.08.19:511][  0]LogConfig: Setting CVar [[s.WarnIfTimeLimitExceeded:0]]
[2020.10.11-09.08.19:511][  0]LogConfig: Setting CVar [[s.TimeLimitExceededMultiplier:1.5]]
[2020.10.11-09.08.19:511][  0]LogConfig: Setting CVar [[s.TimeLimitExceededMinTime:0.005]]
[2020.10.11-09.08.19:511][  0]LogConfig: Setting CVar [[s.UseBackgroundLevelStreaming:1]]
[2020.10.11-09.08.19:511][  0]LogConfig: Setting CVar [[s.PriorityAsyncLoadingExtraTime:15.0]]
[2020.10.11-09.08.19:511][  0]LogConfig: Setting CVar [[s.LevelStreamingActorsUpdateTimeLimit:5.0]]
[2020.10.11-09.08.19:511][  0]LogConfig: Setting CVar [[s.PriorityLevelStreamingActorsUpdateExtraTime:5.0]]
[2020.10.11-09.08.19:511][  0]LogConfig: Setting CVar [[s.LevelStreamingComponentsRegistrationGranularity:10]]
[2020.10.11-09.08.19:511][  0]LogConfig: Setting CVar [[s.UnregisterComponentsTimeLimit:1.0]]
[2020.10.11-09.08.19:511][  0]LogConfig: Setting CVar [[s.LevelStreamingComponentsUnregistrationGranularity:5]]
[2020.10.11-09.08.19:511][  0]LogConfig: Setting CVar [[s.FlushStreamingOnExit:1]]
[2020.10.11-09.08.19:511][  0]LogConfig: Applying CVar settings from Section [/Script/Engine.GarbageCollectionSettings] File [D:/Code/unreal/PlatformerNetworkGame/PlatformerGame/Saved/Config/Windows/Engine.ini]
[2020.10.11-09.08.19:511][  0]LogConfig: Setting CVar [[gc.MaxObjectsNotConsideredByGC:1]]
[2020.10.11-09.08.19:511][  0]LogConfig: Setting CVar [[gc.SizeOfPermanentObjectPool:0]]
[2020.10.11-09.08.19:511][  0]LogConfig: Setting CVar [[gc.FlushStreamingOnGC:0]]
[2020.10.11-09.08.19:512][  0]LogConfig: Setting CVar [[gc.NumRetriesBeforeForcingGC:10]]
[2020.10.11-09.08.19:512][  0]LogConfig: Setting CVar [[gc.AllowParallelGC:1]]
[2020.10.11-09.08.19:512][  0]LogConfig: Setting CVar [[gc.TimeBetweenPurgingPendingKillObjects:61.1]]
[2020.10.11-09.08.19:512][  0]LogConfig: Setting CVar [[gc.MaxObjectsInEditor:25165824]]
[2020.10.11-09.08.19:512][  0]LogConfig: Setting CVar [[gc.IncrementalBeginDestroyEnabled:1]]
[2020.10.11-09.08.19:512][  0]LogConfig: Setting CVar [[gc.CreateGCClusters:1]]
[2020.10.11-09.08.19:512][  0]LogConfig: Setting CVar [[gc.MinGCClusterSize:5]]
[2020.10.11-09.08.19:512][  0]LogConfig: Setting CVar [[gc.ActorClusteringEnabled:0]]
[2020.10.11-09.08.19:512][  0]LogConfig: Setting CVar [[gc.BlueprintClusteringEnabled:0]]
[2020.10.11-09.08.19:512][  0]LogConfig: Setting CVar [[gc.UseDisregardForGCOnDedicatedServers:0]]
[2020.10.11-09.08.19:512][  0]LogConfig: Applying CVar settings from Section [/Script/Engine.NetworkSettings] File [D:/Code/unreal/PlatformerNetworkGame/PlatformerGame/Saved/Config/Windows/Engine.ini]
[2020.10.11-09.08.19:512][  0]LogConfig: Applying CVar settings from Section [/Script/UnrealEd.CookerSettings] File [D:/Code/unreal/PlatformerNetworkGame/PlatformerGame/Saved/Config/Windows/Engine.ini]
[2020.10.11-09.08.19:513][  0]LogConfig: Applying CVar settings from Section [ViewDistanceQuality@3] File [D:/Code/unreal/PlatformerNetworkGame/PlatformerGame/Saved/Config/Windows/Scalability.ini]
[2020.10.11-09.08.19:513][  0]LogConfig: Setting CVar [[r.SkeletalMeshLODBias:0]]
[2020.10.11-09.08.19:513][  0]LogConfig: Setting CVar [[r.ViewDistanceScale:1.0]]
[2020.10.11-09.08.19:513][  0]LogConfig: Applying CVar settings from Section [AntiAliasingQuality@3] File [D:/Code/unreal/PlatformerNetworkGame/PlatformerGame/Saved/Config/Windows/Scalability.ini]
[2020.10.11-09.08.19:513][  0]LogConfig: Setting CVar [[r.PostProcessAAQuality:4]]
[2020.10.11-09.08.19:513][  0]LogConfig: Applying CVar settings from Section [ShadowQuality@3] File [D:/Code/unreal/PlatformerNetworkGame/PlatformerGame/Saved/Config/Windows/Scalability.ini]
[2020.10.11-09.08.19:513][  0]LogConfig: Setting CVar [[r.LightFunctionQuality:1]]
[2020.10.11-09.08.19:513][  0]LogConfig: Setting CVar [[r.ShadowQuality:5]]
[2020.10.11-09.08.19:513][  0]LogConfig: Setting CVar [[r.Shadow.CSM.MaxCascades:10]]
[2020.10.11-09.08.19:513][  0]LogConfig: Setting CVar [[r.Shadow.MaxResolution:2048]]
[2020.10.11-09.08.19:513][  0]LogConfig: Setting CVar [[r.Shadow.MaxCSMResolution:2048]]
[2020.10.11-09.08.19:513][  0]LogConfig: Setting CVar [[r.Shadow.RadiusThreshold:0.01]]
[2020.10.11-09.08.19:513][  0]LogConfig: Setting CVar [[r.Shadow.DistanceScale:1.0]]
[2020.10.11-09.08.19:513][  0]LogConfig: Setting CVar [[r.Shadow.CSM.TransitionScale:1.0]]
[2020.10.11-09.08.19:513][  0]LogConfig: Setting CVar [[r.Shadow.PreShadowResolutionFactor:1.0]]
[2020.10.11-09.08.19:513][  0]LogConfig: Setting CVar [[r.DistanceFieldShadowing:1]]
[2020.10.11-09.08.19:513][  0]LogConfig: Setting CVar [[r.DistanceFieldAO:1]]
[2020.10.11-09.08.19:513][  0]LogConfig: Setting CVar [[r.AOQuality:2]]
[2020.10.11-09.08.19:513][  0]LogConfig: Setting CVar [[r.VolumetricFog:1]]
[2020.10.11-09.08.19:513][  0]LogConfig: Setting CVar [[r.VolumetricFog.GridPixelSize:8]]
[2020.10.11-09.08.19:513][  0]LogConfig: Setting CVar [[r.VolumetricFog.GridSizeZ:128]]
[2020.10.11-09.08.19:514][  0]LogConfig: Setting CVar [[r.VolumetricFog.HistoryMissSupersampleCount:4]]
[2020.10.11-09.08.19:514][  0]LogConfig: Setting CVar [[r.LightMaxDrawDistanceScale:1]]
[2020.10.11-09.08.19:514][  0]LogConfig: Setting CVar [[r.CapsuleShadows:1]]
[2020.10.11-09.08.19:514][  0]LogConfig: Applying CVar settings from Section [PostProcessQuality@3] File [D:/Code/unreal/PlatformerNetworkGame/PlatformerGame/Saved/Config/Windows/Scalability.ini]
[2020.10.11-09.08.19:514][  0]LogConfig: Setting CVar [[r.MotionBlurQuality:4]]
[2020.10.11-09.08.19:514][  0]LogConfig: Setting CVar [[r.AmbientOcclusionMipLevelFactor:0.4]]
[2020.10.11-09.08.19:514][  0]LogConfig: Setting CVar [[r.AmbientOcclusionMaxQuality:100]]
[2020.10.11-09.08.19:514][  0]LogConfig: Setting CVar [[r.AmbientOcclusionLevels:-1]]
[2020.10.11-09.08.19:514][  0]LogConfig: Setting CVar [[r.AmbientOcclusionRadiusScale:1.0]]
[2020.10.11-09.08.19:514][  0]LogConfig: Setting CVar [[r.DepthOfFieldQuality:2]]
[2020.10.11-09.08.19:514][  0]LogConfig: Setting CVar [[r.RenderTargetPoolMin:400]]
[2020.10.11-09.08.19:514][  0]LogConfig: Setting CVar [[r.LensFlareQuality:2]]
[2020.10.11-09.08.19:514][  0]LogConfig: Setting CVar [[r.SceneColorFringeQuality:1]]
[2020.10.11-09.08.19:514][  0]LogConfig: Setting CVar [[r.EyeAdaptationQuality:2]]
[2020.10.11-09.08.19:514][  0]LogConfig: Setting CVar [[r.BloomQuality:5]]
[2020.10.11-09.08.19:514][  0]LogConfig: Setting CVar [[r.FastBlurThreshold:100]]
[2020.10.11-09.08.19:514][  0]LogConfig: Setting CVar [[r.Upscale.Quality:3]]
[2020.10.11-09.08.19:514][  0]LogConfig: Setting CVar [[r.Tonemapper.GrainQuantization:1]]
[2020.10.11-09.08.19:514][  0]LogConfig: Setting CVar [[r.LightShaftQuality:1]]
[2020.10.11-09.08.19:514][  0]LogConfig: Setting CVar [[r.Filter.SizeScale:1]]
[2020.10.11-09.08.19:514][  0]LogConfig: Setting CVar [[r.Tonemapper.Quality:5]]
[2020.10.11-09.08.19:514][  0]LogConfig: Setting CVar [[r.DOF.Gather.AccumulatorQuality:1        ; higher gathering accumulator quality]]
[2020.10.11-09.08.19:514][  0]LogConfig: Setting CVar [[r.DOF.Gather.PostfilterMethod:1          ; Median3x3 postfilering method]]
[2020.10.11-09.08.19:514][  0]LogConfig: Setting CVar [[r.DOF.Gather.EnableBokehSettings:0       ; no bokeh simulation when gathering]]
[2020.10.11-09.08.19:514][  0]LogConfig: Setting CVar [[r.DOF.Gather.RingCount:4                 ; medium number of samples when gathering]]
[2020.10.11-09.08.19:514][  0]LogConfig: Setting CVar [[r.DOF.Scatter.ForegroundCompositing:1    ; additive foreground scattering]]
[2020.10.11-09.08.19:514][  0]LogConfig: Setting CVar [[r.DOF.Scatter.BackgroundCompositing:2    ; additive background scattering]]
[2020.10.11-09.08.19:514][  0]LogConfig: Setting CVar [[r.DOF.Scatter.EnableBokehSettings:1      ; bokeh simulation when scattering]]
[2020.10.11-09.08.19:514][  0]LogConfig: Setting CVar [[r.DOF.Scatter.MaxSpriteRatio:0.1         ; only a maximum of 10% of scattered bokeh]]
[2020.10.11-09.08.19:514][  0]LogConfig: Setting CVar [[r.DOF.Recombine.Quality:1                ; cheap slight out of focus]]
[2020.10.11-09.08.19:514][  0]LogConfig: Setting CVar [[r.DOF.Recombine.EnableBokehSettings:0    ; no bokeh simulation on slight out of focus]]
[2020.10.11-09.08.19:514][  0]LogConfig: Setting CVar [[r.DOF.TemporalAAQuality:1                ; more stable temporal accumulation]]
[2020.10.11-09.08.19:514][  0]LogConfig: Setting CVar [[r.DOF.Kernel.MaxForegroundRadius:0.025]]
[2020.10.11-09.08.19:514][  0]LogConfig: Setting CVar [[r.DOF.Kernel.MaxBackgroundRadius:0.025]]
[2020.10.11-09.08.19:514][  0]LogConfig: Applying CVar settings from Section [TextureQuality@3] File [D:/Code/unreal/PlatformerNetworkGame/PlatformerGame/Saved/Config/Windows/Scalability.ini]
[2020.10.11-09.08.19:514][  0]LogConfig: Setting CVar [[r.Streaming.MipBias:0]]
[2020.10.11-09.08.19:514][  0]LogConfig: Setting CVar [[r.Streaming.AmortizeCPUToGPUCopy:0]]
[2020.10.11-09.08.19:514][  0]LogConfig: Setting CVar [[r.Streaming.MaxNumTexturesToStreamPerFrame:0]]
[2020.10.11-09.08.19:514][  0]LogConfig: Setting CVar [[r.Streaming.Boost:1]]
[2020.10.11-09.08.19:514][  0]LogConfig: Setting CVar [[r.MaxAnisotropy:8]]
[2020.10.11-09.08.19:514][  0]LogConfig: Setting CVar [[r.VT.MaxAnisotropy:8]]
[2020.10.11-09.08.19:514][  0]LogConfig: Setting CVar [[r.Streaming.LimitPoolSizeToVRAM:0]]
[2020.10.11-09.08.19:514][  0]LogConfig: Setting CVar [[r.Streaming.PoolSize:1000]]
[2020.10.11-09.08.19:514][  0]LogConfig: Setting CVar [[r.Streaming.MaxEffectiveScreenSize:0]]
[2020.10.11-09.08.19:514][  0]LogConfig: Applying CVar settings from Section [EffectsQuality@3] File [D:/Code/unreal/PlatformerNetworkGame/PlatformerGame/Saved/Config/Windows/Scalability.ini]
[2020.10.11-09.08.19:514][  0]LogConfig: Setting CVar [[r.TranslucencyLightingVolumeDim:64]]
[2020.10.11-09.08.19:514][  0]LogConfig: Setting CVar [[r.RefractionQuality:2]]
[2020.10.11-09.08.19:514][  0]LogConfig: Setting CVar [[r.SSR.Quality:3]]
[2020.10.11-09.08.19:514][  0]LogConfig: Setting CVar [[r.SSR.HalfResSceneColor:0]]
[2020.10.11-09.08.19:514][  0]LogConfig: Setting CVar [[r.SceneColorFormat:4]]
[2020.10.11-09.08.19:514][  0]LogConfig: Setting CVar [[r.DetailMode:2]]
[2020.10.11-09.08.19:514][  0]LogConfig: Setting CVar [[r.TranslucencyVolumeBlur:1]]
[2020.10.11-09.08.19:514][  0]LogConfig: Setting CVar [[r.MaterialQualityLevel:1 ; High quality]]
[2020.10.11-09.08.19:514][  0]LogConfig: Setting CVar [[r.SSS.Scale:1]]
[2020.10.11-09.08.19:514][  0]LogConfig: Setting CVar [[r.SSS.SampleSet:2]]
[2020.10.11-09.08.19:514][  0]LogConfig: Setting CVar [[r.SSS.Quality:1]]
[2020.10.11-09.08.19:514][  0]LogConfig: Setting CVar [[r.SSS.HalfRes:0]]
[2020.10.11-09.08.19:514][  0]LogConfig: Setting CVar [[r.SSGI.Quality:3]]
[2020.10.11-09.08.19:514][  0]LogConfig: Setting CVar [[r.EmitterSpawnRateScale:1.0]]
[2020.10.11-09.08.19:514][  0]LogConfig: Setting CVar [[r.ParticleLightQuality:2]]
[2020.10.11-09.08.19:514][  0]LogConfig: Setting CVar [[r.SkyAtmosphere.AerialPerspectiveLUT.FastApplyOnOpaque:1 ; Always have FastSkyLUT 1 in this case to avoid wrong sky]]
[2020.10.11-09.08.19:514][  0]LogConfig: Setting CVar [[r.SkyAtmosphere.AerialPerspectiveLUT.SampleCountPerSlice:1]]
[2020.10.11-09.08.19:514][  0]LogConfig: Setting CVar [[r.SkyAtmosphere.AerialPerspectiveLUT.DepthResolution:16.0]]
[2020.10.11-09.08.19:514][  0]LogConfig: Setting CVar [[r.SkyAtmosphere.FastSkyLUT:1]]
[2020.10.11-09.08.19:514][  0]LogConfig: Setting CVar [[r.SkyAtmosphere.FastSkyLUT.SampleCountMin:4.0]]
[2020.10.11-09.08.19:514][  0]LogConfig: Setting CVar [[r.SkyAtmosphere.FastSkyLUT.SampleCountMax:32.0]]
[2020.10.11-09.08.19:514][  0]LogConfig: Setting CVar [[r.SkyAtmosphere.SampleCountMin:4.0]]
[2020.10.11-09.08.19:514][  0]LogConfig: Setting CVar [[r.SkyAtmosphere.SampleCountMax:32.0]]
[2020.10.11-09.08.19:514][  0]LogConfig: Setting CVar [[r.SkyAtmosphere.TransmittanceLUT.UseSmallFormat:0]]
[2020.10.11-09.08.19:514][  0]LogConfig: Setting CVar [[r.SkyAtmosphere.TransmittanceLUT.SampleCount:10.0]]
[2020.10.11-09.08.19:514][  0]LogConfig: Setting CVar [[r.SkyAtmosphere.MultiScatteringLUT.SampleCount:15.0]]
[2020.10.11-09.08.19:514][  0]LogConfig: Applying CVar settings from Section [FoliageQuality@3] File [D:/Code/unreal/PlatformerNetworkGame/PlatformerGame/Saved/Config/Windows/Scalability.ini]
[2020.10.11-09.08.19:514][  0]LogConfig: Setting CVar [[foliage.DensityScale:1.0]]
[2020.10.11-09.08.19:514][  0]LogConfig: Setting CVar [[grass.DensityScale:1.0]]
[2020.10.11-09.08.19:514][  0]LogConfig: Applying CVar settings from Section [ShadingQuality@3] File [D:/Code/unreal/PlatformerNetworkGame/PlatformerGame/Saved/Config/Windows/Scalability.ini]
[2020.10.11-09.08.19:514][  0]LogConfig: Setting CVar [[r.HairStrands.SkyLighting.SampleCount:16]]
[2020.10.11-09.08.19:514][  0]LogConfig: Setting CVar [[r.HairStrands.SkyLighting.JitterIntegration:0]]
[2020.10.11-09.08.19:514][  0]LogConfig: Setting CVar [[r.HairStrands.SkyAO.SampleCount:16]]
[2020.10.11-09.08.19:514][  0]LogConfig: Setting CVar [[r.HairStrands.DeepShadow.SuperSampling:0]]
[2020.10.11-09.08.19:514][  0]LogConfig: Setting CVar [[r.HairStrands.VisibilityPPLL:0]]
[2020.10.11-09.08.19:514][  0]LogConfig: Setting CVar [[r.HairStrands.RasterizationScale:0.5]]
[2020.10.11-09.08.19:514][  0]LogConfig: Setting CVar [[r.HairStrands.VelocityRasterizationScale:1]]
[2020.10.11-09.08.19:514][  0]LogInit: Selected Device Profile: [Windows]
[2020.10.11-09.08.19:514][  0]LogInit: Applying CVar settings loaded from the selected device profile: [Windows]
[2020.10.11-09.08.19:514][  0]LogHAL: Display: Platform has ~ 32 GB [34186383360 / 34359738368 / 32], which maps to Largest [LargestMinGB=32, LargerMinGB=12, DefaultMinGB=8, SmallerMinGB=6, SmallestMinGB=0)
[2020.10.11-09.08.19:514][  0]LogInit: Going up to parent DeviceProfile []
[2020.10.11-09.08.19:514][  0]LogConfig: Applying CVar settings from Section [ViewDistanceQuality@3] File [D:/Code/unreal/PlatformerNetworkGame/PlatformerGame/Saved/Config/Windows/Scalability.ini]
[2020.10.11-09.08.19:514][  0]LogConfig: Setting CVar [[r.SkeletalMeshLODBias:0]]
[2020.10.11-09.08.19:514][  0]LogConfig: Setting CVar [[r.ViewDistanceScale:1.0]]
[2020.10.11-09.08.19:514][  0]LogConfig: Applying CVar settings from Section [AntiAliasingQuality@3] File [D:/Code/unreal/PlatformerNetworkGame/PlatformerGame/Saved/Config/Windows/Scalability.ini]
[2020.10.11-09.08.19:514][  0]LogConfig: Setting CVar [[r.PostProcessAAQuality:4]]
[2020.10.11-09.08.19:514][  0]LogConfig: Applying CVar settings from Section [ShadowQuality@3] File [D:/Code/unreal/PlatformerNetworkGame/PlatformerGame/Saved/Config/Windows/Scalability.ini]
[2020.10.11-09.08.19:514][  0]LogConfig: Setting CVar [[r.LightFunctionQuality:1]]
[2020.10.11-09.08.19:514][  0]LogConfig: Setting CVar [[r.ShadowQuality:5]]
[2020.10.11-09.08.19:514][  0]LogConfig: Setting CVar [[r.Shadow.CSM.MaxCascades:10]]
[2020.10.11-09.08.19:514][  0]LogConfig: Setting CVar [[r.Shadow.MaxResolution:2048]]
[2020.10.11-09.08.19:514][  0]LogConfig: Setting CVar [[r.Shadow.MaxCSMResolution:2048]]
[2020.10.11-09.08.19:514][  0]LogConfig: Setting CVar [[r.Shadow.RadiusThreshold:0.01]]
[2020.10.11-09.08.19:514][  0]LogConfig: Setting CVar [[r.Shadow.DistanceScale:1.0]]
[2020.10.11-09.08.19:514][  0]LogConfig: Setting CVar [[r.Shadow.CSM.TransitionScale:1.0]]
[2020.10.11-09.08.19:514][  0]LogConfig: Setting CVar [[r.Shadow.PreShadowResolutionFactor:1.0]]
[2020.10.11-09.08.19:514][  0]LogConfig: Setting CVar [[r.DistanceFieldShadowing:1]]
[2020.10.11-09.08.19:514][  0]LogConfig: Setting CVar [[r.DistanceFieldAO:1]]
[2020.10.11-09.08.19:514][  0]LogConfig: Setting CVar [[r.AOQuality:2]]
[2020.10.11-09.08.19:515][  0]LogConfig: Setting CVar [[r.VolumetricFog:1]]
[2020.10.11-09.08.19:515][  0]LogConfig: Setting CVar [[r.VolumetricFog.GridPixelSize:8]]
[2020.10.11-09.08.19:515][  0]LogConfig: Setting CVar [[r.VolumetricFog.GridSizeZ:128]]
[2020.10.11-09.08.19:515][  0]LogConfig: Setting CVar [[r.VolumetricFog.HistoryMissSupersampleCount:4]]
[2020.10.11-09.08.19:515][  0]LogConfig: Setting CVar [[r.LightMaxDrawDistanceScale:1]]
[2020.10.11-09.08.19:515][  0]LogConfig: Setting CVar [[r.CapsuleShadows:1]]
[2020.10.11-09.08.19:515][  0]LogConfig: Applying CVar settings from Section [PostProcessQuality@3] File [D:/Code/unreal/PlatformerNetworkGame/PlatformerGame/Saved/Config/Windows/Scalability.ini]
[2020.10.11-09.08.19:515][  0]LogConfig: Setting CVar [[r.MotionBlurQuality:4]]
[2020.10.11-09.08.19:515][  0]LogConfig: Setting CVar [[r.AmbientOcclusionMipLevelFactor:0.4]]
[2020.10.11-09.08.19:515][  0]LogConfig: Setting CVar [[r.AmbientOcclusionMaxQuality:100]]
[2020.10.11-09.08.19:515][  0]LogConfig: Setting CVar [[r.AmbientOcclusionLevels:-1]]
[2020.10.11-09.08.19:515][  0]LogConfig: Setting CVar [[r.AmbientOcclusionRadiusScale:1.0]]
[2020.10.11-09.08.19:515][  0]LogConfig: Setting CVar [[r.DepthOfFieldQuality:2]]
[2020.10.11-09.08.19:515][  0]LogConfig: Setting CVar [[r.RenderTargetPoolMin:400]]
[2020.10.11-09.08.19:515][  0]LogConfig: Setting CVar [[r.LensFlareQuality:2]]
[2020.10.11-09.08.19:515][  0]LogConfig: Setting CVar [[r.SceneColorFringeQuality:1]]
[2020.10.11-09.08.19:515][  0]LogConfig: Setting CVar [[r.EyeAdaptationQuality:2]]
[2020.10.11-09.08.19:515][  0]LogConfig: Setting CVar [[r.BloomQuality:5]]
[2020.10.11-09.08.19:515][  0]LogConfig: Setting CVar [[r.FastBlurThreshold:100]]
[2020.10.11-09.08.19:515][  0]LogConfig: Setting CVar [[r.Upscale.Quality:3]]
[2020.10.11-09.08.19:515][  0]LogConfig: Setting CVar [[r.Tonemapper.GrainQuantization:1]]
[2020.10.11-09.08.19:515][  0]LogConfig: Setting CVar [[r.LightShaftQuality:1]]
[2020.10.11-09.08.19:515][  0]LogConfig: Setting CVar [[r.Filter.SizeScale:1]]
[2020.10.11-09.08.19:515][  0]LogConfig: Setting CVar [[r.Tonemapper.Quality:5]]
[2020.10.11-09.08.19:515][  0]LogConfig: Setting CVar [[r.DOF.Gather.AccumulatorQuality:1        ; higher gathering accumulator quality]]
[2020.10.11-09.08.19:515][  0]LogConfig: Setting CVar [[r.DOF.Gather.PostfilterMethod:1          ; Median3x3 postfilering method]]
[2020.10.11-09.08.19:515][  0]LogConfig: Setting CVar [[r.DOF.Gather.EnableBokehSettings:0       ; no bokeh simulation when gathering]]
[2020.10.11-09.08.19:515][  0]LogConfig: Setting CVar [[r.DOF.Gather.RingCount:4                 ; medium number of samples when gathering]]
[2020.10.11-09.08.19:515][  0]LogConfig: Setting CVar [[r.DOF.Scatter.ForegroundCompositing:1    ; additive foreground scattering]]
[2020.10.11-09.08.19:515][  0]LogConfig: Setting CVar [[r.DOF.Scatter.BackgroundCompositing:2    ; additive background scattering]]
[2020.10.11-09.08.19:515][  0]LogConfig: Setting CVar [[r.DOF.Scatter.EnableBokehSettings:1      ; bokeh simulation when scattering]]
[2020.10.11-09.08.19:515][  0]LogConfig: Setting CVar [[r.DOF.Scatter.MaxSpriteRatio:0.1         ; only a maximum of 10% of scattered bokeh]]
[2020.10.11-09.08.19:515][  0]LogConfig: Setting CVar [[r.DOF.Recombine.Quality:1                ; cheap slight out of focus]]
[2020.10.11-09.08.19:515][  0]LogConfig: Setting CVar [[r.DOF.Recombine.EnableBokehSettings:0    ; no bokeh simulation on slight out of focus]]
[2020.10.11-09.08.19:515][  0]LogConfig: Setting CVar [[r.DOF.TemporalAAQuality:1                ; more stable temporal accumulation]]
[2020.10.11-09.08.19:515][  0]LogConfig: Setting CVar [[r.DOF.Kernel.MaxForegroundRadius:0.025]]
[2020.10.11-09.08.19:515][  0]LogConfig: Setting CVar [[r.DOF.Kernel.MaxBackgroundRadius:0.025]]
[2020.10.11-09.08.19:515][  0]LogConfig: Applying CVar settings from Section [TextureQuality@3] File [D:/Code/unreal/PlatformerNetworkGame/PlatformerGame/Saved/Config/Windows/Scalability.ini]
[2020.10.11-09.08.19:515][  0]LogConfig: Setting CVar [[r.Streaming.MipBias:0]]
[2020.10.11-09.08.19:515][  0]LogConfig: Setting CVar [[r.Streaming.AmortizeCPUToGPUCopy:0]]
[2020.10.11-09.08.19:515][  0]LogConfig: Setting CVar [[r.Streaming.MaxNumTexturesToStreamPerFrame:0]]
[2020.10.11-09.08.19:515][  0]LogConfig: Setting CVar [[r.Streaming.Boost:1]]
[2020.10.11-09.08.19:515][  0]LogConfig: Setting CVar [[r.MaxAnisotropy:8]]
[2020.10.11-09.08.19:515][  0]LogConfig: Setting CVar [[r.VT.MaxAnisotropy:8]]
[2020.10.11-09.08.19:515][  0]LogConfig: Setting CVar [[r.Streaming.LimitPoolSizeToVRAM:0]]
[2020.10.11-09.08.19:515][  0]LogConfig: Setting CVar [[r.Streaming.PoolSize:1000]]
[2020.10.11-09.08.19:515][  0]LogConfig: Setting CVar [[r.Streaming.MaxEffectiveScreenSize:0]]
[2020.10.11-09.08.19:515][  0]LogConfig: Applying CVar settings from Section [EffectsQuality@3] File [D:/Code/unreal/PlatformerNetworkGame/PlatformerGame/Saved/Config/Windows/Scalability.ini]
[2020.10.11-09.08.19:515][  0]LogConfig: Setting CVar [[r.TranslucencyLightingVolumeDim:64]]
[2020.10.11-09.08.19:515][  0]LogConfig: Setting CVar [[r.RefractionQuality:2]]
[2020.10.11-09.08.19:515][  0]LogConfig: Setting CVar [[r.SSR.Quality:3]]
[2020.10.11-09.08.19:515][  0]LogConfig: Setting CVar [[r.SSR.HalfResSceneColor:0]]
[2020.10.11-09.08.19:515][  0]LogConfig: Setting CVar [[r.SceneColorFormat:4]]
[2020.10.11-09.08.19:515][  0]LogConfig: Setting CVar [[r.DetailMode:2]]
[2020.10.11-09.08.19:515][  0]LogConfig: Setting CVar [[r.TranslucencyVolumeBlur:1]]
[2020.10.11-09.08.19:515][  0]LogConfig: Setting CVar [[r.MaterialQualityLevel:1 ; High quality]]
[2020.10.11-09.08.19:515][  0]LogConfig: Setting CVar [[r.SSS.Scale:1]]
[2020.10.11-09.08.19:515][  0]LogConfig: Setting CVar [[r.SSS.SampleSet:2]]
[2020.10.11-09.08.19:515][  0]LogConfig: Setting CVar [[r.SSS.Quality:1]]
[2020.10.11-09.08.19:515][  0]LogConfig: Setting CVar [[r.SSS.HalfRes:0]]
[2020.10.11-09.08.19:515][  0]LogConfig: Setting CVar [[r.SSGI.Quality:3]]
[2020.10.11-09.08.19:515][  0]LogConfig: Setting CVar [[r.EmitterSpawnRateScale:1.0]]
[2020.10.11-09.08.19:515][  0]LogConfig: Setting CVar [[r.ParticleLightQuality:2]]
[2020.10.11-09.08.19:515][  0]LogConfig: Setting CVar [[r.SkyAtmosphere.AerialPerspectiveLUT.FastApplyOnOpaque:1 ; Always have FastSkyLUT 1 in this case to avoid wrong sky]]
[2020.10.11-09.08.19:515][  0]LogConfig: Setting CVar [[r.SkyAtmosphere.AerialPerspectiveLUT.SampleCountPerSlice:1]]
[2020.10.11-09.08.19:515][  0]LogConfig: Setting CVar [[r.SkyAtmosphere.AerialPerspectiveLUT.DepthResolution:16.0]]
[2020.10.11-09.08.19:515][  0]LogConfig: Setting CVar [[r.SkyAtmosphere.FastSkyLUT:1]]
[2020.10.11-09.08.19:515][  0]LogConfig: Setting CVar [[r.SkyAtmosphere.FastSkyLUT.SampleCountMin:4.0]]
[2020.10.11-09.08.19:515][  0]LogConfig: Setting CVar [[r.SkyAtmosphere.FastSkyLUT.SampleCountMax:32.0]]
[2020.10.11-09.08.19:515][  0]LogConfig: Setting CVar [[r.SkyAtmosphere.SampleCountMin:4.0]]
[2020.10.11-09.08.19:515][  0]LogConfig: Setting CVar [[r.SkyAtmosphere.SampleCountMax:32.0]]
[2020.10.11-09.08.19:515][  0]LogConfig: Setting CVar [[r.SkyAtmosphere.TransmittanceLUT.UseSmallFormat:0]]
[2020.10.11-09.08.19:515][  0]LogConfig: Setting CVar [[r.SkyAtmosphere.TransmittanceLUT.SampleCount:10.0]]
[2020.10.11-09.08.19:515][  0]LogConfig: Setting CVar [[r.SkyAtmosphere.MultiScatteringLUT.SampleCount:15.0]]
[2020.10.11-09.08.19:515][  0]LogConfig: Applying CVar settings from Section [FoliageQuality@3] File [D:/Code/unreal/PlatformerNetworkGame/PlatformerGame/Saved/Config/Windows/Scalability.ini]
[2020.10.11-09.08.19:515][  0]LogConfig: Setting CVar [[foliage.DensityScale:1.0]]
[2020.10.11-09.08.19:515][  0]LogConfig: Setting CVar [[grass.DensityScale:1.0]]
[2020.10.11-09.08.19:515][  0]LogConfig: Applying CVar settings from Section [ShadingQuality@3] File [D:/Code/unreal/PlatformerNetworkGame/PlatformerGame/Saved/Config/Windows/Scalability.ini]
[2020.10.11-09.08.19:515][  0]LogConfig: Setting CVar [[r.HairStrands.SkyLighting.SampleCount:16]]
[2020.10.11-09.08.19:515][  0]LogConfig: Setting CVar [[r.HairStrands.SkyLighting.JitterIntegration:0]]
[2020.10.11-09.08.19:515][  0]LogConfig: Setting CVar [[r.HairStrands.SkyAO.SampleCount:16]]
[2020.10.11-09.08.19:515][  0]LogConfig: Setting CVar [[r.HairStrands.DeepShadow.SuperSampling:0]]
[2020.10.11-09.08.19:515][  0]LogConfig: Setting CVar [[r.HairStrands.VisibilityPPLL:0]]
[2020.10.11-09.08.19:515][  0]LogConfig: Setting CVar [[r.HairStrands.RasterizationScale:0.5]]
[2020.10.11-09.08.19:515][  0]LogConfig: Setting CVar [[r.HairStrands.VelocityRasterizationScale:1]]
[2020.10.11-09.08.19:515][  0]LogConfig: Applying CVar settings from Section [Startup] File [../../../Engine/Config/ConsoleVariables.ini]
[2020.10.11-09.08.19:515][  0]LogConfig: Setting CVar [[net.UseAdaptiveNetUpdateFrequency:0]]
[2020.10.11-09.08.19:515][  0]LogConfig: Setting CVar [[p.chaos.AllowCreatePhysxBodies:1]]
[2020.10.11-09.08.19:515][  0]LogConfig: Setting CVar [[fx.SkipVectorVMBackendOptimizations:1]]
[2020.10.11-09.08.19:515][  0]LogConfig: Applying CVar settings from Section [ConsoleVariables] File [D:/Code/unreal/PlatformerNetworkGame/PlatformerGame/Saved/Config/Windows/Engine.ini]
[2020.10.11-09.08.19:515][  0]LogInit: Computer: DESKTOP-G0SN44A
[2020.10.11-09.08.19:515][  0]LogInit: User: piang
[2020.10.11-09.08.19:515][  0]LogInit: CPU Page size=4096, Cores=8
[2020.10.11-09.08.19:515][  0]LogInit: High frequency timer resolution =10.000000 MHz
[2020.10.11-09.08.19:516][  0]LogMemory: Memory total: Physical=31.8GB (32GB approx)
[2020.10.11-09.08.19:516][  0]LogMemory: Platform Memory Stats for Windows
[2020.10.11-09.08.19:516][  0]LogMemory: Process Physical Memory: 117.32 MB used, 117.32 MB peak
[2020.10.11-09.08.19:516][  0]LogMemory: Process Virtual Memory: 98.05 MB used, 98.05 MB peak
[2020.10.11-09.08.19:516][  0]LogMemory: Physical Memory: 9897.00 MB used,  22705.68 MB free, 32602.68 MB total
[2020.10.11-09.08.19:516][  0]LogMemory: Virtual Memory: 5187.76 MB used,  134212544.00 MB free, 134217728.00 MB total
[2020.10.11-09.08.19:520][  0]LogWindows: WindowsPlatformFeatures enabled
[2020.10.11-09.08.19:558][  0]LogInit: Physics initialised using underlying interface: PhysX
[2020.10.11-09.08.19:559][  0]LogInit: Using OS detected language (zh-CN).
[2020.10.11-09.08.19:559][  0]LogInit: Using OS detected locale (zh-CN).
[2020.10.11-09.08.19:560][  0]LogTextLocalizationManager: No specific localization for 'zh-CN' exists, so the 'zh-Hans' localization will be used.
[2020.10.11-09.08.19:622][  0]LogTextLocalizationResource: LocRes '../../../Engine/Content/Localization/Editor/zh/Editor.locres' could not be opened for reading!
[2020.10.11-09.08.19:622][  0]LogTextLocalizationResource: LocRes '../../../Engine/Content/Localization/EditorTutorials/zh/EditorTutorials.locres' could not be opened for reading!
[2020.10.11-09.08.19:622][  0]LogTextLocalizationResource: LocRes '../../../Engine/Content/Localization/Keywords/zh/Keywords.locres' could not be opened for reading!
[2020.10.11-09.08.19:622][  0]LogTextLocalizationResource: LocRes '../../../Engine/Content/Localization/Category/zh/Category.locres' could not be opened for reading!
[2020.10.11-09.08.19:622][  0]LogTextLocalizationResource: LocRes '../../../Engine/Content/Localization/ToolTips/zh/ToolTips.locres' could not be opened for reading!
[2020.10.11-09.08.19:622][  0]LogTextLocalizationResource: LocRes '../../../Engine/Content/Localization/PropertyNames/zh/PropertyNames.locres' could not be opened for reading!
[2020.10.11-09.08.19:622][  0]LogTextLocalizationResource: LocRes '../../../Engine/Content/Localization/Engine/zh/Engine.locres' could not be opened for reading!
[2020.10.11-09.08.19:622][  0]LogTextLocalizationResource: LocRes '../../../Engine/Plugins/Online/Android/OnlineSubsystemGooglePlay/Content/Localization/OnlineSubsystemGooglePlay/zh/OnlineSubsystemGooglePlay.locres' could not be opened for reading!
[2020.10.11-09.08.19:622][  0]LogTextLocalizationResource: LocRes '../../../Engine/Plugins/Online/IOS/OnlineSubsystemIOS/Content/Localization/OnlineSubsystemIOS/zh/OnlineSubsystemIOS.locres' could not be opened for reading!
[2020.10.11-09.08.19:622][  0]LogTextLocalizationResource: LocRes '../../../Engine/Plugins/Online/OnlineSubsystem/Content/Localization/OnlineSubsystem/zh/OnlineSubsystem.locres' could not be opened for reading!
[2020.10.11-09.08.19:622][  0]LogTextLocalizationResource: LocRes '../../../Engine/Plugins/Online/OnlineSubsystemUtils/Content/Localization/OnlineSubsystemUtils/zh/OnlineSubsystemUtils.locres' could not be opened for reading!
[2020.10.11-09.08.19:662][  0]LogInit: Setting process to per monitor DPI aware
[2020.10.11-09.08.19:683][  0]LogSlate: New Slate User Created.  User Index 0, Is Virtual User: 0
[2020.10.11-09.08.19:683][  0]LogSlate: Slate User Registered.  User Index 0, Is Virtual User: 0
[2020.10.11-09.08.19:781][  0]LogHMD: Failed to initialize OpenVR with code 110
[2020.10.11-09.08.19:781][  0]LogD3D11RHI: D3D11 min allowed feature level: 11_0
[2020.10.11-09.08.19:781][  0]LogD3D11RHI: D3D11 max allowed feature level: 11_0
[2020.10.11-09.08.19:781][  0]LogD3D11RHI: D3D11 adapters:
[2020.10.11-09.08.19:851][  0]LogD3D11RHI:    0. 'NVIDIA GeForce RTX 2080 Super with Max-Q Design' (Feature Level 11_0)
[2020.10.11-09.08.19:851][  0]LogD3D11RHI:       8010/0/16301 MB DedicatedVideo/DedicatedSystem/SharedSystem, Outputs:1, VendorId:0x10de
[2020.10.11-09.08.19:875][  0]LogD3D11RHI:    1. 'Intel(R) UHD Graphics' (Feature Level 11_0)
[2020.10.11-09.08.19:876][  0]LogD3D11RHI:       128/0/16301 MB DedicatedVideo/DedicatedSystem/SharedSystem, Outputs:0, VendorId:0x8086
[2020.10.11-09.08.19:877][  0]LogD3D11RHI:    2. 'Microsoft Basic Render Driver' (Feature Level 11_0)
[2020.10.11-09.08.19:877][  0]LogD3D11RHI:       0/0/16301 MB DedicatedVideo/DedicatedSystem/SharedSystem, Outputs:0, VendorId:0x1414
[2020.10.11-09.08.19:877][  0]LogD3D11RHI: Chosen D3D11 Adapter: 0
[2020.10.11-09.08.19:883][  0]LogD3D11RHI: Creating new Direct3DDevice
[2020.10.11-09.08.19:883][  0]LogD3D11RHI:     GPU DeviceId: 0x1ed3 (for the marketing name, search the web for "GPU Device Id")
[2020.10.11-09.08.19:883][  0]LogWindows: EnumDisplayDevices:
[2020.10.11-09.08.19:883][  0]LogWindows:    0. 'Intel(R) UHD Graphics' (P:1 D:1)
[2020.10.11-09.08.19:883][  0]LogWindows:    1. 'Intel(R) UHD Graphics' (P:0 D:0)
[2020.10.11-09.08.19:884][  0]LogWindows:    2. 'Intel(R) UHD Graphics' (P:0 D:0)
[2020.10.11-09.08.19:884][  0]LogWindows:    3. 'NVIDIA GeForce RTX 2080 Super with Max-Q Design' (P:0 D:0)
[2020.10.11-09.08.19:884][  0]LogWindows:    4. 'NVIDIA GeForce RTX 2080 Super with Max-Q Design' (P:0 D:0)
[2020.10.11-09.08.19:884][  0]LogWindows:    5. 'NVIDIA GeForce RTX 2080 Super with Max-Q Design' (P:0 D:0)
[2020.10.11-09.08.19:885][  0]LogWindows:    6. 'NVIDIA GeForce RTX 2080 Super with Max-Q Design' (P:0 D:0)
[2020.10.11-09.08.19:885][  0]LogWindows: DebugString: PrimaryIsNotTheChoosenAdapter PrimaryIsNotTheChoosenAdapter PrimaryIsNotTheChoosenAdapter FoundDriverCount:4 
[2020.10.11-09.08.19:885][  0]LogD3D11RHI:     Adapter Name: NVIDIA GeForce RTX 2080 Super with Max-Q Design
[2020.10.11-09.08.19:885][  0]LogD3D11RHI:   Driver Version: 456.71 (internal:27.21.14.5671, unified:456.71)
[2020.10.11-09.08.19:885][  0]LogD3D11RHI:      Driver Date: 9-30-2020
[2020.10.11-09.08.19:885][  0]LogRHI: Texture pool is 5607 MB (70% of 8010 MB)
[2020.10.11-09.08.19:936][  0]LogD3D11RHI: RHI has support for 64 bit atomics
[2020.10.11-09.08.19:937][  0]LogD3D11RHI: [Aftermath] Enabled and primed
[2020.10.11-09.08.19:937][  0]LogD3D11RHI: Async texture creation enabled
[2020.10.11-09.08.19:937][  0]LogD3D11RHI: Array index from any shader is supported
[2020.10.11-09.08.19:952][  0]LogD3D11RHI: GPU Timing Frequency: 1000.000000 (Debug: 2 1)
[2020.10.11-09.08.20:161][  0]LogTargetPlatformManager: Display: Loaded TargetPlatform 'AllDesktop'
[2020.10.11-09.08.20:176][  0]LogTargetPlatformManager: Display: Loaded TargetPlatform 'Android'
[2020.10.11-09.08.20:176][  0]LogTargetPlatformManager: Display: Loaded TargetPlatform 'Android_ASTC'
[2020.10.11-09.08.20:176][  0]LogTargetPlatformManager: Display: Loaded TargetPlatform 'Android_DXT'
[2020.10.11-09.08.20:176][  0]LogTargetPlatformManager: Display: Loaded TargetPlatform 'Android_ETC2'
[2020.10.11-09.08.20:176][  0]LogTargetPlatformManager: Display: Loaded TargetPlatform 'AndroidClient'
[2020.10.11-09.08.20:176][  0]LogTargetPlatformManager: Display: Loaded TargetPlatform 'Android_ASTCClient'
[2020.10.11-09.08.20:176][  0]LogTargetPlatformManager: Display: Loaded TargetPlatform 'Android_DXTClient'
[2020.10.11-09.08.20:176][  0]LogTargetPlatformManager: Display: Loaded TargetPlatform 'Android_ETC2Client'
[2020.10.11-09.08.20:176][  0]LogTargetPlatformManager: Display: Loaded TargetPlatform 'Android_Multi'
[2020.10.11-09.08.20:176][  0]LogTargetPlatformManager: Display: Loaded TargetPlatform 'Android_MultiClient'
[2020.10.11-09.08.20:193][  0]LogTargetPlatformManager: Display: Loaded TargetPlatform 'IOSClient'
[2020.10.11-09.08.20:193][  0]LogTargetPlatformManager: Display: Loaded TargetPlatform 'IOS'
[2020.10.11-09.08.20:199][  0]LogTargetPlatformManager: Display: Loaded TargetPlatform 'Linux'
[2020.10.11-09.08.20:206][  0]LogTargetPlatformManager: Display: Loaded TargetPlatform 'LinuxNoEditor'
[2020.10.11-09.08.20:212][  0]LogTargetPlatformManager: Display: Loaded TargetPlatform 'LinuxClient'
[2020.10.11-09.08.20:218][  0]LogTargetPlatformManager: Display: Loaded TargetPlatform 'LinuxServer'
[2020.10.11-09.08.20:225][  0]LogTargetPlatformManager: Display: Loaded TargetPlatform 'LinuxAArch64NoEditor'
[2020.10.11-09.08.20:231][  0]LogTargetPlatformManager: Display: Loaded TargetPlatform 'LinuxAArch64Client'
[2020.10.11-09.08.20:237][  0]LogTargetPlatformManager: Display: Loaded TargetPlatform 'LinuxAArch64Server'
[2020.10.11-09.08.20:255][  0]LogTargetPlatformManager: Display: Loaded TargetPlatform 'Lumin'
[2020.10.11-09.08.20:255][  0]LogTargetPlatformManager: Display: Loaded TargetPlatform 'LuminClient'
[2020.10.11-09.08.20:265][  0]LogTargetPlatformManager: Display: Loaded TargetPlatform 'TVOSClient'
[2020.10.11-09.08.20:265][  0]LogTargetPlatformManager: Display: Loaded TargetPlatform 'TVOS'
[2020.10.11-09.08.20:272][  0]LogTargetPlatformManager: Display: Loaded TargetPlatform 'WindowsNoEditor'
[2020.10.11-09.08.20:278][  0]LogTargetPlatformManager: Display: Loaded TargetPlatform 'Windows'
[2020.10.11-09.08.20:285][  0]LogTargetPlatformManager: Display: Loaded TargetPlatform 'WindowsClient'
[2020.10.11-09.08.20:291][  0]LogTargetPlatformManager: Display: Loaded TargetPlatform 'WindowsServer'
[2020.10.11-09.08.20:291][  0]LogTargetPlatformManager: Display: Building Assets For Windows
[2020.10.11-09.08.20:296][  0]LogAudioDebug: Display: Lib vorbis DLL was dynamically loaded.
[2020.10.11-09.08.20:335][  0]LogShaderCompilers: Guid format shader working directory is -21 characters bigger than the processId version (../../../../../../Code/unreal/PlatformerNetworkGame/PlatformerGame/Intermediate/Shaders/WorkingDirectory/13792/).
[2020.10.11-09.08.20:336][  0]LogShaderCompilers: Cleaned the shader compiler working directory 'C:/Users/piang/AppData/Local/Temp/UnrealShaderWorkingDir/C6260C29462C10A7A0C19DBFC39D9675/'.
[2020.10.11-09.08.20:336][  0]LogXGEController: Cleaning working directory: C:/Users/piang/AppData/Local/Temp/UnrealXGEWorkingDir/
[2020.10.11-09.08.20:336][  0]LogXGEController: Cannot use XGE Controller as Incredibuild is not installed on this machine.
[2020.10.11-09.08.20:336][  0]LogShaderCompilers: Cannot use XGE Shader Compiler as Incredibuild is not installed on this machine.
[2020.10.11-09.08.20:336][  0]LogShaderCompilers: Display: Using Local Shader Compiler.
[2020.10.11-09.08.20:926][  0]LogDerivedDataCache: Display: Max Cache Size: 512 MB
[2020.10.11-09.08.20:962][  0]LogDerivedDataCache: Loaded boot cache 0.04s 76MB C:/Users/piang/AppData/Local/UnrealEngine/4.25/DerivedDataCache/Boot.ddc.
[2020.10.11-09.08.20:962][  0]LogDerivedDataCache: Display: Loaded Boot cache: C:/Users/piang/AppData/Local/UnrealEngine/4.25/DerivedDataCache/Boot.ddc
[2020.10.11-09.08.20:962][  0]LogDerivedDataCache: FDerivedDataBackendGraph:  Pak pak cache file ../../../../../../Code/unreal/PlatformerNetworkGame/PlatformerGame/DerivedDataCache/DDC.ddp not found, will not use a pak cache.
[2020.10.11-09.08.20:962][  0]LogDerivedDataCache: Unable to find inner node Pak for hierarchical cache Hierarchy.
[2020.10.11-09.08.20:962][  0]LogDerivedDataCache: FDerivedDataBackendGraph:  CompressedPak pak cache file ../../../../../../Code/unreal/PlatformerNetworkGame/PlatformerGame/DerivedDataCache/Compressed.ddp not found, will not use a pak cache.
[2020.10.11-09.08.20:962][  0]LogDerivedDataCache: Unable to find inner node CompressedPak for hierarchical cache Hierarchy.
[2020.10.11-09.08.20:970][  0]LogDerivedDataCache: Display: Pak cache opened for reading ../../../Engine/DerivedDataCache/Compressed.ddp.
[2020.10.11-09.08.20:970][  0]LogDerivedDataCache: FDerivedDataBackendGraph:  EnterprisePak pak cache file ../../../Enterprise/DerivedDataCache/Compressed.ddp not found, will not use a pak cache.
[2020.10.11-09.08.20:970][  0]LogDerivedDataCache: Unable to find inner node EnterprisePak for hierarchical cache Hierarchy.
[2020.10.11-09.08.20:971][  0]LogDerivedDataCache: Using Local data cache path C:/Users/piang/AppData/Local/UnrealEngine/Common/DerivedDataCache: Writable
[2020.10.11-09.08.20:971][  0]LogDerivedDataCache: Shared data cache path not found in *engine.ini, will not use an Shared cache.
[2020.10.11-09.08.20:971][  0]LogDerivedDataCache: Unable to find inner node Shared for hierarchical cache Hierarchy.
[2020.10.11-09.08.21:010][  0]LogSlate: Using FreeType 2.10.0
[2020.10.11-09.08.21:010][  0]LogSlate: SlateFontServices - WITH_FREETYPE: 1, WITH_HARFBUZZ: 1
[2020.10.11-09.08.21:031][  0]LogAssetRegistry: FAssetRegistry took 0.0019 seconds to start up
[2020.10.11-09.08.21:192][  0]LogInit: Selected Device Profile: [Windows]
[2020.10.11-09.08.21:273][  0]LogMeshReduction: Using QuadricMeshReduction for automatic static mesh reduction
[2020.10.11-09.08.21:273][  0]LogMeshReduction: Using SimplygonMeshReduction for automatic skeletal mesh reduction
[2020.10.11-09.08.21:273][  0]LogMeshReduction: Using ProxyLODMeshReduction for automatic mesh merging
[2020.10.11-09.08.21:273][  0]LogMeshReduction: No distributed automatic mesh merging module available
[2020.10.11-09.08.21:273][  0]LogMeshMerging: No distributed automatic mesh merging module available
[2020.10.11-09.08.21:284][  0]LogNetVersion: PlatformerGame 1.0.0, NetCL: 13144385, EngineNetVer: 14, GameNetVer: 0 (Checksum: 4080283272)
[2020.10.11-09.08.21:576][  0]LogAISub: UAISubsystem::UAISubsystem AISubsystem (000001490A8FC500), frame # 0
[2020.10.11-09.08.21:576][  0]LogAISub: UAISubsystem::UAISubsystem AIPerceptionSystem (000001490A82BD80), frame # 0
[2020.10.11-09.08.21:577][  0]LogAISub: UAISubsystem::UAISubsystem EnvQueryManager (000001490A885E00), frame # 0
[2020.10.11-09.08.21:620][  0]LogPackageLocalizationCache: Processed 19 localized package path(s) for 2 prioritized culture(s) in 0.038461 seconds
[2020.10.11-09.08.21:624][  0]LogUObjectArray: 15917 objects as part of root set at end of initial load.
[2020.10.11-09.08.21:624][  0]LogUObjectAllocator: 3965568 out of 0 bytes used by permanent object pool.
[2020.10.11-09.08.21:624][  0]LogUObjectArray: CloseDisregardForGC: 0/0 objects in disregard for GC pool
[2020.10.11-09.08.21:871][  0]LogTcpMessaging: Initializing TcpMessaging bridge
[2020.10.11-09.08.21:874][  0]LogUdpMessaging: Initializing bridge on interface 0.0.0.0:0 to multicast group 230.0.0.1:6666.
[2020.10.11-09.08.21:952][  0]SourceControl: 源码管理已禁用
[2020.10.11-09.08.21:952][  0]SourceControl: 源码管理已禁用
[2020.10.11-09.08.21:954][  0]SourceControl: 源码管理已禁用
[2020.10.11-09.08.21:956][  0]SourceControl: 源码管理已禁用
[2020.10.11-09.08.21:966][  0]SourceControl: 源码管理已禁用
[2020.10.11-09.08.22:135][  0]LogAndroidPermission: UAndroidPermissionCallbackProxy::GetInstance
[2020.10.11-09.08.22:149][  0]LogAudioCaptureCore: Display: No Audio Capture implementations found. Audio input will be silent.
[2020.10.11-09.08.22:149][  0]LogAudioCaptureCore: Display: No Audio Capture implementations found. Audio input will be silent.
[2020.10.11-09.08.22:182][  0]LogOcInput: OculusInput pre-init called
[2020.10.11-09.08.22:189][  0]LogWindows: Failed to load 'OVRPlugin.dll' (GetLastError=126)
[2020.10.11-09.08.22:189][  0]LogWindows: File 'OVRPlugin.dll' does not exist
[2020.10.11-09.08.22:233][  0]LogEngine: Initializing Engine...
[2020.10.11-09.08.22:234][  0]LogHMD: Failed to initialize OpenVR with code 110
[2020.10.11-09.08.22:234][  0]LogMagicLeap: Warning: VR disabled because ZI is not enabled.  To enable, in the editor, Edit -> Project Settings -> Plugins -> Magic Leap Plugin -> Enable Zero Iteration
[2020.10.11-09.08.22:235][  0]LogStats: UGameplayTagsManager::InitializeManager -  0.000 s
[2020.10.11-09.08.22:321][  0]LogInit: Initializing FReadOnlyCVARCache
[2020.10.11-09.08.22:326][  0]LogAIModule: Creating AISystem for world Untitled
[2020.10.11-09.08.22:326][  0]LogAISub: UAISubsystem::UAISubsystem EnvQueryManager (000001490EA34600), frame # 0
[2020.10.11-09.08.22:326][  0]LogAISub: UAISubsystem::UAISubsystem AIPerceptionSystem (000001490E9E7880), frame # 0
[2020.10.11-09.08.22:338][  0]LogAudioMixer: Display: Audio Mixer Platform Settings:
[2020.10.11-09.08.22:338][  0]LogAudioMixer: Display: 	Sample Rate:						  48000
[2020.10.11-09.08.22:338][  0]LogAudioMixer: Display: 	Callback Buffer Frame Size Requested: 1024
[2020.10.11-09.08.22:338][  0]LogAudioMixer: Display: 	Callback Buffer Frame Size To Use:	  1024
[2020.10.11-09.08.22:338][  0]LogAudioMixer: Display: 	Number of buffers to queue:			  2
[2020.10.11-09.08.22:338][  0]LogAudioMixer: Display: 	Max Channels (voices):				  32
[2020.10.11-09.08.22:338][  0]LogAudioMixer: Display: 	Number of Async Source Workers:		  0
[2020.10.11-09.08.22:338][  0]LogAudio: Display: AudioDevice MaxSources: 32
[2020.10.11-09.08.22:338][  0]LogAudio: Display: Using built-in audio occlusion.
[2020.10.11-09.08.22:338][  0]LogAudioMixer: Display: Initializing audio mixer.
[2020.10.11-09.08.22:348][  0]LogAudioMixer: Display: 0: FrontLeft
[2020.10.11-09.08.22:348][  0]LogAudioMixer: Display: 1: FrontRight
[2020.10.11-09.08.22:598][  0]LogAudioMixer: Display: Using Audio Device 耳机 (Realtek(R) Audio)
[2020.10.11-09.08.22:599][  0]LogAudioMixer: Display: Initializing Sound Submixes...
[2020.10.11-09.08.22:600][  0]LogAudioMixer: Display: Creating Master Submix 'MasterSubmixDefault'
[2020.10.11-09.08.22:600][  0]LogAudioMixer: Display: Creating Master Submix 'MasterReverbSubmixDefault'
[2020.10.11-09.08.22:601][  0]LogAudioMixer: Display: Creating Master Submix 'MasterEQSubmixDefault'
[2020.10.11-09.08.22:602][  0]LogInit: FAudioDevice initialized.
[2020.10.11-09.08.22:602][  0]LogNetVersion: Set ProjectVersion to 1.0.0.0. Version Checksum will be recalculated on next use.
[2020.10.11-09.08.22:638][  0]LogDerivedDataCache: Saved boot cache 0.04s 76MB C:/Users/piang/AppData/Local/UnrealEngine/4.25/DerivedDataCache/Boot.ddc.
[2020.10.11-09.08.22:638][  0]LogInit: Texture streaming: Enabled
[2020.10.11-09.08.22:650][  0]LogEngineSessionManager: EngineSessionManager initialized
[2020.10.11-09.08.22:650][  0]LogEditorSessionSummary: Verbose: Initializing EditorSessionSummaryWriter for editor session tracking
[2020.10.11-09.08.22:651][  0]LogEditorSessionSummary: EditorSessionSummaryWriter initialized
[2020.10.11-09.08.22:683][  0]LogInit: Transaction tracking system initialized
[2020.10.11-09.08.22:699][  0]BlueprintLog: New page: 编辑器加载
[2020.10.11-09.08.22:745][  0]LocalizationService: 本地化服务已禁用
[2020.10.11-09.08.22:849][  0]LogCook: Display: Max memory allowance for cook 16384mb min free memory 0mb
[2020.10.11-09.08.22:849][  0]LogCook: Display: Mobile HDR setting 1
[2020.10.11-09.08.22:944][  0]LogFileCache: Scanning file cache for directory 'D:/Code/unreal/PlatformerNetworkGame/PlatformerGame/Content/' took 0.00s
[2020.10.11-09.08.23:093][  0]SourceControl: 源码管理已禁用
[2020.10.11-09.08.23:093][  0]LogUnrealEdMisc: Loading editor; pre map load, took 4.878
[2020.10.11-09.08.23:093][  0]Cmd: MAP LOAD FILE="../../../../../../Code/unreal/PlatformerNetworkGame/PlatformerGame/Content/Maps/Map_SandBox.umap" TEMPLATE=0 SHOWPROGRESS=1 FEATURELEVEL=3
[2020.10.11-09.08.23:094][  0]LightingResults: New page: 光照构建
[2020.10.11-09.08.23:094][  0]LogWorld: UWorld::CleanupWorld for Untitled, bSessionEnded=true, bCleanupResources=true
[2020.10.11-09.08.23:094][  0]LogSlate: InvalidateAllWidgets triggered.  All widgets were invalidated
[2020.10.11-09.08.23:094][  0]MapCheck: New page: 地图检测
[2020.10.11-09.08.23:094][  0]LightingResults: New page: 光照构建
[2020.10.11-09.08.23:107][  0]LogAISub: UAISubsystem::~UAISubsystem EnvQueryManager (000001490EA34600), frame # 0
[2020.10.11-09.08.23:107][  0]LogAISub: UAISubsystem::~UAISubsystem AIPerceptionSystem (000001490E9E7880), frame # 0
[2020.10.11-09.08.23:108][  0]LogUObjectHash: Compacting FUObjectHashTables data took   0.51ms
[2020.10.11-09.08.23:148][  0]LogLinker: Warning: 加载“../../../../../../Code/unreal/PlatformerNetworkGame/PlatformerGame/Content/Meshes/Powerups/Material.uasset”时未能加载“/Game/Assets/Meshes/Powerups/mese2”：无法找到文件。
[2020.10.11-09.08.23:148][  0]LogLinker: Warning: 加载“../../../../../../Code/unreal/PlatformerNetworkGame/PlatformerGame/Content/Meshes/Powerups/Material.uasset”时未能加载“/Game/Assets/Meshes/Powerups/mese2”：无法找到文件。
[2020.10.11-09.08.23:148][  0]LogLinker: Warning: 加载“../../../../../../Code/unreal/PlatformerNetworkGame/PlatformerGame/Content/Meshes/Powerups/Material.uasset”时未能加载“/Game/Assets/Meshes/Powerups/mese2”：无法找到文件。
[2020.10.11-09.08.23:148][  0]LogLinker: Warning: 加载“../../../../../../Code/unreal/PlatformerNetworkGame/PlatformerGame/Content/Meshes/Powerups/Material.uasset”时未能加载“/Game/Assets/Meshes/Powerups/mese2”：无法找到文件。
[2020.10.11-09.08.23:149][  0]LogLinker: Warning: 加载“../../../../../../Code/unreal/PlatformerNetworkGame/PlatformerGame/Content/Meshes/Powerups/Material_001.uasset”时未能加载“/Game/Assets/Meshes/Powerups/mese_transp”：无法找到文件。
[2020.10.11-09.08.23:149][  0]LogLinker: Warning: 加载“../../../../../../Code/unreal/PlatformerNetworkGame/PlatformerGame/Content/Meshes/Powerups/Material_001.uasset”时未能加载“/Game/Assets/Meshes/Powerups/mese_transp”：无法找到文件。
[2020.10.11-09.08.23:149][  0]LogLinker: Warning: 加载“../../../../../../Code/unreal/PlatformerNetworkGame/PlatformerGame/Content/Meshes/Powerups/Material_001.uasset”时未能加载“/Game/Assets/Meshes/Powerups/mese_transp”：无法找到文件。
[2020.10.11-09.08.23:149][  0]LogLinker: Warning: 加载“../../../../../../Code/unreal/PlatformerNetworkGame/PlatformerGame/Content/Meshes/Powerups/Material_001.uasset”时未能加载“/Game/Assets/Meshes/Powerups/mese_transp”：无法找到文件。
[2020.10.11-09.08.23:157][  0]LogLinker: Warning: 加载“../../../../../../Code/unreal/PlatformerNetworkGame/PlatformerGame/Content/Meshes/Powerups/Material_001.uasset”时未能加载“/Game/Assets/Meshes/Powerups/mese_transp”：无法找到文件。
[2020.10.11-09.08.23:157][  0]LoadErrors: 加载失败 /Game/Assets/Meshes/Powerups/mese_transp.mese_transp 引用者 MaterialExpressionTextureSample_0
[2020.10.11-09.08.23:157][  0]LogLinker: Warning: 加载“../../../../../../Code/unreal/PlatformerNetworkGame/PlatformerGame/Content/Meshes/Powerups/Material_001.uasset”时未能加载“/Game/Assets/Meshes/Powerups/mese_transp”：无法找到文件。
[2020.10.11-09.08.23:157][  0]LoadErrors: 加载失败 /Game/Assets/Meshes/Powerups/mese_transp.mese_transp 引用者 MaterialExpressionTextureSample_0
[2020.10.11-09.08.23:157][  0]LogLinker: Warning: 加载“../../../../../../Code/unreal/PlatformerNetworkGame/PlatformerGame/Content/Meshes/Powerups/Material.uasset”时未能加载“/Game/Assets/Meshes/Powerups/mese2”：无法找到文件。
[2020.10.11-09.08.23:157][  0]LoadErrors: 加载失败 /Game/Assets/Meshes/Powerups/mese2.mese2 引用者 MaterialExpressionTextureSample_0
[2020.10.11-09.08.23:157][  0]LogLinker: Warning: 加载“../../../../../../Code/unreal/PlatformerNetworkGame/PlatformerGame/Content/Meshes/Powerups/Material.uasset”时未能加载“/Game/Assets/Meshes/Powerups/mese2”：无法找到文件。
[2020.10.11-09.08.23:157][  0]LoadErrors: 加载失败 /Game/Assets/Meshes/Powerups/mese2.mese2 引用者 MaterialExpressionTextureSample_0
[2020.10.11-09.08.23:191][  0]LogMaterial: Display: Missing cached shader map for material Material_001, compiling. 
[2020.10.11-09.08.23:192][  0]LogMaterial: Warning: D:\Code\unreal\PlatformerNetworkGame\PlatformerGame\Content\Meshes\Powerups\Material_001.uasset: Failed to compile Material for platform PCD3D_SM5, Default Material will be used in game.
[2020.10.11-09.08.23:192][  0]LogMaterial: Display: 	(Node TextureSample) Texture Sample> Missing input texture
[2020.10.11-09.08.23:193][  0]LogMaterial: Display: Missing cached shader map for material Material, compiling. 
[2020.10.11-09.08.23:193][  0]LogMaterial: Warning: D:\Code\unreal\PlatformerNetworkGame\PlatformerGame\Content\Meshes\Powerups\Material.uasset: Failed to compile Material for platform PCD3D_SM5, Default Material will be used in game.
[2020.10.11-09.08.23:193][  0]LogMaterial: Display: 	(Node TextureSample) Texture Sample> Missing input texture
[2020.10.11-09.08.23:209][  0]LogAIModule: Creating AISystem for world Map_SandBox
[2020.10.11-09.08.23:209][  0]LogAISub: UAISubsystem::UAISubsystem EnvQueryManager (0000014900867E00), frame # 0
[2020.10.11-09.08.23:209][  0]LogAISub: UAISubsystem::UAISubsystem AIPerceptionSystem (00000149066DB240), frame # 0
[2020.10.11-09.08.23:212][  0]LogEditorServer: Finished looking for orphan Actors (0.000 secs)
[2020.10.11-09.08.23:222][  0]LogUObjectHash: Compacting FUObjectHashTables data took   0.64ms
[2020.10.11-09.08.23:222][  0]Cmd: MAP CHECKDEP NOCLEARLOG
[2020.10.11-09.08.23:223][  0]MapCheck: 地图检测完成：0个错误、0个警告、完成用时0.134毫秒。
[2020.10.11-09.08.23:223][  0]LogFileHelpers: Loading map 'Map_SandBox' took 0.129
[2020.10.11-09.08.23:224][  0]LogUnrealEdMisc: Total Editor Startup Time, took 5.009
[2020.10.11-09.08.23:281][  0]LogWindowsTextInputMethodSystem: Display: IME system now activated using TSF (微软拼音).
[2020.10.11-09.08.23:325][  0]LogSlate: Updating window title bar state: overlay mode, drag disabled, window buttons hidden, title bar hidden
[2020.10.11-09.08.23:331][  0]LogSlate: Updating window title bar state: overlay mode, drag disabled, window buttons hidden, title bar hidden
[2020.10.11-09.08.23:336][  0]LogSlate: Updating window title bar state: overlay mode, drag disabled, window buttons hidden, title bar hidden
[2020.10.11-09.08.23:342][  0]LogSlate: Updating window title bar state: overlay mode, drag disabled, window buttons hidden, title bar hidden
[2020.10.11-09.08.23:346][  0]LogCollectionManager: Loaded 0 collections in 0.000508 seconds
[2020.10.11-09.08.23:358][  0]LogFileCache: Scanning file cache for directory 'D:/Code/unreal/PlatformerNetworkGame/PlatformerGame/Saved/Collections/' took 0.00s
[2020.10.11-09.08.23:358][  0]LogFileCache: Scanning file cache for directory 'D:/Code/unreal/PlatformerNetworkGame/PlatformerGame/Content/Developers/piang/Collections/' took 0.00s
[2020.10.11-09.08.23:358][  0]LogFileCache: Scanning file cache for directory 'D:/Code/unreal/PlatformerNetworkGame/PlatformerGame/Content/Collections/' took 0.00s
[2020.10.11-09.08.23:358][  0]LogContentBrowser: Native class hierarchy populated in 0.0076 seconds. Added 3439 classes and 823 folders.
[2020.10.11-09.08.23:359][  0]LogContentBrowser: Native class hierarchy updated for 'WidgetCarousel' in 0.0002 seconds. Added 0 classes and 0 folders.
[2020.10.11-09.08.23:394][  0]LogContentBrowser: Native class hierarchy updated for 'AddContentDialog' in 0.0003 seconds. Added 0 classes and 0 folders.
[2020.10.11-09.08.23:397][  0]LogContentBrowser: Native class hierarchy updated for 'SceneOutliner' in 0.0002 seconds. Added 2 classes and 0 folders.
[2020.10.11-09.08.23:461][  0]LogSlate: Took 0.000089 seconds to synchronously load lazily loaded font '../../../Engine/Content/Slate/Fonts/Roboto-Regular.ttf' (155K)
[2020.10.11-09.08.23:463][  0]LogSlate: Took 0.001274 seconds to synchronously load lazily loaded font '../../../Engine/Content/Slate/Fonts/DroidSansFallback.ttf' (3848K)
[2020.10.11-09.08.23:464][  0]LogSlate: Took 0.000114 seconds to synchronously load lazily loaded font '../../../Engine/Content/Slate/Fonts/Roboto-Bold.ttf' (160K)
[2020.10.11-09.08.23:466][  0]LogSlate: Took 0.000077 seconds to synchronously load lazily loaded font '../../../Engine/Content/Editor/Slate/Fonts/FontAwesome.ttf' (139K)
[2020.10.11-09.08.23:515][  0]LogRenderer: Reallocating scene render targets to support 1208x604 Format 10 NumSamples 1 (Frame:1).
[2020.10.11-09.08.23:578][  0]LogContentBrowser: Native class hierarchy updated for 'HierarchicalLODOutliner' in 0.0003 seconds. Added 0 classes and 0 folders.
[2020.10.11-09.08.23:579][  0]LogLoad: (Engine Initialization) Total time: 5.36 seconds
[2020.10.11-09.08.23:579][  0]LogLoad: (Engine Initialization) Total Blueprint compile time: 0.00 seconds
[2020.10.11-09.08.23:625][  0]LogAssetRegistry: Asset discovery search completed in 2.5959 seconds
[2020.10.11-09.08.23:632][  0]LogCollectionManager: Fixed up redirectors for 0 collections in 0.000002 seconds (updated 0 objects)
[2020.10.11-09.08.23:633][  0]LogContentStreaming: Texture pool size now 1000 MB
[2020.10.11-09.08.23:735][  0]LogSlate: Took 0.000072 seconds to synchronously load lazily loaded font '../../../Engine/Content/Slate/Fonts/Roboto-Light.ttf' (167K)
[2020.10.11-09.08.23:738][  0]LogSlate: Took 0.000061 seconds to synchronously load lazily loaded font '../../../Engine/Content/Slate/Fonts/DroidSansMono.ttf' (77K)
[2020.10.11-09.08.26:293][154]LogSlate: Window '消息日志' being destroyed
[2020.10.11-09.08.26:296][154]LogSlate: Window '消息日志' being destroyed
[2020.10.11-09.08.26:946][193]LogTemp: Repeating last play command: 新建编辑器窗口（编辑器中运行）
[2020.10.11-09.08.26:957][193]LogPlayLevel: PlayLevel: No blueprints needed recompiling
[2020.10.11-09.08.26:957][193]PIE: New page: PIE会话：Map_SandBox（2020年10月12日 上午1:08:26）
[2020.10.11-09.08.26:958][193]LogOnline: OSS: Creating online subsystem instance for: Null
[2020.10.11-09.08.26:959][193]LogOnline: OSS: TryLoadSubsystemAndSetDefault: Loaded subsystem for module [Null]
[2020.10.11-09.08.27:010][193]LogPlayLevel: Creating play world package: /Game/Maps/UEDPIE_0_Map_SandBox
[2020.10.11-09.08.27:012][193]LogPlayLevel: PIE: StaticDuplicateObject took: (0.001909s)
[2020.10.11-09.08.27:013][193]LogAIModule: Creating AISystem for world Map_SandBox
[2020.10.11-09.08.27:013][193]LogAISub: UAISubsystem::UAISubsystem EnvQueryManager (0000014935570600), frame # 193
[2020.10.11-09.08.27:013][193]LogAISub: UAISubsystem::UAISubsystem AIPerceptionSystem (0000014934CC16C0), frame # 193
[2020.10.11-09.08.27:013][193]LogPlayLevel: PIE: World Init took: (0.001057s)
[2020.10.11-09.08.27:013][193]LogPlayLevel: PIE: Created PIE world by copying editor world from /Game/Maps/Map_SandBox.Map_SandBox to /Game/Maps/UEDPIE_0_Map_SandBox.Map_SandBox (0.003085s)
[2020.10.11-09.08.27:032][193]LogUObjectHash: Compacting FUObjectHashTables data took   0.61ms
[2020.10.11-09.08.27:034][193]LogAudioMixer: Display: Audio Mixer Platform Settings:
[2020.10.11-09.08.27:034][193]LogAudioMixer: Display: 	Sample Rate:						  48000
[2020.10.11-09.08.27:034][193]LogAudioMixer: Display: 	Callback Buffer Frame Size Requested: 1024
[2020.10.11-09.08.27:034][193]LogAudioMixer: Display: 	Callback Buffer Frame Size To Use:	  1024
[2020.10.11-09.08.27:034][193]LogAudioMixer: Display: 	Number of buffers to queue:			  2
[2020.10.11-09.08.27:034][193]LogAudioMixer: Display: 	Max Channels (voices):				  32
[2020.10.11-09.08.27:034][193]LogAudioMixer: Display: 	Number of Async Source Workers:		  0
[2020.10.11-09.08.27:034][193]LogAudio: Display: AudioDevice MaxSources: 32
[2020.10.11-09.08.27:035][193]LogAudio: Display: Using built-in audio occlusion.
[2020.10.11-09.08.27:035][193]LogAudioMixer: Display: Initializing audio mixer.
[2020.10.11-09.08.27:037][193]LogAudioMixer: Display: 0: FrontLeft
[2020.10.11-09.08.27:037][193]LogAudioMixer: Display: 1: FrontRight
[2020.10.11-09.08.27:053][193]LogAudioMixer: Display: Using Audio Device 耳机 (Realtek(R) Audio)
[2020.10.11-09.08.27:053][193]LogAudioMixer: Display: Initializing Sound Submixes...
[2020.10.11-09.08.27:053][193]LogAudioMixer: Display: Creating Master Submix 'MasterSubmixDefault'
[2020.10.11-09.08.27:053][193]LogAudioMixer: Display: Creating Master Submix 'MasterReverbSubmixDefault'
[2020.10.11-09.08.27:053][193]LogAudioMixer: Display: Creating Master Submix 'MasterEQSubmixDefault'
[2020.10.11-09.08.27:064][193]LogInit: FAudioDevice initialized.
[2020.10.11-09.08.27:079][193]LogSlate: Updating window title bar state: overlay mode, drag disabled, window buttons hidden, title bar hidden
[2020.10.11-09.08.27:233][193]LogLoad: Game class is 'BP_GameGameMode_C'
[2020.10.11-09.08.27:234][193]LogWorld: Bringing World /Game/Maps/UEDPIE_0_Map_SandBox.Map_SandBox up for play (max tick rate 60) at 2020.10.11-17.08.27
[2020.10.11-09.08.27:235][193]LogWorld: Bringing up level for play took: 0.000594
[2020.10.11-09.08.27:235][193]LogOnline: OSS: Creating online subsystem instance for: :Context_1
[2020.10.11-09.08.27:237][193]LogContentBrowser: Native class hierarchy updated for 'MovieSceneCapture' in 0.0004 seconds. Added 20 classes and 0 folders.
[2020.10.11-09.08.27:239][193]PIE: 登陆的服务器
[2020.10.11-09.08.27:240][193]PIE: PIE总开始时间：0.284秒。
[2020.10.11-09.08.29:534][329]LogSlate: Window 'PlatformerGame预览[NetMode: Standalone] (64-bit/Windows) ' being destroyed
[2020.10.11-09.08.29:538][329]LogWorld: BeginTearingDown for /Game/Maps/UEDPIE_0_Map_SandBox
[2020.10.11-09.08.29:538][329]LogWorld: UWorld::CleanupWorld for Map_SandBox, bSessionEnded=true, bCleanupResources=true
[2020.10.11-09.08.29:538][329]LogSlate: InvalidateAllWidgets triggered.  All widgets were invalidated
[2020.10.11-09.08.29:543][329]LogPlayLevel: Display: Shutting down PIE online subsystems
[2020.10.11-09.08.29:545][329]LogSlate: InvalidateAllWidgets triggered.  All widgets were invalidated
[2020.10.11-09.08.29:570][329]LogAISub: UAISubsystem::~UAISubsystem EnvQueryManager (0000014935570600), frame # 329
[2020.10.11-09.08.29:570][329]LogAISub: UAISubsystem::~UAISubsystem AIPerceptionSystem (0000014934CC16C0), frame # 329
[2020.10.11-09.08.29:573][329]LogUObjectHash: Compacting FUObjectHashTables data took   0.78ms
[2020.10.11-09.08.29:643][332]LogPlayLevel: Display: Destroying online subsystem :Context_1
[2020.10.11-09.08.32:531][504]LogSlate: Took 0.000088 seconds to synchronously load lazily loaded font '../../../Engine/Content/Slate/Fonts/Roboto-Light.ttf' (167K)
[2020.10.11-09.08.32:539][504]LogAssetEditorSubsystem: Opening Asset editor for WidgetBlueprint /Game/Widgets/MatchScreens/WaitingForPlayers/W_MatchScreen_WaitingForPlayers_CharacterRow.W_MatchScreen_WaitingForPlayers_CharacterRow
[2020.10.11-09.08.32:672][504]LogContentBrowser: Native class hierarchy updated for 'BlueprintGraph' in 0.0005 seconds. Added 125 classes and 0 folders.
[2020.10.11-09.08.33:608][504]LogSlate: Took 0.000100 seconds to synchronously load lazily loaded font '../../../Engine/Content/Slate/Fonts/Roboto-BoldCondensed.ttf' (158K)
[2020.10.11-09.08.35:140][594]LogSlate: Took 0.000117 seconds to synchronously load lazily loaded font '../../../Engine/Content/Slate/Fonts/Roboto-Italic.ttf' (157K)
[2020.10.11-09.08.37:703][748]LogSlate: Window 'W_MatchScreen_WaitingForPlayers_CharacterRow' being destroyed
[2020.10.11-09.08.37:707][748]LogSlate: Window 'W_MatchScreen_WaitingForPlayers_CharacterRow' being destroyed
[2020.10.11-09.08.37:709][748]LogWorld: UWorld::CleanupWorld for World_1, bSessionEnded=true, bCleanupResources=true
[2020.10.11-09.08.37:709][748]LogSlate: InvalidateAllWidgets triggered.  All widgets were invalidated
[2020.10.11-09.08.37:713][748]LogWorld: UWorld::CleanupWorld for World_0, bSessionEnded=true, bCleanupResources=true
[2020.10.11-09.08.37:713][748]LogSlate: InvalidateAllWidgets triggered.  All widgets were invalidated
[2020.10.11-09.08.39:007][823]LogAssetEditorSubsystem: Opening Asset editor for WidgetBlueprint /Game/Widgets/MatchScreens/WaitingForPlayers/W_MatchScreen_WaitingForPlayers_Player.W_MatchScreen_WaitingForPlayers_Player
[2020.10.11-09.08.40:854][910]LogSlate: Window 'W_MatchScreen_WaitingForPlayers_Player' being destroyed
[2020.10.11-09.08.40:858][910]LogSlate: Window 'W_MatchScreen_WaitingForPlayers_Player' being destroyed
[2020.10.11-09.08.40:859][910]LogWorld: UWorld::CleanupWorld for World_3, bSessionEnded=true, bCleanupResources=true
[2020.10.11-09.08.40:859][910]LogSlate: InvalidateAllWidgets triggered.  All widgets were invalidated
[2020.10.11-09.08.40:864][910]LogWorld: UWorld::CleanupWorld for World_2, bSessionEnded=true, bCleanupResources=true
[2020.10.11-09.08.40:864][910]LogSlate: InvalidateAllWidgets triggered.  All widgets were invalidated
[2020.10.11-09.08.41:887][969]LogAssetEditorSubsystem: Opening Asset editor for WidgetBlueprint /Game/Widgets/MatchScreens/WaitingForPlayers/W_MatchScreen_WaitingForPlayers_Character.W_MatchScreen_WaitingForPlayers_Character
[2020.10.11-09.09.11:301][708]LogSlate: Window '取色器' being destroyed
[2020.10.11-09.09.19:818][217]LogSlate: Window '取色器' being destroyed
[2020.10.11-09.09.21:085][293]BlueprintLog: New page: 编译W_MatchScreen_WaitingForPlayers_Character
[2020.10.11-09.09.21:149][293]LogUObjectHash: Compacting FUObjectHashTables data took   2.86ms
[2020.10.11-09.09.21:763][326]LogSavePackage: Moving '../../../../../../Code/unreal/PlatformerNetworkGame/PlatformerGame/Saved/W_MatchScreen_WaitingForPlayers_15E9F08147BE95EABA5FF18BB057A58D.tmp' to '../../../../../../Code/unreal/PlatformerNetworkGame/PlatformerGame/Content/Widgets/MatchScreens/WaitingForPlayers/W_MatchScreen_WaitingForPlayers_Character.uasset'
[2020.10.11-09.09.21:776][326]AssetCheck: New page: 资产保存：W_MatchScreen_WaitingForPlayers_Character
[2020.10.11-09.09.21:776][326]LogContentValidation: Display: 正在验证WidgetBlueprint /Game/Widgets/MatchScreens/WaitingForPlayers/W_MatchScreen_WaitingForPlayers_Character.W_MatchScreen_WaitingForPlayers_Character
[2020.10.11-09.09.23:133][408]LogSlate: Window 'W_MatchScreen_WaitingForPlayers_Character' being destroyed
[2020.10.11-09.09.23:136][408]LogSlate: Window 'W_MatchScreen_WaitingForPlayers_Character' being destroyed
[2020.10.11-09.09.23:138][408]LogWorld: UWorld::CleanupWorld for World_5, bSessionEnded=true, bCleanupResources=true
[2020.10.11-09.09.23:138][408]LogSlate: InvalidateAllWidgets triggered.  All widgets were invalidated
[2020.10.11-09.09.23:151][408]LogWorld: UWorld::CleanupWorld for World_4, bSessionEnded=true, bCleanupResources=true
[2020.10.11-09.09.23:151][408]LogSlate: InvalidateAllWidgets triggered.  All widgets were invalidated
[2020.10.11-09.09.23:962][455]LogTemp: Repeating last play command: 新建编辑器窗口（编辑器中运行）
[2020.10.11-09.09.23:973][455]LogPlayLevel: PlayLevel: No blueprints needed recompiling
[2020.10.11-09.09.23:973][455]PIE: New page: PIE会话：Map_SandBox（2020年10月12日 上午1:09:23）
[2020.10.11-09.09.23:973][455]LogPlayLevel: Creating play world package: /Game/Maps/UEDPIE_0_Map_SandBox
[2020.10.11-09.09.23:975][455]LogPlayLevel: PIE: StaticDuplicateObject took: (0.002152s)
[2020.10.11-09.09.23:976][455]LogAIModule: Creating AISystem for world Map_SandBox
[2020.10.11-09.09.23:976][455]LogAISub: UAISubsystem::UAISubsystem EnvQueryManager (00000149A8219200), frame # 3455
[2020.10.11-09.09.23:976][455]LogAISub: UAISubsystem::UAISubsystem AIPerceptionSystem (00000149908BE840), frame # 3455
[2020.10.11-09.09.23:976][455]LogPlayLevel: PIE: World Init took: (0.001080s)
[2020.10.11-09.09.23:977][455]LogPlayLevel: PIE: Created PIE world by copying editor world from /Game/Maps/Map_SandBox.Map_SandBox to /Game/Maps/UEDPIE_0_Map_SandBox.Map_SandBox (0.003370s)
[2020.10.11-09.09.24:008][455]LogUObjectHash: Compacting FUObjectHashTables data took   2.66ms
[2020.10.11-09.09.24:009][455]LogAudioMixer: Display: Audio Mixer Platform Settings:
[2020.10.11-09.09.24:009][455]LogAudioMixer: Display: 	Sample Rate:						  48000
[2020.10.11-09.09.24:009][455]LogAudioMixer: Display: 	Callback Buffer Frame Size Requested: 1024
[2020.10.11-09.09.24:009][455]LogAudioMixer: Display: 	Callback Buffer Frame Size To Use:	  1024
[2020.10.11-09.09.24:009][455]LogAudioMixer: Display: 	Number of buffers to queue:			  2
[2020.10.11-09.09.24:009][455]LogAudioMixer: Display: 	Max Channels (voices):				  32
[2020.10.11-09.09.24:009][455]LogAudioMixer: Display: 	Number of Async Source Workers:		  0
[2020.10.11-09.09.24:009][455]LogAudio: Display: AudioDevice MaxSources: 32
[2020.10.11-09.09.24:009][455]LogAudio: Display: Using built-in audio occlusion.
[2020.10.11-09.09.24:009][455]LogAudioMixer: Display: Initializing audio mixer.
[2020.10.11-09.09.24:012][455]LogAudioMixer: Display: 0: FrontLeft
[2020.10.11-09.09.24:012][455]LogAudioMixer: Display: 1: FrontRight
[2020.10.11-09.09.24:027][455]LogAudioMixer: Display: Using Audio Device 耳机 (Realtek(R) Audio)
[2020.10.11-09.09.24:027][455]LogAudioMixer: Display: Initializing Sound Submixes...
[2020.10.11-09.09.24:027][455]LogAudioMixer: Display: Creating Master Submix 'MasterSubmixDefault'
[2020.10.11-09.09.24:027][455]LogAudioMixer: Display: Creating Master Submix 'MasterReverbSubmixDefault'
[2020.10.11-09.09.24:028][455]LogAudioMixer: Display: Creating Master Submix 'MasterEQSubmixDefault'
[2020.10.11-09.09.24:038][455]LogInit: FAudioDevice initialized.
[2020.10.11-09.09.24:058][455]LogSlate: Updating window title bar state: overlay mode, drag disabled, window buttons hidden, title bar hidden
[2020.10.11-09.09.24:058][455]LogLoad: Game class is 'BP_GameGameMode_C'
[2020.10.11-09.09.24:059][455]LogWorld: Bringing World /Game/Maps/UEDPIE_0_Map_SandBox.Map_SandBox up for play (max tick rate 60) at 2020.10.11-17.09.24
[2020.10.11-09.09.24:059][455]LogWorld: Bringing up level for play took: 0.000607
[2020.10.11-09.09.24:059][455]LogOnline: OSS: Creating online subsystem instance for: :Context_8
[2020.10.11-09.09.24:062][455]PIE: 登陆的服务器
[2020.10.11-09.09.24:063][455]PIE: PIE总开始时间：0.09秒。
[2020.10.11-09.09.28:126][697]LogUObjectHash: Compacting FUObjectHashTables data took   1.38ms
[2020.10.11-09.09.28:178][697]LogSlate: Window 'PlatformerGame - 虚幻编辑器' being destroyed
[2020.10.11-09.09.28:285][697]LogSlate: Updating window title bar state: overlay mode, drag disabled, window buttons hidden, title bar hidden
[2020.10.11-09.09.28:285][697]LogWorld: BeginTearingDown for /Game/Maps/UEDPIE_0_Map_SandBox
[2020.10.11-09.09.28:285][697]LogSlate: Window 'PlatformerGame预览[NetMode: Standalone] (64-bit/Windows) ' being destroyed
[2020.10.11-09.09.28:286][697]LogWindowsTextInputMethodSystem: Display: IME system now activated using TSF (微软拼音).
[2020.10.11-09.09.28:289][697]LogWorld: UWorld::CleanupWorld for Map_SandBox, bSessionEnded=true, bCleanupResources=true
[2020.10.11-09.09.28:289][697]LogSlate: InvalidateAllWidgets triggered.  All widgets were invalidated
[2020.10.11-09.09.28:299][697]LogPlayLevel: Display: Shutting down PIE online subsystems
[2020.10.11-09.09.28:302][697]LogSlate: InvalidateAllWidgets triggered.  All widgets were invalidated
[2020.10.11-09.09.28:328][697]LogAISub: UAISubsystem::~UAISubsystem AIPerceptionSystem (00000149908BE840), frame # 3697
[2020.10.11-09.09.28:328][697]LogAISub: UAISubsystem::~UAISubsystem EnvQueryManager (00000149A8219200), frame # 3697
[2020.10.11-09.09.28:330][697]LogUObjectHash: Compacting FUObjectHashTables data took   1.49ms
[2020.10.11-09.09.28:346][698]Cmd: QUIT_EDITOR
[2020.10.11-09.09.28:346][698]LogCore: Engine exit requested (reason: UUnrealEdEngine::CloseEditor())
[2020.10.11-09.09.28:352][698]LogCore: Engine exit requested (reason: EngineExit() was called; note: exit was already requested)
[2020.10.11-09.09.28:875][698]LogExit: Preparing to exit.
[2020.10.11-09.09.29:042][698]LogDemo: Cleaned up 0 splitscreen connections with owner deletion
[2020.10.11-09.09.29:046][698]LogWorld: UWorld::CleanupWorld for None, bSessionEnded=true, bCleanupResources=true
[2020.10.11-09.09.29:046][698]LogExit: Editor shut down
[2020.10.11-09.09.29:046][698]LogExit: Transaction tracking system shut down
[2020.10.11-09.09.29:175][698]LogAISub: UAISubsystem::~UAISubsystem AISubsystem (000001490A8FC500), frame # 3698
[2020.10.11-09.09.29:175][698]LogAISub: UAISubsystem::~UAISubsystem AIPerceptionSystem (000001490A82BD80), frame # 3698
[2020.10.11-09.09.29:176][698]LogAISub: UAISubsystem::~UAISubsystem EnvQueryManager (000001490A885E00), frame # 3698
[2020.10.11-09.09.29:180][698]LogAISub: UAISubsystem::~UAISubsystem EnvQueryManager (0000014900867E00), frame # 3698
[2020.10.11-09.09.29:180][698]LogAISub: UAISubsystem::~UAISubsystem AIPerceptionSystem (00000149066DB240), frame # 3698
[2020.10.11-09.09.29:236][698]LogExit: Object subsystem successfully closed.
[2020.10.11-09.09.29:266][698]LogShaderCompilers: Display: Shaders left to compile 0
[2020.10.11-09.09.29:275][698]LogModuleManager: Shutting down and abandoning module SequencerWidgets (808)
[2020.10.11-09.09.29:275][698]LogModuleManager: Shutting down and abandoning module BlueprintGraph (806)
[2020.10.11-09.09.29:275][698]LogModuleManager: Shutting down and abandoning module MovieSceneCapture (804)
[2020.10.11-09.09.29:275][698]LogModuleManager: Shutting down and abandoning module Voice (802)
[2020.10.11-09.09.29:275][698]LogModuleManager: Shutting down and abandoning module HierarchicalLODOutliner (800)
[2020.10.11-09.09.29:275][698]LogModuleManager: Shutting down and abandoning module SceneOutliner (798)
[2020.10.11-09.09.29:275][698]LogModuleManager: Shutting down and abandoning module AddContentDialog (796)
[2020.10.11-09.09.29:275][698]LogModuleManager: Shutting down and abandoning module WidgetCarousel (795)
[2020.10.11-09.09.29:275][698]LogModuleManager: Shutting down and abandoning module EditorWidgets (792)
[2020.10.11-09.09.29:275][698]LogModuleManager: Shutting down and abandoning module CollectionManager (790)
[2020.10.11-09.09.29:276][698]LogModuleManager: Shutting down and abandoning module StatsViewer (788)
[2020.10.11-09.09.29:276][698]LogModuleManager: Shutting down and abandoning module VirtualTexturingEditor (786)
[2020.10.11-09.09.29:276][698]LogModuleManager: Shutting down and abandoning module FoliageEdit (784)
[2020.10.11-09.09.29:276][698]LogModuleManager: Shutting down and abandoning module LandscapeEditor (782)
[2020.10.11-09.09.29:276][698]LogModuleManager: Shutting down and abandoning module MeshPaintMode (780)
[2020.10.11-09.09.29:276][698]LogModuleManager: Shutting down and abandoning module SceneDepthPickerMode (778)
[2020.10.11-09.09.29:276][698]LogModuleManager: Shutting down and abandoning module ActorPickerMode (776)
[2020.10.11-09.09.29:276][698]LogModuleManager: Shutting down and abandoning module PIEPreviewDeviceProfileSelector (774)
[2020.10.11-09.09.29:276][698]LogModuleManager: Shutting down and abandoning module SequenceRecorderSections (772)
[2020.10.11-09.09.29:276][698]LogModuleManager: Shutting down and abandoning module AutomationWorker (770)
[2020.10.11-09.09.29:276][698]LogModuleManager: Shutting down and abandoning module SteamVREditor (768)
[2020.10.11-09.09.29:276][698]LogModuleManager: Shutting down and abandoning module OculusMR (766)
[2020.10.11-09.09.29:276][698]LogModuleManager: Shutting down and abandoning module GooglePADEditor (764)
[2020.10.11-09.09.29:276][698]LogModuleManager: Shutting down and abandoning module AudioCaptureEditor (762)
[2020.10.11-09.09.29:276][698]LogModuleManager: Shutting down and abandoning module TemplateSequenceEditor (760)
[2020.10.11-09.09.29:276][698]LogModuleManager: Shutting down and abandoning module MatineeToLevelSequence (758)
[2020.10.11-09.09.29:276][698]LogModuleManager: Shutting down and abandoning module LevelSequenceEditor (756)
[2020.10.11-09.09.29:276][698]LogModuleManager: Shutting down and abandoning module ActorSequenceEditor (754)
[2020.10.11-09.09.29:276][698]LogModuleManager: Shutting down and abandoning module WmfMediaFactory (752)
[2020.10.11-09.09.29:276][698]LogModuleManager: Shutting down and abandoning module WmfMediaEditor (750)
[2020.10.11-09.09.29:276][698]LogModuleManager: Shutting down and abandoning module WebMMediaFactory (748)
[2020.10.11-09.09.29:276][698]LogModuleManager: Shutting down and abandoning module WebMMediaEditor (746)
[2020.10.11-09.09.29:276][698]LogModuleManager: Shutting down and abandoning module WebMMedia (744)
[2020.10.11-09.09.29:276][698]LogModuleManager: Shutting down and abandoning module MediaPlayerEditor (742)
[2020.10.11-09.09.29:276][698]LogModuleManager: Shutting down and abandoning module MediaCompositingEditor (740)
[2020.10.11-09.09.29:276][698]LogModuleManager: Shutting down and abandoning module SequenceRecorder (739)
[2020.10.11-09.09.29:276][698]LogModuleManager: Shutting down and abandoning module OpenExrWrapper (736)
[2020.10.11-09.09.29:276][698]LogModuleManager: Shutting down and abandoning module ImgMediaFactory (734)
[2020.10.11-09.09.29:276][698]LogModuleManager: Shutting down and abandoning module ImgMediaEditor (732)
[2020.10.11-09.09.29:276][698]LogModuleManager: Shutting down and abandoning module AvfMediaFactory (730)
[2020.10.11-09.09.29:276][698]LogModuleManager: Shutting down and abandoning module AvfMediaEditor (728)
[2020.10.11-09.09.29:276][698]LogModuleManager: Shutting down and abandoning module AndroidMediaFactory (726)
[2020.10.11-09.09.29:276][698]LogModuleManager: Shutting down and abandoning module AndroidMediaEditor (724)
[2020.10.11-09.09.29:276][698]LogModuleManager: Shutting down and abandoning module MagicLeapMediaCodecFactory (722)
[2020.10.11-09.09.29:276][698]LogModuleManager: Shutting down and abandoning module MagicLeapMediaFactory (720)
[2020.10.11-09.09.29:276][698]LogModuleManager: Shutting down and abandoning module MagicLeapMediaEditor (718)
[2020.10.11-09.09.29:276][698]LogModuleManager: Shutting down and abandoning module PlanarCut (716)
[2020.10.11-09.09.29:276][698]LogModuleManager: Shutting down and abandoning module CharacterAI (714)
[2020.10.11-09.09.29:276][698]LogModuleManager: Shutting down and abandoning module TextureAlignMode (712)
[2020.10.11-09.09.29:276][698]LogModuleManager: Shutting down and abandoning module BspMode (710)
[2020.10.11-09.09.29:276][698]LogModuleManager: Shutting down and abandoning module PlacementMode (709)
[2020.10.11-09.09.29:277][698]LogModuleManager: Shutting down and abandoning module GeometryMode (706)
[2020.10.11-09.09.29:277][698]LogModuleManager: Shutting down and abandoning module CameraShakePreviewer (704)
[2020.10.11-09.09.29:277][698]LogModuleManager: Shutting down and abandoning module SmartSnapping (702)
[2020.10.11-09.09.29:277][698]LogModuleManager: Shutting down and abandoning module SessionServices (700)
[2020.10.11-09.09.29:277][698]LogModuleManager: Shutting down and abandoning module MeshPaint (698)
[2020.10.11-09.09.29:277][698]LogModuleManager: Shutting down and abandoning module ViewportSnapping (696)
[2020.10.11-09.09.29:277][698]LogModuleManager: Shutting down and abandoning module ViewportInteraction (694)
[2020.10.11-09.09.29:277][698]LogModuleManager: Shutting down and abandoning module ClothPainter (692)
[2020.10.11-09.09.29:277][698]LogModuleManager: Shutting down and abandoning module SkeletalMeshEditor (691)
[2020.10.11-09.09.29:277][698]LogModuleManager: Shutting down and abandoning module LogVisualizer (688)
[2020.10.11-09.09.29:277][698]LogModuleManager: Shutting down and abandoning module IntroTutorials (686)
[2020.10.11-09.09.29:277][698]LogModuleManager: Shutting down and abandoning module GameProjectGeneration (685)
[2020.10.11-09.09.29:277][698]LogModuleManager: Shutting down and abandoning module LuminPlatformEditor (682)
[2020.10.11-09.09.29:277][698]LogModuleManager: Shutting down and abandoning module IOSPlatformEditor (680)
[2020.10.11-09.09.29:277][698]LogModuleManager: Shutting down and abandoning module AndroidPlatformEditor (678)
[2020.10.11-09.09.29:277][698]LogModuleManager: Shutting down and abandoning module AndroidDeviceDetection (677)
[2020.10.11-09.09.29:817][698]LogModuleManager: Shutting down and abandoning module WindowsPlatformEditor (674)
[2020.10.11-09.09.29:817][698]LogModuleManager: Shutting down and abandoning module LuminRuntimeSettings (672)
[2020.10.11-09.09.29:817][698]LogModuleManager: Shutting down and abandoning module IOSRuntimeSettings (670)
[2020.10.11-09.09.29:817][698]LogModuleManager: Shutting down and abandoning module AndroidRuntimeSettings (668)
[2020.10.11-09.09.29:817][698]LogModuleManager: Shutting down and abandoning module TraceInsights (666)
[2020.10.11-09.09.29:817][698]LogModuleManager: Shutting down and abandoning module TraceServices (665)
[2020.10.11-09.09.29:817][698]LogModuleManager: Shutting down and abandoning module EditorInteractiveToolsFramework (662)
[2020.10.11-09.09.29:817][698]LogModuleManager: Shutting down and abandoning module TimeManagementEditor (660)
[2020.10.11-09.09.29:817][698]LogModuleManager: Shutting down and abandoning module InputBindingEditor (658)
[2020.10.11-09.09.29:817][698]LogModuleManager: Shutting down and abandoning module MergeActors (656)
[2020.10.11-09.09.29:817][698]LogModuleManager: Shutting down and abandoning module LocalizationDashboard (654)
[2020.10.11-09.09.29:817][698]LogModuleManager: Shutting down and abandoning module LocalizationService (653)
[2020.10.11-09.09.29:817][698]LogModuleManager: Shutting down and abandoning module HardwareTargeting (650)
[2020.10.11-09.09.29:817][698]LogModuleManager: Shutting down and abandoning module DeviceProfileEditor (648)
[2020.10.11-09.09.29:817][698]LogModuleManager: Shutting down and abandoning module UndoHistory (646)
[2020.10.11-09.09.29:817][698]LogModuleManager: Shutting down and abandoning module XmlParser (644)
[2020.10.11-09.09.29:817][698]LogModuleManager: Shutting down and abandoning module Blutility (642)
[2020.10.11-09.09.29:817][698]LogModuleManager: Shutting down and abandoning module ProjectSettingsViewer (640)
[2020.10.11-09.09.29:817][698]LogModuleManager: Shutting down and abandoning module ProjectTargetPlatformEditor (639)
[2020.10.11-09.09.29:818][698]LogModuleManager: Shutting down and abandoning module EditorSettingsViewer (636)
[2020.10.11-09.09.29:818][698]LogModuleManager: Shutting down and abandoning module SettingsEditor (634)
[2020.10.11-09.09.29:818][698]LogModuleManager: Shutting down and abandoning module ProjectLauncher (632)
[2020.10.11-09.09.29:818][698]LogModuleManager: Shutting down and abandoning module SessionFrontend (630)
[2020.10.11-09.09.29:818][698]LogModuleManager: Shutting down and abandoning module ProfilerClient (628)
[2020.10.11-09.09.29:818][698]LogModuleManager: Shutting down and abandoning module DeviceManager (626)
[2020.10.11-09.09.29:818][698]LogModuleManager: Shutting down and abandoning module TargetDeviceServices (625)
[2020.10.11-09.09.29:851][698]LogModuleManager: Shutting down and abandoning module AutomationController (622)
[2020.10.11-09.09.29:851][698]LogModuleManager: Shutting down and abandoning module AutomationWindow (620)
[2020.10.11-09.09.29:851][698]LogModuleManager: Shutting down and abandoning module Layers (618)
[2020.10.11-09.09.29:851][698]LogModuleManager: Shutting down and abandoning module ComponentVisualizers (616)
[2020.10.11-09.09.29:851][698]LogModuleManager: Shutting down and abandoning module DetailCustomizations (614)
[2020.10.11-09.09.29:851][698]LogModuleManager: Shutting down and abandoning module PackagesDialog (612)
[2020.10.11-09.09.29:851][698]LogModuleManager: Shutting down and abandoning module AnimationBlueprintEditor (610)
[2020.10.11-09.09.29:851][698]LogModuleManager: Shutting down and abandoning module Persona (608)
[2020.10.11-09.09.29:851][698]LogModuleManager: Shutting down and abandoning module AdvancedPreviewScene (607)
[2020.10.11-09.09.29:851][698]LogModuleManager: Shutting down and abandoning module AnimGraph (605)
[2020.10.11-09.09.29:851][698]LogModuleManager: Shutting down and abandoning module Kismet (602)
[2020.10.11-09.09.29:855][698]LogModuleManager: Shutting down and abandoning mo