Log file open, 10/11/20 16:37:54
LogInit: Display: Running engine for game: PlatformerGame
LogPlatformFile: Not using cached read wrapper
LogTaskGraph: Started task graph with 5 named threads and 47 total threads with 3 sets of task threads.
LogStats: Stats thread started at 0.448254
LogD3D11RHI: Loaded GFSDK_Aftermath_Lib.x64.dll
LogICUInternationalization: ICU TimeZone Detection - Raw Offset: +8:00, Platform Override: ''
LogPluginManager: Mounting plugin Paper2D
LogPluginManager: Mounting plugin AISupport
LogPluginManager: Mounting plugin LightPropagationVolume
LogPluginManager: Mounting plugin CameraShakePreviewer
LogPluginManager: Mounting plugin ActorLayerUtilities
LogPluginManager: Mounting plugin AnimationSharing
LogPluginManager: Mounting plugin CLionSourceCodeAccess
LogPluginManager: Mounting plugin CodeLiteSourceCodeAccess
LogPluginManager: Mounting plugin GitSourceControl
LogPluginManager: Mounting plugin KDevelopSourceCodeAccess
LogPluginManager: Mounting plugin NullSourceCodeAccess
LogPluginManager: Mounting plugin PerforceSourceControl
LogPluginManager: Mounting plugin PlasticSourceControl
LogPluginManager: Mounting plugin RiderLink
LogPluginManager: Mounting plugin RiderSourceCodeAccess
LogPluginManager: Mounting plugin SubversionSourceControl
LogPluginManager: Mounting plugin UObjectPlugin
LogPluginManager: Mounting plugin VisualStudioCodeSourceCodeAccess
LogPluginManager: Mounting plugin VisualStudioSourceCodeAccess
LogPluginManager: Mounting plugin XCodeSourceCodeAccess
LogPluginManager: Mounting plugin AssetManagerEditor
LogPluginManager: Mounting plugin CryptoKeys
LogPluginManager: Mounting plugin CurveEditorTools
LogPluginManager: Mounting plugin DataValidation
LogPluginManager: Mounting plugin EditorScriptingUtilities
LogPluginManager: Mounting plugin FacialAnimation
LogPluginManager: Mounting plugin GameplayTagsEditor
LogPluginManager: Mounting plugin GeometryMode
LogPluginManager: Mounting plugin MacGraphicsSwitching
LogPluginManager: Mounting plugin MaterialAnalyzer
LogPluginManager: Mounting plugin MobileLauncherProfileWizard
LogPluginManager: Mounting plugin PluginBrowser
LogPluginManager: Mounting plugin SpeedTreeImporter
LogPluginManager: Mounting plugin DatasmithContent
LogPluginManager: Mounting plugin VariantManagerContent
LogPluginManager: Mounting plugin AlembicImporter
LogPluginManager: Mounting plugin AutomationUtils
LogPluginManager: Mounting plugin BackChannel
LogPluginManager: Mounting plugin ChaosCloth
LogPluginManager: Mounting plugin ChaosClothEditor
LogPluginManager: Mounting plugin ChaosEditor
LogPluginManager: Mounting plugin ChaosNiagara
LogPluginManager: Mounting plugin ChaosSolverPlugin
LogPluginManager: Mounting plugin CharacterAI
LogPluginManager: Mounting plugin GeometryCache
LogPluginManager: Mounting plugin GeometryCollectionPlugin
LogPluginManager: Mounting plugin GeometryProcessing
LogPluginManager: Mounting plugin PlanarCut
LogPluginManager: Mounting plugin PlatformCrypto
LogPluginManager: Mounting plugin ProxyLODPlugin
LogPluginManager: Mounting plugin SkeletalReduction
LogPluginManager: Mounting plugin Niagara
LogPluginManager: Mounting plugin MagicLeap
LogPluginManager: Mounting plugin MagicLeapLightEstimation
LogPluginManager: Mounting plugin MagicLeapMedia
LogPluginManager: Mounting plugin MagicLeapPassableWorld
LogPluginManager: Mounting plugin MLSDK
LogPluginManager: Mounting plugin AndroidMedia
LogPluginManager: Mounting plugin AvfMedia
LogPluginManager: Mounting plugin ImgMedia
LogPluginManager: Mounting plugin MediaCompositing
LogPluginManager: Mounting plugin MediaPlayerEditor
LogPluginManager: Mounting plugin WebMMedia
LogPluginManager: Mounting plugin WmfMedia
LogPluginManager: Mounting plugin MeshPainting
LogPluginManager: Mounting plugin TcpMessaging
LogPluginManager: Mounting plugin UdpMessaging
LogPluginManager: Mounting plugin ActorSequence
LogPluginManager: Mounting plugin LevelSequenceEditor
LogPluginManager: Mounting plugin MatineeToLevelSequence
LogPluginManager: Mounting plugin MovieRenderPipeline
LogPluginManager: Mounting plugin TemplateSequence
LogPluginManager: Mounting plugin NetcodeUnitTest
LogPluginManager: Mounting plugin NUTUnrealEngine4
LogPluginManager: Mounting plugin OnlineSubsystemGooglePlay
LogPluginManager: Mounting plugin OnlineSubsystemIOS
LogPluginManager: Mounting plugin OnlineSubsystem
LogPluginManager: Mounting plugin OnlineSubsystemNull
LogPluginManager: Mounting plugin OnlineSubsystemUtils
LogPluginManager: Mounting plugin LauncherChunkInstaller
LogPluginManager: Mounting plugin AndroidDeviceProfileSelector
LogPluginManager: Mounting plugin AndroidMoviePlayer
LogPluginManager: Mounting plugin AndroidPermission
LogPluginManager: Mounting plugin AppleImageUtils
LogPluginManager: Mounting plugin AppleMoviePlayer
LogPluginManager: Mounting plugin ArchVisCharacter
LogPluginManager: Mounting plugin AssetTags
LogPluginManager: Mounting plugin AudioCapture
LogPluginManager: Mounting plugin CableComponent
LogPluginManager: Mounting plugin CustomMeshComponent
LogPluginManager: Mounting plugin EditableMesh
LogPluginManager: Mounting plugin ExampleDeviceProfileSelector
LogPluginManager: Mounting plugin GoogleCloudMessaging
LogPluginManager: Mounting plugin GooglePAD
LogPluginManager: Mounting plugin IOSDeviceProfileSelector
LogPluginManager: Mounting plugin LinuxDeviceProfileSelector
LogPluginManager: Mounting plugin LocationServicesBPLibrary
LogPluginManager: Mounting plugin MobilePatchingUtils
LogPluginManager: Mounting plugin OculusVR
LogPluginManager: Mounting plugin PhysXVehicles
LogPluginManager: Mounting plugin PostSplashScreen
LogPluginManager: Mounting plugin ProceduralMeshComponent
LogPluginManager: Mounting plugin RuntimePhysXCooking
LogPluginManager: Mounting plugin SignificanceManager
LogPluginManager: Mounting plugin SoundFields
LogPluginManager: Mounting plugin SteamVR
LogPluginManager: Mounting plugin Synthesis
LogPluginManager: Mounting plugin WebMMoviePlayer
LogPluginManager: Mounting plugin WindowsMoviePlayer
LogPluginManager: Mounting plugin ScreenshotTools
LogInit: Using libcurl 7.55.1-DEV
LogInit:  - built for x86_64-pc-win32
LogInit:  - supports SSL with OpenSSL/1.1.1
LogInit:  - supports HTTP deflate (compression) using libz 1.2.8
LogInit:  - other features:
LogInit:      CURL_VERSION_SSL
LogInit:      CURL_VERSION_LIBZ
LogInit:      CURL_VERSION_IPV6
LogInit:      CURL_VERSION_ASYNCHDNS
LogInit:      CURL_VERSION_LARGEFILE
LogInit:      CURL_VERSION_IDN
LogInit:  CurlRequestOptions (configurable via config and command line):
LogInit:  - bVerifyPeer = true  - Libcurl will verify peer certificate
LogInit:  - bUseHttpProxy = false  - Libcurl will NOT use HTTP proxy
LogInit:  - bDontReuseConnections = false  - Libcurl will reuse connections
LogInit:  - MaxHostConnections = 16  - Libcurl will limit the number of connections to a host
LogInit:  - LocalHostAddr = Default
LogInit:  - BufferSize = 65536
LogOnline: OSS: Creating online subsystem instance for: Null
LogInit: WinSock: version 1.1 (2.2), MaxSocks=32767, MaxUdp=65467
LogOnline: OSS: TryLoadSubsystemAndSetDefault: Loaded subsystem for module [Null]
LogInit: Build: ++UE4+Release-4.25-CL-13594126
LogInit: Engine Version: 4.25.1-13594126+++UE4+Release-4.25
LogInit: Compatible Engine Version: 4.25.0-13144385+++UE4+Release-4.25
LogInit: Net CL: 13144385
LogInit: OS: Windows 10 (Release 2004) (), CPU: Intel(R) Core(TM) i7-10875H CPU @ 2.30GHz, GPU: Intel(R) UHD Graphics
LogInit: Compiled (64-bit): Jun  2 2020 02:10:36
LogInit: Compiled with Visual C++: 19.24.28315.00
LogInit: Build Configuration: Development
LogInit: Branch Name: ++UE4+Release-4.25
LogInit: Command Line:  -skipcompile
LogInit: Base Directory: D:/component application/unreal/UE_4.25/Engine/Binaries/Win64/
LogInit: Allocator: TBB
LogInit: Installed Engine Build: 1
LogDevObjectVersion: Number of dev versions registered: 26
LogDevObjectVersion:   Dev-Blueprints (B0D832E4-1F89-4F0D-ACCF-7EB736FD4AA2): 10
LogDevObjectVersion:   Dev-Build (E1C64328-A22C-4D53-A36C-8E866417BD8C): 0
LogDevObjectVersion:   Dev-Core (375EC13C-06E4-48FB-B500-84F0262A717E): 4
LogDevObjectVersion:   Dev-Editor (E4B068ED-F494-42E9-A231-DA0B2E46BB41): 38
LogDevObjectVersion:   Dev-Framework (CFFC743F-43B0-4480-9391-14DF171D2073): 37
LogDevObjectVersion:   Dev-Mobile (B02B49B5-BB20-44E9-A304-32B752E40360): 2
LogDevObjectVersion:   Dev-Networking (A4E4105C-59A1-49B5-A7C5-40C4547EDFEE): 0
LogDevObjectVersion:   Dev-Online (39C831C9-5AE6-47DC-9A44-9C173E1C8E7C): 0
LogDevObjectVersion:   Dev-Physics (78F01B33-EBEA-4F98-B9B4-84EACCB95AA2): 4
LogDevObjectVersion:   Dev-Platform (6631380F-2D4D-43E0-8009-CF276956A95A): 0
LogDevObjectVersion:   Dev-Rendering (12F88B9F-8875-4AFC-A67C-D90C383ABD29): 43
LogDevObjectVersion:   Dev-Sequencer (7B5AE74C-D270-4C10-A958-57980B212A5A): 12
LogDevObjectVersion:   Dev-VR (D7296918-1DD6-4BDD-9DE2-64A83CC13884): 3
LogDevObjectVersion:   Dev-LoadTimes (C2A15278-BFE7-4AFE-6C17-90FF531DF755): 1
LogDevObjectVersion:   Private-Geometry (6EACA3D4-40EC-4CC1-B786-8BED09428FC5): 3
LogDevObjectVersion:   Dev-AnimPhys (29E575DD-E0A3-4627-9D10-D276232CDCEA): 17
LogDevObjectVersion:   Dev-Anim (AF43A65D-7FD3-4947-9873-3E8ED9C1BB05): 7
LogDevObjectVersion:   Dev-ReflectionCapture (6B266CEC-1EC7-4B8F-A30B-E4D90942FC07): 1
LogDevObjectVersion:   Dev-Automation (0DF73D61-A23F-47EA-B727-89E90C41499A): 1
LogDevObjectVersion:   FortniteMain (601D1886-AC64-4F84-AA16-D3DE0DEAC7D6): 31
LogDevObjectVersion:   Dev-Enterprise (9DFFBCD6-494F-0158-E221-12823C92A888): 10
LogDevObjectVersion:   Dev-Niagara (F2AED0AC-9AFE-416F-8664-AA7FFA26D6FC): 1
LogDevObjectVersion:   Dev-Destruction (174F1F0B-B4C6-45A5-B13F-2EE8D0FB917D): 10
LogDevObjectVersion:   Dev-Physics-Ext (35F94A83-E258-406C-A318-09F59610247C): 37
LogDevObjectVersion:   Dev-PhysicsMaterial-Chaos (B68FC16E-8B1B-42E2-B453-215C058844FE): 1
LogDevObjectVersion:   Dev-CineCamera (B2E18506-4273-CFC2-A54E-F4BB758BBA07): 1
LogInit: Presizing for max 25165824 objects, including 0 objects not considered by GC, pre-allocating 0 bytes for permanent pool.
LogConfig: Applying CVar settings from Section [/Script/Engine.StreamingSettings] File [D:/Code/unreal/PlatformerNetworkGame/PlatformerGame/Saved/Config/Windows/Engine.ini]
LogConfig: Setting CVar [[s.MinBulkDataSizeForAsyncLoading:131072]]
LogConfig: Setting CVar [[s.AsyncLoadingThreadEnabled:0]]
LogConfig: Setting CVar [[s.EventDrivenLoaderEnabled:1]]
LogConfig: Setting CVar [[s.WarnIfTimeLimitExceeded:0]]
LogConfig: Setting CVar [[s.TimeLimitExceededMultiplier:1.5]]
LogConfig: Setting CVar [[s.TimeLimitExceededMinTime:0.005]]
LogConfig: Setting CVar [[s.UseBackgroundLevelStreaming:1]]
LogConfig: Setting CVar [[s.PriorityAsyncLoadingExtraTime:15.0]]
LogConfig: Setting CVar [[s.LevelStreamingActorsUpdateTimeLimit:5.0]]
LogConfig: Setting CVar [[s.PriorityLevelStreamingActorsUpdateExtraTime:5.0]]
LogConfig: Setting CVar [[s.LevelStreamingComponentsRegistrationGranularity:10]]
LogConfig: Setting CVar [[s.UnregisterComponentsTimeLimit:1.0]]
LogConfig: Setting CVar [[s.LevelStreamingComponentsUnregistrationGranularity:5]]
LogConfig: Setting CVar [[s.FlushStreamingOnExit:1]]
LogInit: Object subsystem initialized
LogConfig: Setting CVar [[con.DebugEarlyDefault:1]]
LogConfig: Setting CVar [[r.setres:1280x720]]
[2020.10.11-08.37.54:642][  0]LogConfig: Setting CVar [[r.VSync:0]]
[2020.10.11-08.37.54:642][  0]LogConfig: Setting CVar [[r.RHICmdBypass:0]]
[2020.10.11-08.37.54:642][  0]LogConfig: Applying CVar settings from Section [/Script/Engine.RendererSettings] File [D:/Code/unreal/PlatformerNetworkGame/PlatformerGame/Saved/Config/Windows/Engine.ini]
[2020.10.11-08.37.54:642][  0]LogConfig: Setting CVar [[r.GPUCrashDebugging:0]]
[2020.10.11-08.37.54:642][  0]LogConfig: Applying CVar settings from Section [/Script/Engine.RendererOverrideSettings] File [D:/Code/unreal/PlatformerNetworkGame/PlatformerGame/Saved/Config/Windows/Engine.ini]
[2020.10.11-08.37.54:642][  0]LogConfig: Applying CVar settings from Section [/Script/Engine.StreamingSettings] File [D:/Code/unreal/PlatformerNetworkGame/PlatformerGame/Saved/Config/Windows/Engine.ini]
[2020.10.11-08.37.54:642][  0]LogConfig: Setting CVar [[s.MinBulkDataSizeForAsyncLoading:131072]]
[2020.10.11-08.37.54:642][  0]LogConfig: Setting CVar [[s.AsyncLoadingThreadEnabled:0]]
[2020.10.11-08.37.54:642][  0]LogConfig: Setting CVar [[s.EventDrivenLoaderEnabled:1]]
[2020.10.11-08.37.54:642][  0]LogConfig: Setting CVar [[s.WarnIfTimeLimitExceeded:0]]
[2020.10.11-08.37.54:642][  0]LogConfig: Setting CVar [[s.TimeLimitExceededMultiplier:1.5]]
[2020.10.11-08.37.54:642][  0]LogConfig: Setting CVar [[s.TimeLimitExceededMinTime:0.005]]
[2020.10.11-08.37.54:642][  0]LogConfig: Setting CVar [[s.UseBackgroundLevelStreaming:1]]
[2020.10.11-08.37.54:642][  0]LogConfig: Setting CVar [[s.PriorityAsyncLoadingExtraTime:15.0]]
[2020.10.11-08.37.54:642][  0]LogConfig: Setting CVar [[s.LevelStreamingActorsUpdateTimeLimit:5.0]]
[2020.10.11-08.37.54:642][  0]LogConfig: Setting CVar [[s.PriorityLevelStreamingActorsUpdateExtraTime:5.0]]
[2020.10.11-08.37.54:642][  0]LogConfig: Setting CVar [[s.LevelStreamingComponentsRegistrationGranularity:10]]
[2020.10.11-08.37.54:642][  0]LogConfig: Setting CVar [[s.UnregisterComponentsTimeLimit:1.0]]
[2020.10.11-08.37.54:642][  0]LogConfig: Setting CVar [[s.LevelStreamingComponentsUnregistrationGranularity:5]]
[2020.10.11-08.37.54:642][  0]LogConfig: Setting CVar [[s.FlushStreamingOnExit:1]]
[2020.10.11-08.37.54:642][  0]LogConfig: Applying CVar settings from Section [/Script/Engine.GarbageCollectionSettings] File [D:/Code/unreal/PlatformerNetworkGame/PlatformerGame/Saved/Config/Windows/Engine.ini]
[2020.10.11-08.37.54:642][  0]LogConfig: Setting CVar [[gc.MaxObjectsNotConsideredByGC:1]]
[2020.10.11-08.37.54:642][  0]LogConfig: Setting CVar [[gc.SizeOfPermanentObjectPool:0]]
[2020.10.11-08.37.54:642][  0]LogConfig: Setting CVar [[gc.FlushStreamingOnGC:0]]
[2020.10.11-08.37.54:642][  0]LogConfig: Setting CVar [[gc.NumRetriesBeforeForcingGC:10]]
[2020.10.11-08.37.54:642][  0]LogConfig: Setting CVar [[gc.AllowParallelGC:1]]
[2020.10.11-08.37.54:642][  0]LogConfig: Setting CVar [[gc.TimeBetweenPurgingPendingKillObjects:61.1]]
[2020.10.11-08.37.54:642][  0]LogConfig: Setting CVar [[gc.MaxObjectsInEditor:25165824]]
[2020.10.11-08.37.54:642][  0]LogConfig: Setting CVar [[gc.IncrementalBeginDestroyEnabled:1]]
[2020.10.11-08.37.54:642][  0]LogConfig: Setting CVar [[gc.CreateGCClusters:1]]
[2020.10.11-08.37.54:642][  0]LogConfig: Setting CVar [[gc.MinGCClusterSize:5]]
[2020.10.11-08.37.54:642][  0]LogConfig: Setting CVar [[gc.ActorClusteringEnabled:0]]
[2020.10.11-08.37.54:642][  0]LogConfig: Setting CVar [[gc.BlueprintClusteringEnabled:0]]
[2020.10.11-08.37.54:642][  0]LogConfig: Setting CVar [[gc.UseDisregardForGCOnDedicatedServers:0]]
[2020.10.11-08.37.54:642][  0]LogConfig: Applying CVar settings from Section [/Script/Engine.NetworkSettings] File [D:/Code/unreal/PlatformerNetworkGame/PlatformerGame/Saved/Config/Windows/Engine.ini]
[2020.10.11-08.37.54:642][  0]LogConfig: Applying CVar settings from Section [/Script/UnrealEd.CookerSettings] File [D:/Code/unreal/PlatformerNetworkGame/PlatformerGame/Saved/Config/Windows/Engine.ini]
[2020.10.11-08.37.54:644][  0]LogConfig: Applying CVar settings from Section [ViewDistanceQuality@3] File [D:/Code/unreal/PlatformerNetworkGame/PlatformerGame/Saved/Config/Windows/Scalability.ini]
[2020.10.11-08.37.54:644][  0]LogConfig: Setting CVar [[r.SkeletalMeshLODBias:0]]
[2020.10.11-08.37.54:644][  0]LogConfig: Setting CVar [[r.ViewDistanceScale:1.0]]
[2020.10.11-08.37.54:644][  0]LogConfig: Applying CVar settings from Section [AntiAliasingQuality@3] File [D:/Code/unreal/PlatformerNetworkGame/PlatformerGame/Saved/Config/Windows/Scalability.ini]
[2020.10.11-08.37.54:644][  0]LogConfig: Setting CVar [[r.PostProcessAAQuality:4]]
[2020.10.11-08.37.54:644][  0]LogConfig: Applying CVar settings from Section [ShadowQuality@3] File [D:/Code/unreal/PlatformerNetworkGame/PlatformerGame/Saved/Config/Windows/Scalability.ini]
[2020.10.11-08.37.54:644][  0]LogConfig: Setting CVar [[r.LightFunctionQuality:1]]
[2020.10.11-08.37.54:644][  0]LogConfig: Setting CVar [[r.ShadowQuality:5]]
[2020.10.11-08.37.54:644][  0]LogConfig: Setting CVar [[r.Shadow.CSM.MaxCascades:10]]
[2020.10.11-08.37.54:644][  0]LogConfig: Setting CVar [[r.Shadow.MaxResolution:2048]]
[2020.10.11-08.37.54:644][  0]LogConfig: Setting CVar [[r.Shadow.MaxCSMResolution:2048]]
[2020.10.11-08.37.54:644][  0]LogConfig: Setting CVar [[r.Shadow.RadiusThreshold:0.01]]
[2020.10.11-08.37.54:644][  0]LogConfig: Setting CVar [[r.Shadow.DistanceScale:1.0]]
[2020.10.11-08.37.54:644][  0]LogConfig: Setting CVar [[r.Shadow.CSM.TransitionScale:1.0]]
[2020.10.11-08.37.54:644][  0]LogConfig: Setting CVar [[r.Shadow.PreShadowResolutionFactor:1.0]]
[2020.10.11-08.37.54:644][  0]LogConfig: Setting CVar [[r.DistanceFieldShadowing:1]]
[2020.10.11-08.37.54:644][  0]LogConfig: Setting CVar [[r.DistanceFieldAO:1]]
[2020.10.11-08.37.54:644][  0]LogConfig: Setting CVar [[r.AOQuality:2]]
[2020.10.11-08.37.54:644][  0]LogConfig: Setting CVar [[r.VolumetricFog:1]]
[2020.10.11-08.37.54:644][  0]LogConfig: Setting CVar [[r.VolumetricFog.GridPixelSize:8]]
[2020.10.11-08.37.54:644][  0]LogConfig: Setting CVar [[r.VolumetricFog.GridSizeZ:128]]
[2020.10.11-08.37.54:644][  0]LogConfig: Setting CVar [[r.VolumetricFog.HistoryMissSupersampleCount:4]]
[2020.10.11-08.37.54:644][  0]LogConfig: Setting CVar [[r.LightMaxDrawDistanceScale:1]]
[2020.10.11-08.37.54:644][  0]LogConfig: Setting CVar [[r.CapsuleShadows:1]]
[2020.10.11-08.37.54:644][  0]LogConfig: Applying CVar settings from Section [PostProcessQuality@3] File [D:/Code/unreal/PlatformerNetworkGame/PlatformerGame/Saved/Config/Windows/Scalability.ini]
[2020.10.11-08.37.54:644][  0]LogConfig: Setting CVar [[r.MotionBlurQuality:4]]
[2020.10.11-08.37.54:644][  0]LogConfig: Setting CVar [[r.AmbientOcclusionMipLevelFactor:0.4]]
[2020.10.11-08.37.54:644][  0]LogConfig: Setting CVar [[r.AmbientOcclusionMaxQuality:100]]
[2020.10.11-08.37.54:644][  0]LogConfig: Setting CVar [[r.AmbientOcclusionLevels:-1]]
[2020.10.11-08.37.54:644][  0]LogConfig: Setting CVar [[r.AmbientOcclusionRadiusScale:1.0]]
[2020.10.11-08.37.54:644][  0]LogConfig: Setting CVar [[r.DepthOfFieldQuality:2]]
[2020.10.11-08.37.54:644][  0]LogConfig: Setting CVar [[r.RenderTargetPoolMin:400]]
[2020.10.11-08.37.54:644][  0]LogConfig: Setting CVar [[r.LensFlareQuality:2]]
[2020.10.11-08.37.54:644][  0]LogConfig: Setting CVar [[r.SceneColorFringeQuality:1]]
[2020.10.11-08.37.54:644][  0]LogConfig: Setting CVar [[r.EyeAdaptationQuality:2]]
[2020.10.11-08.37.54:644][  0]LogConfig: Setting CVar [[r.BloomQuality:5]]
[2020.10.11-08.37.54:644][  0]LogConfig: Setting CVar [[r.FastBlurThreshold:100]]
[2020.10.11-08.37.54:644][  0]LogConfig: Setting CVar [[r.Upscale.Quality:3]]
[2020.10.11-08.37.54:644][  0]LogConfig: Setting CVar [[r.Tonemapper.GrainQuantization:1]]
[2020.10.11-08.37.54:644][  0]LogConfig: Setting CVar [[r.LightShaftQuality:1]]
[2020.10.11-08.37.54:644][  0]LogConfig: Setting CVar [[r.Filter.SizeScale:1]]
[2020.10.11-08.37.54:644][  0]LogConfig: Setting CVar [[r.Tonemapper.Quality:5]]
[2020.10.11-08.37.54:644][  0]LogConfig: Setting CVar [[r.DOF.Gather.AccumulatorQuality:1        ; higher gathering accumulator quality]]
[2020.10.11-08.37.54:644][  0]LogConfig: Setting CVar [[r.DOF.Gather.PostfilterMethod:1          ; Median3x3 postfilering method]]
[2020.10.11-08.37.54:644][  0]LogConfig: Setting CVar [[r.DOF.Gather.EnableBokehSettings:0       ; no bokeh simulation when gathering]]
[2020.10.11-08.37.54:644][  0]LogConfig: Setting CVar [[r.DOF.Gather.RingCount:4                 ; medium number of samples when gathering]]
[2020.10.11-08.37.54:644][  0]LogConfig: Setting CVar [[r.DOF.Scatter.ForegroundCompositing:1    ; additive foreground scattering]]
[2020.10.11-08.37.54:644][  0]LogConfig: Setting CVar [[r.DOF.Scatter.BackgroundCompositing:2    ; additive background scattering]]
[2020.10.11-08.37.54:644][  0]LogConfig: Setting CVar [[r.DOF.Scatter.EnableBokehSettings:1      ; bokeh simulation when scattering]]
[2020.10.11-08.37.54:644][  0]LogConfig: Setting CVar [[r.DOF.Scatter.MaxSpriteRatio:0.1         ; only a maximum of 10% of scattered bokeh]]
[2020.10.11-08.37.54:645][  0]LogConfig: Setting CVar [[r.DOF.Recombine.Quality:1                ; cheap slight out of focus]]
[2020.10.11-08.37.54:645][  0]LogConfig: Setting CVar [[r.DOF.Recombine.EnableBokehSettings:0    ; no bokeh simulation on slight out of focus]]
[2020.10.11-08.37.54:645][  0]LogConfig: Setting CVar [[r.DOF.TemporalAAQuality:1                ; more stable temporal accumulation]]
[2020.10.11-08.37.54:645][  0]LogConfig: Setting CVar [[r.DOF.Kernel.MaxForegroundRadius:0.025]]
[2020.10.11-08.37.54:645][  0]LogConfig: Setting CVar [[r.DOF.Kernel.MaxBackgroundRadius:0.025]]
[2020.10.11-08.37.54:645][  0]LogConfig: Applying CVar settings from Section [TextureQuality@3] File [D:/Code/unreal/PlatformerNetworkGame/PlatformerGame/Saved/Config/Windows/Scalability.ini]
[2020.10.11-08.37.54:645][  0]LogConfig: Setting CVar [[r.Streaming.MipBias:0]]
[2020.10.11-08.37.54:645][  0]LogConfig: Setting CVar [[r.Streaming.AmortizeCPUToGPUCopy:0]]
[2020.10.11-08.37.54:645][  0]LogConfig: Setting CVar [[r.Streaming.MaxNumTexturesToStreamPerFrame:0]]
[2020.10.11-08.37.54:645][  0]LogConfig: Setting CVar [[r.Streaming.Boost:1]]
[2020.10.11-08.37.54:645][  0]LogConfig: Setting CVar [[r.MaxAnisotropy:8]]
[2020.10.11-08.37.54:645][  0]LogConfig: Setting CVar [[r.VT.MaxAnisotropy:8]]
[2020.10.11-08.37.54:645][  0]LogConfig: Setting CVar [[r.Streaming.LimitPoolSizeToVRAM:0]]
[2020.10.11-08.37.54:645][  0]LogConfig: Setting CVar [[r.Streaming.PoolSize:1000]]
[2020.10.11-08.37.54:645][  0]LogConfig: Setting CVar [[r.Streaming.MaxEffectiveScreenSize:0]]
[2020.10.11-08.37.54:645][  0]LogConfig: Applying CVar settings from Section [EffectsQuality@3] File [D:/Code/unreal/PlatformerNetworkGame/PlatformerGame/Saved/Config/Windows/Scalability.ini]
[2020.10.11-08.37.54:645][  0]LogConfig: Setting CVar [[r.TranslucencyLightingVolumeDim:64]]
[2020.10.11-08.37.54:645][  0]LogConfig: Setting CVar [[r.RefractionQuality:2]]
[2020.10.11-08.37.54:645][  0]LogConfig: Setting CVar [[r.SSR.Quality:3]]
[2020.10.11-08.37.54:645][  0]LogConfig: Setting CVar [[r.SSR.HalfResSceneColor:0]]
[2020.10.11-08.37.54:645][  0]LogConfig: Setting CVar [[r.SceneColorFormat:4]]
[2020.10.11-08.37.54:645][  0]LogConfig: Setting CVar [[r.DetailMode:2]]
[2020.10.11-08.37.54:645][  0]LogConfig: Setting CVar [[r.TranslucencyVolumeBlur:1]]
[2020.10.11-08.37.54:645][  0]LogConfig: Setting CVar [[r.MaterialQualityLevel:1 ; High quality]]
[2020.10.11-08.37.54:645][  0]LogConfig: Setting CVar [[r.SSS.Scale:1]]
[2020.10.11-08.37.54:645][  0]LogConfig: Setting CVar [[r.SSS.SampleSet:2]]
[2020.10.11-08.37.54:645][  0]LogConfig: Setting CVar [[r.SSS.Quality:1]]
[2020.10.11-08.37.54:645][  0]LogConfig: Setting CVar [[r.SSS.HalfRes:0]]
[2020.10.11-08.37.54:645][  0]LogConfig: Setting CVar [[r.SSGI.Quality:3]]
[2020.10.11-08.37.54:645][  0]LogConfig: Setting CVar [[r.EmitterSpawnRateScale:1.0]]
[2020.10.11-08.37.54:645][  0]LogConfig: Setting CVar [[r.ParticleLightQuality:2]]
[2020.10.11-08.37.54:645][  0]LogConfig: Setting CVar [[r.SkyAtmosphere.AerialPerspectiveLUT.FastApplyOnOpaque:1 ; Always have FastSkyLUT 1 in this case to avoid wrong sky]]
[2020.10.11-08.37.54:645][  0]LogConfig: Setting CVar [[r.SkyAtmosphere.AerialPerspectiveLUT.SampleCountPerSlice:1]]
[2020.10.11-08.37.54:645][  0]LogConfig: Setting CVar [[r.SkyAtmosphere.AerialPerspectiveLUT.DepthResolution:16.0]]
[2020.10.11-08.37.54:645][  0]LogConfig: Setting CVar [[r.SkyAtmosphere.FastSkyLUT:1]]
[2020.10.11-08.37.54:645][  0]LogConfig: Setting CVar [[r.SkyAtmosphere.FastSkyLUT.SampleCountMin:4.0]]
[2020.10.11-08.37.54:645][  0]LogConfig: Setting CVar [[r.SkyAtmosphere.FastSkyLUT.SampleCountMax:32.0]]
[2020.10.11-08.37.54:645][  0]LogConfig: Setting CVar [[r.SkyAtmosphere.SampleCountMin:4.0]]
[2020.10.11-08.37.54:645][  0]LogConfig: Setting CVar [[r.SkyAtmosphere.SampleCountMax:32.0]]
[2020.10.11-08.37.54:645][  0]LogConfig: Setting CVar [[r.SkyAtmosphere.TransmittanceLUT.UseSmallFormat:0]]
[2020.10.11-08.37.54:645][  0]LogConfig: Setting CVar [[r.SkyAtmosphere.TransmittanceLUT.SampleCount:10.0]]
[2020.10.11-08.37.54:645][  0]LogConfig: Setting CVar [[r.SkyAtmosphere.MultiScatteringLUT.SampleCount:15.0]]
[2020.10.11-08.37.54:645][  0]LogConfig: Applying CVar settings from Section [FoliageQuality@3] File [D:/Code/unreal/PlatformerNetworkGame/PlatformerGame/Saved/Config/Windows/Scalability.ini]
[2020.10.11-08.37.54:645][  0]LogConfig: Setting CVar [[foliage.DensityScale:1.0]]
[2020.10.11-08.37.54:645][  0]LogConfig: Setting CVar [[grass.DensityScale:1.0]]
[2020.10.11-08.37.54:645][  0]LogConfig: Applying CVar settings from Section [ShadingQuality@3] File [D:/Code/unreal/PlatformerNetworkGame/PlatformerGame/Saved/Config/Windows/Scalability.ini]
[2020.10.11-08.37.54:645][  0]LogConfig: Setting CVar [[r.HairStrands.SkyLighting.SampleCount:16]]
[2020.10.11-08.37.54:645][  0]LogConfig: Setting CVar [[r.HairStrands.SkyLighting.JitterIntegration:0]]
[2020.10.11-08.37.54:645][  0]LogConfig: Setting CVar [[r.HairStrands.SkyAO.SampleCount:16]]
[2020.10.11-08.37.54:645][  0]LogConfig: Setting CVar [[r.HairStrands.DeepShadow.SuperSampling:0]]
[2020.10.11-08.37.54:645][  0]LogConfig: Setting CVar [[r.HairStrands.VisibilityPPLL:0]]
[2020.10.11-08.37.54:645][  0]LogConfig: Setting CVar [[r.HairStrands.RasterizationScale:0.5]]
[2020.10.11-08.37.54:645][  0]LogConfig: Setting CVar [[r.HairStrands.VelocityRasterizationScale:1]]
[2020.10.11-08.37.54:645][  0]LogInit: Selected Device Profile: [Windows]
[2020.10.11-08.37.54:645][  0]LogInit: Applying CVar settings loaded from the selected device profile: [Windows]
[2020.10.11-08.37.54:645][  0]LogHAL: Display: Platform has ~ 32 GB [34186383360 / 34359738368 / 32], which maps to Largest [LargestMinGB=32, LargerMinGB=12, DefaultMinGB=8, SmallerMinGB=6, SmallestMinGB=0)
[2020.10.11-08.37.54:645][  0]LogInit: Going up to parent DeviceProfile []
[2020.10.11-08.37.54:645][  0]LogConfig: Applying CVar settings from Section [ViewDistanceQuality@3] File [D:/Code/unreal/PlatformerNetworkGame/PlatformerGame/Saved/Config/Windows/Scalability.ini]
[2020.10.11-08.37.54:645][  0]LogConfig: Setting CVar [[r.SkeletalMeshLODBias:0]]
[2020.10.11-08.37.54:645][  0]LogConfig: Setting CVar [[r.ViewDistanceScale:1.0]]
[2020.10.11-08.37.54:645][  0]LogConfig: Applying CVar settings from Section [AntiAliasingQuality@3] File [D:/Code/unreal/PlatformerNetworkGame/PlatformerGame/Saved/Config/Windows/Scalability.ini]
[2020.10.11-08.37.54:645][  0]LogConfig: Setting CVar [[r.PostProcessAAQuality:4]]
[2020.10.11-08.37.54:645][  0]LogConfig: Applying CVar settings from Section [ShadowQuality@3] File [D:/Code/unreal/PlatformerNetworkGame/PlatformerGame/Saved/Config/Windows/Scalability.ini]
[2020.10.11-08.37.54:645][  0]LogConfig: Setting CVar [[r.LightFunctionQuality:1]]
[2020.10.11-08.37.54:645][  0]LogConfig: Setting CVar [[r.ShadowQuality:5]]
[2020.10.11-08.37.54:645][  0]LogConfig: Setting CVar [[r.Shadow.CSM.MaxCascades:10]]
[2020.10.11-08.37.54:645][  0]LogConfig: Setting CVar [[r.Shadow.MaxResolution:2048]]
[2020.10.11-08.37.54:645][  0]LogConfig: Setting CVar [[r.Shadow.MaxCSMResolution:2048]]
[2020.10.11-08.37.54:645][  0]LogConfig: Setting CVar [[r.Shadow.RadiusThreshold:0.01]]
[2020.10.11-08.37.54:645][  0]LogConfig: Setting CVar [[r.Shadow.DistanceScale:1.0]]
[2020.10.11-08.37.54:645][  0]LogConfig: Setting CVar [[r.Shadow.CSM.TransitionScale:1.0]]
[2020.10.11-08.37.54:645][  0]LogConfig: Setting CVar [[r.Shadow.PreShadowResolutionFactor:1.0]]
[2020.10.11-08.37.54:645][  0]LogConfig: Setting CVar [[r.DistanceFieldShadowing:1]]
[2020.10.11-08.37.54:645][  0]LogConfig: Setting CVar [[r.DistanceFieldAO:1]]
[2020.10.11-08.37.54:645][  0]LogConfig: Setting CVar [[r.AOQuality:2]]
[2020.10.11-08.37.54:645][  0]LogConfig: Setting CVar [[r.VolumetricFog:1]]
[2020.10.11-08.37.54:645][  0]LogConfig: Setting CVar [[r.VolumetricFog.GridPixelSize:8]]
[2020.10.11-08.37.54:645][  0]LogConfig: Setting CVar [[r.VolumetricFog.GridSizeZ:128]]
[2020.10.11-08.37.54:645][  0]LogConfig: Setting CVar [[r.VolumetricFog.HistoryMissSupersampleCount:4]]
[2020.10.11-08.37.54:645][  0]LogConfig: Setting CVar [[r.LightMaxDrawDistanceScale:1]]
[2020.10.11-08.37.54:645][  0]LogConfig: Setting CVar [[r.CapsuleShadows:1]]
[2020.10.11-08.37.54:645][  0]LogConfig: Applying CVar settings from Section [PostProcessQuality@3] File [D:/Code/unreal/PlatformerNetworkGame/PlatformerGame/Saved/Config/Windows/Scalability.ini]
[2020.10.11-08.37.54:645][  0]LogConfig: Setting CVar [[r.MotionBlurQuality:4]]
[2020.10.11-08.37.54:645][  0]LogConfig: Setting CVar [[r.AmbientOcclusionMipLevelFactor:0.4]]
[2020.10.11-08.37.54:645][  0]LogConfig: Setting CVar [[r.AmbientOcclusionMaxQuality:100]]
[2020.10.11-08.37.54:645][  0]LogConfig: Setting CVar [[r.AmbientOcclusionLevels:-1]]
[2020.10.11-08.37.54:645][  0]LogConfig: Setting CVar [[r.AmbientOcclusionRadiusScale:1.0]]
[2020.10.11-08.37.54:645][  0]LogConfig: Setting CVar [[r.DepthOfFieldQuality:2]]
[2020.10.11-08.37.54:645][  0]LogConfig: Setting CVar [[r.RenderTargetPoolMin:400]]
[2020.10.11-08.37.54:645][  0]LogConfig: Setting CVar [[r.LensFlareQuality:2]]
[2020.10.11-08.37.54:645][  0]LogConfig: Setting CVar [[r.SceneColorFringeQuality:1]]
[2020.10.11-08.37.54:645][  0]LogConfig: Setting CVar [[r.EyeAdaptationQuality:2]]
[2020.10.11-08.37.54:645][  0]LogConfig: Setting CVar [[r.BloomQuality:5]]
[2020.10.11-08.37.54:645][  0]LogConfig: Setting CVar [[r.FastBlurThreshold:100]]
[2020.10.11-08.37.54:645][  0]LogConfig: Setting CVar [[r.Upscale.Quality:3]]
[2020.10.11-08.37.54:645][  0]LogConfig: Setting CVar [[r.Tonemapper.GrainQuantization:1]]
[2020.10.11-08.37.54:645][  0]LogConfig: Setting CVar [[r.LightShaftQuality:1]]
[2020.10.11-08.37.54:645][  0]LogConfig: Setting CVar [[r.Filter.SizeScale:1]]
[2020.10.11-08.37.54:645][  0]LogConfig: Setting CVar [[r.Tonemapper.Quality:5]]
[2020.10.11-08.37.54:645][  0]LogConfig: Setting CVar [[r.DOF.Gather.AccumulatorQuality:1        ; higher gathering accumulator quality]]
[2020.10.11-08.37.54:645][  0]LogConfig: Setting CVar [[r.DOF.Gather.PostfilterMethod:1          ; Median3x3 postfilering method]]
[2020.10.11-08.37.54:646][  0]LogConfig: Setting CVar [[r.DOF.Gather.EnableBokehSettings:0       ; no bokeh simulation when gathering]]
[2020.10.11-08.37.54:646][  0]LogConfig: Setting CVar [[r.DOF.Gather.RingCount:4                 ; medium number of samples when gathering]]
[2020.10.11-08.37.54:646][  0]LogConfig: Setting CVar [[r.DOF.Scatter.ForegroundCompositing:1    ; additive foreground scattering]]
[2020.10.11-08.37.54:646][  0]LogConfig: Setting CVar [[r.DOF.Scatter.BackgroundCompositing:2    ; additive background scattering]]
[2020.10.11-08.37.54:646][  0]LogConfig: Setting CVar [[r.DOF.Scatter.EnableBokehSettings:1      ; bokeh simulation when scattering]]
[2020.10.11-08.37.54:646][  0]LogConfig: Setting CVar [[r.DOF.Scatter.MaxSpriteRatio:0.1         ; only a maximum of 10% of scattered bokeh]]
[2020.10.11-08.37.54:646][  0]LogConfig: Setting CVar [[r.DOF.Recombine.Quality:1                ; cheap slight out of focus]]
[2020.10.11-08.37.54:646][  0]LogConfig: Setting CVar [[r.DOF.Recombine.EnableBokehSettings:0    ; no bokeh simulation on slight out of focus]]
[2020.10.11-08.37.54:646][  0]LogConfig: Setting CVar [[r.DOF.TemporalAAQuality:1                ; more stable temporal accumulation]]
[2020.10.11-08.37.54:646][  0]LogConfig: Setting CVar [[r.DOF.Kernel.MaxForegroundRadius:0.025]]
[2020.10.11-08.37.54:646][  0]LogConfig: Setting CVar [[r.DOF.Kernel.MaxBackgroundRadius:0.025]]
[2020.10.11-08.37.54:646][  0]LogConfig: Applying CVar settings from Section [TextureQuality@3] File [D:/Code/unreal/PlatformerNetworkGame/PlatformerGame/Saved/Config/Windows/Scalability.ini]
[2020.10.11-08.37.54:646][  0]LogConfig: Setting CVar [[r.Streaming.MipBias:0]]
[2020.10.11-08.37.54:646][  0]LogConfig: Setting CVar [[r.Streaming.AmortizeCPUToGPUCopy:0]]
[2020.10.11-08.37.54:646][  0]LogConfig: Setting CVar [[r.Streaming.MaxNumTexturesToStreamPerFrame:0]]
[2020.10.11-08.37.54:646][  0]LogConfig: Setting CVar [[r.Streaming.Boost:1]]
[2020.10.11-08.37.54:646][  0]LogConfig: Setting CVar [[r.MaxAnisotropy:8]]
[2020.10.11-08.37.54:646][  0]LogConfig: Setting CVar [[r.VT.MaxAnisotropy:8]]
[2020.10.11-08.37.54:646][  0]LogConfig: Setting CVar [[r.Streaming.LimitPoolSizeToVRAM:0]]
[2020.10.11-08.37.54:646][  0]LogConfig: Setting CVar [[r.Streaming.PoolSize:1000]]
[2020.10.11-08.37.54:646][  0]LogConfig: Setting CVar [[r.Streaming.MaxEffectiveScreenSize:0]]
[2020.10.11-08.37.54:646][  0]LogConfig: Applying CVar settings from Section [EffectsQuality@3] File [D:/Code/unreal/PlatformerNetworkGame/PlatformerGame/Saved/Config/Windows/Scalability.ini]
[2020.10.11-08.37.54:646][  0]LogConfig: Setting CVar [[r.TranslucencyLightingVolumeDim:64]]
[2020.10.11-08.37.54:646][  0]LogConfig: Setting CVar [[r.RefractionQuality:2]]
[2020.10.11-08.37.54:646][  0]LogConfig: Setting CVar [[r.SSR.Quality:3]]
[2020.10.11-08.37.54:646][  0]LogConfig: Setting CVar [[r.SSR.HalfResSceneColor:0]]
[2020.10.11-08.37.54:646][  0]LogConfig: Setting CVar [[r.SceneColorFormat:4]]
[2020.10.11-08.37.54:646][  0]LogConfig: Setting CVar [[r.DetailMode:2]]
[2020.10.11-08.37.54:646][  0]LogConfig: Setting CVar [[r.TranslucencyVolumeBlur:1]]
[2020.10.11-08.37.54:646][  0]LogConfig: Setting CVar [[r.MaterialQualityLevel:1 ; High quality]]
[2020.10.11-08.37.54:646][  0]LogConfig: Setting CVar [[r.SSS.Scale:1]]
[2020.10.11-08.37.54:646][  0]LogConfig: Setting CVar [[r.SSS.SampleSet:2]]
[2020.10.11-08.37.54:646][  0]LogConfig: Setting CVar [[r.SSS.Quality:1]]
[2020.10.11-08.37.54:646][  0]LogConfig: Setting CVar [[r.SSS.HalfRes:0]]
[2020.10.11-08.37.54:646][  0]LogConfig: Setting CVar [[r.SSGI.Quality:3]]
[2020.10.11-08.37.54:646][  0]LogConfig: Setting CVar [[r.EmitterSpawnRateScale:1.0]]
[2020.10.11-08.37.54:646][  0]LogConfig: Setting CVar [[r.ParticleLightQuality:2]]
[2020.10.11-08.37.54:646][  0]LogConfig: Setting CVar [[r.SkyAtmosphere.AerialPerspectiveLUT.FastApplyOnOpaque:1 ; Always have FastSkyLUT 1 in this case to avoid wrong sky]]
[2020.10.11-08.37.54:646][  0]LogConfig: Setting CVar [[r.SkyAtmosphere.AerialPerspectiveLUT.SampleCountPerSlice:1]]
[2020.10.11-08.37.54:646][  0]LogConfig: Setting CVar [[r.SkyAtmosphere.AerialPerspectiveLUT.DepthResolution:16.0]]
[2020.10.11-08.37.54:646][  0]LogConfig: Setting CVar [[r.SkyAtmosphere.FastSkyLUT:1]]
[2020.10.11-08.37.54:646][  0]LogConfig: Setting CVar [[r.SkyAtmosphere.FastSkyLUT.SampleCountMin:4.0]]
[2020.10.11-08.37.54:646][  0]LogConfig: Setting CVar [[r.SkyAtmosphere.FastSkyLUT.SampleCountMax:32.0]]
[2020.10.11-08.37.54:646][  0]LogConfig: Setting CVar [[r.SkyAtmosphere.SampleCountMin:4.0]]
[2020.10.11-08.37.54:646][  0]LogConfig: Setting CVar [[r.SkyAtmosphere.SampleCountMax:32.0]]
[2020.10.11-08.37.54:646][  0]LogConfig: Setting CVar [[r.SkyAtmosphere.TransmittanceLUT.UseSmallFormat:0]]
[2020.10.11-08.37.54:646][  0]LogConfig: Setting CVar [[r.SkyAtmosphere.TransmittanceLUT.SampleCount:10.0]]
[2020.10.11-08.37.54:646][  0]LogConfig: Setting CVar [[r.SkyAtmosphere.MultiScatteringLUT.SampleCount:15.0]]
[2020.10.11-08.37.54:646][  0]LogConfig: Applying CVar settings from Section [FoliageQuality@3] File [D:/Code/unreal/PlatformerNetworkGame/PlatformerGame/Saved/Config/Windows/Scalability.ini]
[2020.10.11-08.37.54:646][  0]LogConfig: Setting CVar [[foliage.DensityScale:1.0]]
[2020.10.11-08.37.54:646][  0]LogConfig: Setting CVar [[grass.DensityScale:1.0]]
[2020.10.11-08.37.54:646][  0]LogConfig: Applying CVar settings from Section [ShadingQuality@3] File [D:/Code/unreal/PlatformerNetworkGame/PlatformerGame/Saved/Config/Windows/Scalability.ini]
[2020.10.11-08.37.54:646][  0]LogConfig: Setting CVar [[r.HairStrands.SkyLighting.SampleCount:16]]
[2020.10.11-08.37.54:646][  0]LogConfig: Setting CVar [[r.HairStrands.SkyLighting.JitterIntegration:0]]
[2020.10.11-08.37.54:646][  0]LogConfig: Setting CVar [[r.HairStrands.SkyAO.SampleCount:16]]
[2020.10.11-08.37.54:646][  0]LogConfig: Setting CVar [[r.HairStrands.DeepShadow.SuperSampling:0]]
[2020.10.11-08.37.54:646][  0]LogConfig: Setting CVar [[r.HairStrands.VisibilityPPLL:0]]
[2020.10.11-08.37.54:646][  0]LogConfig: Setting CVar [[r.HairStrands.RasterizationScale:0.5]]
[2020.10.11-08.37.54:646][  0]LogConfig: Setting CVar [[r.HairStrands.VelocityRasterizationScale:1]]
[2020.10.11-08.37.54:646][  0]LogConfig: Applying CVar settings from Section [Startup] File [../../../Engine/Config/ConsoleVariables.ini]
[2020.10.11-08.37.54:646][  0]LogConfig: Setting CVar [[net.UseAdaptiveNetUpdateFrequency:0]]
[2020.10.11-08.37.54:646][  0]LogConfig: Setting CVar [[p.chaos.AllowCreatePhysxBodies:1]]
[2020.10.11-08.37.54:646][  0]LogConfig: Setting CVar [[fx.SkipVectorVMBackendOptimizations:1]]
[2020.10.11-08.37.54:646][  0]LogConfig: Applying CVar settings from Section [ConsoleVariables] File [D:/Code/unreal/PlatformerNetworkGame/PlatformerGame/Saved/Config/Windows/Engine.ini]
[2020.10.11-08.37.54:646][  0]LogInit: Computer: DESKTOP-G0SN44A
[2020.10.11-08.37.54:646][  0]LogInit: User: piang
[2020.10.11-08.37.54:646][  0]LogInit: CPU Page size=4096, Cores=8
[2020.10.11-08.37.54:646][  0]LogInit: High frequency timer resolution =10.000000 MHz
[2020.10.11-08.37.54:646][  0]LogMemory: Memory total: Physical=31.8GB (32GB approx)
[2020.10.11-08.37.54:646][  0]LogMemory: Platform Memory Stats for Windows
[2020.10.11-08.37.54:646][  0]LogMemory: Process Physical Memory: 118.07 MB used, 118.07 MB peak
[2020.10.11-08.37.54:646][  0]LogMemory: Process Virtual Memory: 106.38 MB used, 106.38 MB peak
[2020.10.11-08.37.54:646][  0]LogMemory: Physical Memory: 9940.78 MB used,  22661.90 MB free, 32602.68 MB total
[2020.10.11-08.37.54:646][  0]LogMemory: Virtual Memory: 5196.01 MB used,  134212528.00 MB free, 134217728.00 MB total
[2020.10.11-08.37.54:650][  0]LogWindows: WindowsPlatformFeatures enabled
[2020.10.11-08.37.54:688][  0]LogInit: Physics initialised using underlying interface: PhysX
[2020.10.11-08.37.54:689][  0]LogInit: Using OS detected language (zh-CN).
[2020.10.11-08.37.54:689][  0]LogInit: Using OS detected locale (zh-CN).
[2020.10.11-08.37.54:690][  0]LogTextLocalizationManager: No specific localization for 'zh-CN' exists, so the 'zh-Hans' localization will be used.
[2020.10.11-08.37.54:757][  0]LogTextLocalizationResource: LocRes '../../../Engine/Content/Localization/Editor/zh/Editor.locres' could not be opened for reading!
[2020.10.11-08.37.54:757][  0]LogTextLocalizationResource: LocRes '../../../Engine/Content/Localization/EditorTutorials/zh/EditorTutorials.locres' could not be opened for reading!
[2020.10.11-08.37.54:757][  0]LogTextLocalizationResource: LocRes '../../../Engine/Content/Localization/Keywords/zh/Keywords.locres' could not be opened for reading!
[2020.10.11-08.37.54:757][  0]LogTextLocalizationResource: LocRes '../../../Engine/Content/Localization/Category/zh/Category.locres' could not be opened for reading!
[2020.10.11-08.37.54:757][  0]LogTextLocalizationResource: LocRes '../../../Engine/Content/Localization/ToolTips/zh/ToolTips.locres' could not be opened for reading!
[2020.10.11-08.37.54:757][  0]LogTextLocalizationResource: LocRes '../../../Engine/Content/Localization/PropertyNames/zh/PropertyNames.locres' could not be opened for reading!
[2020.10.11-08.37.54:758][  0]LogTextLocalizationResource: LocRes '../../../Engine/Content/Localization/Engine/zh/Engine.locres' could not be opened for reading!
[2020.10.11-08.37.54:758][  0]LogTextLocalizationResource: LocRes '../../../Engine/Plugins/Online/Android/OnlineSubsystemGooglePlay/Content/Localization/OnlineSubsystemGooglePlay/zh/OnlineSubsystemGooglePlay.locres' could not be opened for reading!
[2020.10.11-08.37.54:758][  0]LogTextLocalizationResource: LocRes '../../../Engine/Plugins/Online/IOS/OnlineSubsystemIOS/Content/Localization/OnlineSubsystemIOS/zh/OnlineSubsystemIOS.locres' could not be opened for reading!
[2020.10.11-08.37.54:758][  0]LogTextLocalizationResource: LocRes '../../../Engine/Plugins/Online/OnlineSubsystem/Content/Localization/OnlineSubsystem/zh/OnlineSubsystem.locres' could not be opened for reading!
[2020.10.11-08.37.54:758][  0]LogTextLocalizationResource: LocRes '../../../Engine/Plugins/Online/OnlineSubsystemUtils/Content/Localization/OnlineSubsystemUtils/zh/OnlineSubsystemUtils.locres' could not be opened for reading!
[2020.10.11-08.37.54:800][  0]LogInit: Setting process to per monitor DPI aware
[2020.10.11-08.37.54:818][  0]LogSlate: New Slate User Created.  User Index 0, Is Virtual User: 0
[2020.10.11-08.37.54:818][  0]LogSlate: Slate User Registered.  User Index 0, Is Virtual User: 0
[2020.10.11-08.37.54:909][  0]LogHMD: Failed to initialize OpenVR with code 110
[2020.10.11-08.37.54:909][  0]LogD3D11RHI: D3D11 min allowed feature level: 11_0
[2020.10.11-08.37.54:909][  0]LogD3D11RHI: D3D11 max allowed feature level: 11_0
[2020.10.11-08.37.54:909][  0]LogD3D11RHI: D3D11 adapters:
[2020.10.11-08.37.54:976][  0]LogD3D11RHI:    0. 'NVIDIA GeForce RTX 2080 Super with Max-Q Design' (Feature Level 11_0)
[2020.10.11-08.37.54:976][  0]LogD3D11RHI:       8010/0/16301 MB DedicatedVideo/DedicatedSystem/SharedSystem, Outputs:1, VendorId:0x10de
[2020.10.11-08.37.54:994][  0]LogD3D11RHI:    1. 'Intel(R) UHD Graphics' (Feature Level 11_0)
[2020.10.11-08.37.54:994][  0]LogD3D11RHI:       128/0/16301 MB DedicatedVideo/DedicatedSystem/SharedSystem, Outputs:0, VendorId:0x8086
[2020.10.11-08.37.54:995][  0]LogD3D11RHI:    2. 'Microsoft Basic Render Driver' (Feature Level 11_0)
[2020.10.11-08.37.54:995][  0]LogD3D11RHI:       0/0/16301 MB DedicatedVideo/DedicatedSystem/SharedSystem, Outputs:0, VendorId:0x1414
[2020.10.11-08.37.54:995][  0]LogD3D11RHI: Chosen D3D11 Adapter: 0
[2020.10.11-08.37.55:000][  0]LogD3D11RHI: Creating new Direct3DDevice
[2020.10.11-08.37.55:001][  0]LogD3D11RHI:     GPU DeviceId: 0x1ed3 (for the marketing name, search the web for "GPU Device Id")
[2020.10.11-08.37.55:001][  0]LogWindows: EnumDisplayDevices:
[2020.10.11-08.37.55:001][  0]LogWindows:    0. 'Intel(R) UHD Graphics' (P:1 D:1)
[2020.10.11-08.37.55:001][  0]LogWindows:    1. 'Intel(R) UHD Graphics' (P:0 D:0)
[2020.10.11-08.37.55:001][  0]LogWindows:    2. 'Intel(R) UHD Graphics' (P:0 D:0)
[2020.10.11-08.37.55:001][  0]LogWindows:    3. 'NVIDIA GeForce RTX 2080 Super with Max-Q Design' (P:0 D:0)
[2020.10.11-08.37.55:002][  0]LogWindows:    4. 'NVIDIA GeForce RTX 2080 Super with Max-Q Design' (P:0 D:0)
[2020.10.11-08.37.55:002][  0]LogWindows:    5. 'NVIDIA GeForce RTX 2080 Super with Max-Q Design' (P:0 D:0)
[2020.10.11-08.37.55:002][  0]LogWindows:    6. 'NVIDIA GeForce RTX 2080 Super with Max-Q Design' (P:0 D:0)
[2020.10.11-08.37.55:002][  0]LogWindows: DebugString: PrimaryIsNotTheChoosenAdapter PrimaryIsNotTheChoosenAdapter PrimaryIsNotTheChoosenAdapter FoundDriverCount:4 
[2020.10.11-08.37.55:002][  0]LogD3D11RHI:     Adapter Name: NVIDIA GeForce RTX 2080 Super with Max-Q Design
[2020.10.11-08.37.55:002][  0]LogD3D11RHI:   Driver Version: 456.71 (internal:27.21.14.5671, unified:456.71)
[2020.10.11-08.37.55:002][  0]LogD3D11RHI:      Driver Date: 9-30-2020
[2020.10.11-08.37.55:002][  0]LogRHI: Texture pool is 5607 MB (70% of 8010 MB)
[2020.10.11-08.37.55:050][  0]LogD3D11RHI: RHI has support for 64 bit atomics
[2020.10.11-08.37.55:052][  0]LogD3D11RHI: [Aftermath] Enabled and primed
[2020.10.11-08.37.55:052][  0]LogD3D11RHI: Async texture creation enabled
[2020.10.11-08.37.55:052][  0]LogD3D11RHI: Array index from any shader is supported
[2020.10.11-08.37.55:066][  0]LogD3D11RHI: GPU Timing Frequency: 1000.000000 (Debug: 2 1)
[2020.10.11-08.37.55:285][  0]LogTargetPlatformManager: Display: Loaded TargetPlatform 'AllDesktop'
[2020.10.11-08.37.55:301][  0]LogTargetPlatformManager: Display: Loaded TargetPlatform 'Android'
[2020.10.11-08.37.55:301][  0]LogTargetPlatformManager: Display: Loaded TargetPlatform 'Android_ASTC'
[2020.10.11-08.37.55:301][  0]LogTargetPlatformManager: Display: Loaded TargetPlatform 'Android_DXT'
[2020.10.11-08.37.55:301][  0]LogTargetPlatformManager: Display: Loaded TargetPlatform 'Android_ETC2'
[2020.10.11-08.37.55:301][  0]LogTargetPlatformManager: Display: Loaded TargetPlatform 'AndroidClient'
[2020.10.11-08.37.55:301][  0]LogTargetPlatformManager: Display: Loaded TargetPlatform 'Android_ASTCClient'
[2020.10.11-08.37.55:301][  0]LogTargetPlatformManager: Display: Loaded TargetPlatform 'Android_DXTClient'
[2020.10.11-08.37.55:301][  0]LogTargetPlatformManager: Display: Loaded TargetPlatform 'Android_ETC2Client'
[2020.10.11-08.37.55:301][  0]LogTargetPlatformManager: Display: Loaded TargetPlatform 'Android_Multi'
[2020.10.11-08.37.55:301][  0]LogTargetPlatformManager: Display: Loaded TargetPlatform 'Android_MultiClient'
[2020.10.11-08.37.55:318][  0]LogTargetPlatformManager: Display: Loaded TargetPlatform 'IOSClient'
[2020.10.11-08.37.55:318][  0]LogTargetPlatformManager: Display: Loaded TargetPlatform 'IOS'
[2020.10.11-08.37.55:325][  0]LogTargetPlatformManager: Display: Loaded TargetPlatform 'Linux'
[2020.10.11-08.37.55:331][  0]LogTargetPlatformManager: Display: Loaded TargetPlatform 'LinuxNoEditor'
[2020.10.11-08.37.55:339][  0]LogTargetPlatformManager: Display: Loaded TargetPlatform 'LinuxClient'
[2020.10.11-08.37.55:346][  0]LogTargetPlatformManager: Display: Loaded TargetPlatform 'LinuxServer'
[2020.10.11-08.37.55:353][  0]LogTargetPlatformManager: Display: Loaded TargetPlatform 'LinuxAArch64NoEditor'
[2020.10.11-08.37.55:360][  0]LogTargetPlatformManager: Display: Loaded TargetPlatform 'LinuxAArch64Client'
[2020.10.11-08.37.55:367][  0]LogTargetPlatformManager: Display: Loaded TargetPlatform 'LinuxAArch64Server'
[2020.10.11-08.37.55:386][  0]LogTargetPlatformManager: Display: Loaded TargetPlatform 'Lumin'
[2020.10.11-08.37.55:387][  0]LogTargetPlatformManager: Display: Loaded TargetPlatform 'LuminClient'
[2020.10.11-08.37.55:400][  0]LogTargetPlatformManager: Display: Loaded TargetPlatform 'TVOSClient'
[2020.10.11-08.37.55:400][  0]LogTargetPlatformManager: Display: Loaded TargetPlatform 'TVOS'
[2020.10.11-08.37.55:407][  0]LogTargetPlatformManager: Display: Loaded TargetPlatform 'WindowsNoEditor'
[2020.10.11-08.37.55:415][  0]LogTargetPlatformManager: Display: Loaded TargetPlatform 'Windows'
[2020.10.11-08.37.55:421][  0]LogTargetPlatformManager: Display: Loaded TargetPlatform 'WindowsClient'
[2020.10.11-08.37.55:428][  0]LogTargetPlatformManager: Display: Loaded TargetPlatform 'WindowsServer'
[2020.10.11-08.37.55:428][  0]LogTargetPlatformManager: Display: Building Assets For Windows
[2020.10.11-08.37.55:434][  0]LogAudioDebug: Display: Lib vorbis DLL was dynamically loaded.
[2020.10.11-08.37.55:478][  0]LogShaderCompilers: Guid format shader working directory is -20 characters bigger than the processId version (../../../../../../Code/unreal/PlatformerNetworkGame/PlatformerGame/Intermediate/Shaders/WorkingDirectory/9748/).
[2020.10.11-08.37.55:478][  0]LogShaderCompilers: Cleaned the shader compiler working directory 'C:/Users/piang/AppData/Local/Temp/UnrealShaderWorkingDir/2ED227164C1923B6ACB456B36F2A1843/'.
[2020.10.11-08.37.55:478][  0]LogXGEController: Cleaning working directory: C:/Users/piang/AppData/Local/Temp/UnrealXGEWorkingDir/
[2020.10.11-08.37.55:478][  0]LogXGEController: Cannot use XGE Controller as Incredibuild is not installed on this machine.
[2020.10.11-08.37.55:478][  0]LogShaderCompilers: Cannot use XGE Shader Compiler as Incredibuild is not installed on this machine.
[2020.10.11-08.37.55:478][  0]LogShaderCompilers: Display: Using Local Shader Compiler.
[2020.10.11-08.37.56:061][  0]LogDerivedDataCache: Display: Max Cache Size: 512 MB
[2020.10.11-08.37.56:097][  0]LogDerivedDataCache: Loaded boot cache 0.04s 76MB C:/Users/piang/AppData/Local/UnrealEngine/4.25/DerivedDataCache/Boot.ddc.
[2020.10.11-08.37.56:097][  0]LogDerivedDataCache: Display: Loaded Boot cache: C:/Users/piang/AppData/Local/UnrealEngine/4.25/DerivedDataCache/Boot.ddc
[2020.10.11-08.37.56:097][  0]LogDerivedDataCache: FDerivedDataBackendGraph:  Pak pak cache file ../../../../../../Code/unreal/PlatformerNetworkGame/PlatformerGame/DerivedDataCache/DDC.ddp not found, will not use a pak cache.
[2020.10.11-08.37.56:097][  0]LogDerivedDataCache: Unable to find inner node Pak for hierarchical cache Hierarchy.
[2020.10.11-08.37.56:097][  0]LogDerivedDataCache: FDerivedDataBackendGraph:  CompressedPak pak cache file ../../../../../../Code/unreal/PlatformerNetworkGame/PlatformerGame/DerivedDataCache/Compressed.ddp not found, will not use a pak cache.
[2020.10.11-08.37.56:097][  0]LogDerivedDataCache: Unable to find inner node CompressedPak for hierarchical cache Hierarchy.
[2020.10.11-08.37.56:105][  0]LogDerivedDataCache: Display: Pak cache opened for reading ../../../Engine/DerivedDataCache/Compressed.ddp.
[2020.10.11-08.37.56:105][  0]LogDerivedDataCache: FDerivedDataBackendGraph:  EnterprisePak pak cache file ../../../Enterprise/DerivedDataCache/Compressed.ddp not found, will not use a pak cache.
[2020.10.11-08.37.56:105][  0]LogDerivedDataCache: Unable to find inner node EnterprisePak for hierarchical cache Hierarchy.
[2020.10.11-08.37.56:106][  0]LogDerivedDataCache: Using Local data cache path C:/Users/piang/AppData/Local/UnrealEngine/Common/DerivedDataCache: Writable
[2020.10.11-08.37.56:106][  0]LogDerivedDataCache: Shared data cache path not found in *engine.ini, will not use an Shared cache.
[2020.10.11-08.37.56:106][  0]LogDerivedDataCache: Unable to find inner node Shared for hierarchical cache Hierarchy.
[2020.10.11-08.37.56:146][  0]LogSlate: Using FreeType 2.10.0
[2020.10.11-08.37.56:146][  0]LogSlate: SlateFontServices - WITH_FREETYPE: 1, WITH_HARFBUZZ: 1
[2020.10.11-08.37.56:168][  0]LogAssetRegistry: FAssetRegistry took 0.0018 seconds to start up
[2020.10.11-08.37.56:335][  0]LogInit: Selected Device Profile: [Windows]
[2020.10.11-08.37.56:418][  0]LogMeshReduction: Using QuadricMeshReduction for automatic static mesh reduction
[2020.10.11-08.37.56:419][  0]LogMeshReduction: Using SimplygonMeshReduction for automatic skeletal mesh reduction
[2020.10.11-08.37.56:419][  0]LogMeshReduction: Using ProxyLODMeshReduction for automatic mesh merging
[2020.10.11-08.37.56:419][  0]LogMeshReduction: No distributed automatic mesh merging module available
[2020.10.11-08.37.56:419][  0]LogMeshMerging: No distributed automatic mesh merging module available
[2020.10.11-08.37.56:429][  0]LogNetVersion: PlatformerGame 1.0.0, NetCL: 13144385, EngineNetVer: 14, GameNetVer: 0 (Checksum: 4080283272)
[2020.10.11-08.37.56:733][  0]LogAISub: UAISubsystem::UAISubsystem AISubsystem (000001BEE7828500), frame # 0
[2020.10.11-08.37.56:733][  0]LogAISub: UAISubsystem::UAISubsystem AIPerceptionSystem (000001BEE7753D80), frame # 0
[2020.10.11-08.37.56:734][  0]LogAISub: UAISubsystem::UAISubsystem EnvQueryManager (000001BEE77ADE00), frame # 0
[2020.10.11-08.37.56:778][  0]LogPackageLocalizationCache: Processed 19 localized package path(s) for 2 prioritized culture(s) in 0.040510 seconds
[2020.10.11-08.37.56:782][  0]LogUObjectArray: 15917 objects as part of root set at end of initial load.
[2020.10.11-08.37.56:782][  0]LogUObjectAllocator: 3965568 out of 0 bytes used by permanent object pool.
[2020.10.11-08.37.56:782][  0]LogUObjectArray: CloseDisregardForGC: 0/0 objects in disregard for GC pool
[2020.10.11-08.37.57:026][  0]LogTcpMessaging: Initializing TcpMessaging bridge
[2020.10.11-08.37.57:029][  0]LogUdpMessaging: Initializing bridge on interface 0.0.0.0:0 to multicast group 230.0.0.1:6666.
[2020.10.11-08.37.57:098][  0]SourceControl: 源码管理已禁用
[2020.10.11-08.37.57:098][  0]SourceControl: 源码管理已禁用
[2020.10.11-08.37.57:100][  0]SourceControl: 源码管理已禁用
[2020.10.11-08.37.57:102][  0]SourceControl: 源码管理已禁用
[2020.10.11-08.37.57:110][  0]SourceControl: 源码管理已禁用
[2020.10.11-08.37.57:281][  0]LogAndroidPermission: UAndroidPermissionCallbackProxy::GetInstance
[2020.10.11-08.37.57:302][  0]LogAudioCaptureCore: Display: No Audio Capture implementations found. Audio input will be silent.
[2020.10.11-08.37.57:302][  0]LogAudioCaptureCore: Display: No Audio Capture implementations found. Audio input will be silent.
[2020.10.11-08.37.57:340][  0]LogOcInput: OculusInput pre-init called
[2020.10.11-08.37.57:348][  0]LogWindows: Failed to load 'OVRPlugin.dll' (GetLastError=126)
[2020.10.11-08.37.57:348][  0]LogWindows: File 'OVRPlugin.dll' does not exist
[2020.10.11-08.37.57:393][  0]LogEngine: Initializing Engine...
[2020.10.11-08.37.57:394][  0]LogHMD: Failed to initialize OpenVR with code 110
[2020.10.11-08.37.57:394][  0]LogMagicLeap: Warning: VR disabled because ZI is not enabled.  To enable, in the editor, Edit -> Project Settings -> Plugins -> Magic Leap Plugin -> Enable Zero Iteration
[2020.10.11-08.37.57:395][  0]LogStats: UGameplayTagsManager::InitializeManager -  0.000 s
[2020.10.11-08.37.57:479][  0]LogInit: Initializing FReadOnlyCVARCache
[2020.10.11-08.37.57:484][  0]LogAIModule: Creating AISystem for world Untitled
[2020.10.11-08.37.57:484][  0]LogAISub: UAISubsystem::UAISubsystem EnvQueryManager (000001BEEBDF4600), frame # 0
[2020.10.11-08.37.57:484][  0]LogAISub: UAISubsystem::UAISubsystem AIPerceptionSystem (000001BEEBDD3380), frame # 0
[2020.10.11-08.37.57:496][  0]LogAudioMixer: Display: Audio Mixer Platform Settings:
[2020.10.11-08.37.57:496][  0]LogAudioMixer: Display: 	Sample Rate:						  48000
[2020.10.11-08.37.57:496][  0]LogAudioMixer: Display: 	Callback Buffer Frame Size Requested: 1024
[2020.10.11-08.37.57:496][  0]LogAudioMixer: Display: 	Callback Buffer Frame Size To Use:	  1024
[2020.10.11-08.37.57:496][  0]LogAudioMixer: Display: 	Number of buffers to queue:			  2
[2020.10.11-08.37.57:496][  0]LogAudioMixer: Display: 	Max Channels (voices):				  32
[2020.10.11-08.37.57:496][  0]LogAudioMixer: Display: 	Number of Async Source Workers:		  0
[2020.10.11-08.37.57:496][  0]LogAudio: Display: AudioDevice MaxSources: 32
[2020.10.11-08.37.57:497][  0]LogAudio: Display: Using built-in audio occlusion.
[2020.10.11-08.37.57:497][  0]LogAudioMixer: Display: Initializing audio mixer.
[2020.10.11-08.37.57:508][  0]LogAudioMixer: Display: 0: FrontLeft
[2020.10.11-08.37.57:508][  0]LogAudioMixer: Display: 1: FrontRight
[2020.10.11-08.37.57:758][  0]LogAudioMixer: Display: Using Audio Device 耳机 (Realtek(R) Audio)
[2020.10.11-08.37.57:760][  0]LogAudioMixer: Display: Initializing Sound Submixes...
[2020.10.11-08.37.57:761][  0]LogAudioMixer: Display: Creating Master Submix 'MasterSubmixDefault'
[2020.10.11-08.37.57:762][  0]LogAudioMixer: Display: Creating Master Submix 'MasterReverbSubmixDefault'
[2020.10.11-08.37.57:762][  0]LogAudioMixer: Display: Creating Master Submix 'MasterEQSubmixDefault'
[2020.10.11-08.37.57:764][  0]LogInit: FAudioDevice initialized.
[2020.10.11-08.37.57:764][  0]LogNetVersion: Set ProjectVersion to 1.0.0.0. Version Checksum will be recalculated on next use.
[2020.10.11-08.37.57:802][  0]LogDerivedDataCache: Saved boot cache 0.04s 76MB C:/Users/piang/AppData/Local/UnrealEngine/4.25/DerivedDataCache/Boot.ddc.
[2020.10.11-08.37.57:804][  0]LogInit: Texture streaming: Enabled
[2020.10.11-08.37.57:816][  0]LogEngineSessionManager: EngineSessionManager initialized
[2020.10.11-08.37.57:816][  0]LogEngineSessionManager: EngineSessionManager sent abnormal shutdown report. Type=Crashed, SessionId={4A92B250-4999-8004-2D65-5A87B1595DEE}
[2020.10.11-08.37.57:816][  0]LogEditorSessionSummary: Verbose: Initializing EditorSessionSummaryWriter for editor session tracking
[2020.10.11-08.37.57:817][  0]LogEditorSessionSummary: EditorSessionSummaryWriter initialized
[2020.10.11-08.37.57:851][  0]LogInit: Transaction tracking system initialized
[2020.10.11-08.37.57:866][  0]BlueprintLog: New page: 编辑器加载
[2020.10.11-08.37.57:914][  0]LocalizationService: 本地化服务已禁用
[2020.10.11-08.37.58:020][  0]LogCook: Display: Max memory allowance for cook 16384mb min free memory 0mb
[2020.10.11-08.37.58:020][  0]LogCook: Display: Mobile HDR setting 1
[2020.10.11-08.37.58:116][  0]LogFileCache: Scanning file cache for directory 'D:/Code/unreal/PlatformerNetworkGame/PlatformerGame/Content/' took 0.00s
[2020.10.11-08.37.58:267][  0]SourceControl: 源码管理已禁用
[2020.10.11-08.37.58:267][  0]LogUnrealEdMisc: Loading editor; pre map load, took 4.792
[2020.10.11-08.37.58:267][  0]Cmd: MAP LOAD FILE="../../../../../../Code/unreal/PlatformerNetworkGame/PlatformerGame/Content/Maps/Map_SandBox.umap" TEMPLATE=0 SHOWPROGRESS=1 FEATURELEVEL=3
[2020.10.11-08.37.58:268][  0]LightingResults: New page: 光照构建
[2020.10.11-08.37.58:268][  0]LogWorld: UWorld::CleanupWorld for Untitled, bSessionEnded=true, bCleanupResources=true
[2020.10.11-08.37.58:269][  0]LogSlate: InvalidateAllWidgets triggered.  All widgets were invalidated
[2020.10.11-08.37.58:269][  0]MapCheck: New page: 地图检测
[2020.10.11-08.37.58:269][  0]LightingResults: New page: 光照构建
[2020.10.11-08.37.58:279][  0]LogAISub: UAISubsystem::~UAISubsystem EnvQueryManager (000001BEEBDF4600), frame # 0
[2020.10.11-08.37.58:279][  0]LogAISub: UAISubsystem::~UAISubsystem AIPerceptionSystem (000001BEEBDD3380), frame # 0
[2020.10.11-08.37.58:280][  0]LogUObjectHash: Compacting FUObjectHashTables data took   0.65ms
[2020.10.11-08.37.58:330][  0]LogLinker: Warning: 加载“../../../../../../Code/unreal/PlatformerNetworkGame/PlatformerGame/Content/Meshes/Powerups/Material.uasset”时未能加载“/Game/Assets/Meshes/Powerups/mese2”：无法找到文件。
[2020.10.11-08.37.58:330][  0]LogLinker: Warning: 加载“../../../../../../Code/unreal/PlatformerNetworkGame/PlatformerGame/Content/Meshes/Powerups/Material.uasset”时未能加载“/Game/Assets/Meshes/Powerups/mese2”：无法找到文件。
[2020.10.11-08.37.58:330][  0]LogLinker: Warning: 加载“../../../../../../Code/unreal/PlatformerNetworkGame/PlatformerGame/Content/Meshes/Powerups/Material.uasset”时未能加载“/Game/Assets/Meshes/Powerups/mese2”：无法找到文件。
[2020.10.11-08.37.58:330][  0]LogLinker: Warning: 加载“../../../../../../Code/unreal/PlatformerNetworkGame/PlatformerGame/Content/Meshes/Powerups/Material.uasset”时未能加载“/Game/Assets/Meshes/Powerups/mese2”：无法找到文件。
[2020.10.11-08.37.58:331][  0]LogLinker: Warning: 加载“../../../../../../Code/unreal/PlatformerNetworkGame/PlatformerGame/Content/Meshes/Powerups/Material_001.uasset”时未能加载“/Game/Assets/Meshes/Powerups/mese_transp”：无法找到文件。
[2020.10.11-08.37.58:331][  0]LogLinker: Warning: 加载“../../../../../../Code/unreal/PlatformerNetworkGame/PlatformerGame/Content/Meshes/Powerups/Material_001.uasset”时未能加载“/Game/Assets/Meshes/Powerups/mese_transp”：无法找到文件。
[2020.10.11-08.37.58:331][  0]LogLinker: Warning: 加载“../../../../../../Code/unreal/PlatformerNetworkGame/PlatformerGame/Content/Meshes/Powerups/Material_001.uasset”时未能加载“/Game/Assets/Meshes/Powerups/mese_transp”：无法找到文件。
[2020.10.11-08.37.58:331][  0]LogLinker: Warning: 加载“../../../../../../Code/unreal/PlatformerNetworkGame/PlatformerGame/Content/Meshes/Powerups/Material_001.uasset”时未能加载“/Game/Assets/Meshes/Powerups/mese_transp”：无法找到文件。
[2020.10.11-08.37.58:337][  0]LogLinker: Warning: 加载“../../../../../../Code/unreal/PlatformerNetworkGame/PlatformerGame/Content/Meshes/Powerups/Material_001.uasset”时未能加载“/Game/Assets/Meshes/Powerups/mese_transp”：无法找到文件。
[2020.10.11-08.37.58:337][  0]LoadErrors: 加载失败 /Game/Assets/Meshes/Powerups/mese_transp.mese_transp 引用者 MaterialExpressionTextureSample_0
[2020.10.11-08.37.58:338][  0]LogLinker: Warning: 加载“../../../../../../Code/unreal/PlatformerNetworkGame/PlatformerGame/Content/Meshes/Powerups/Material_001.uasset”时未能加载“/Game/Assets/Meshes/Powerups/mese_transp”：无法找到文件。
[2020.10.11-08.37.58:338][  0]LoadErrors: 加载失败 /Game/Assets/Meshes/Powerups/mese_transp.mese_transp 引用者 MaterialExpressionTextureSample_0
[2020.10.11-08.37.58:338][  0]LogLinker: Warning: 加载“../../../../../../Code/unreal/PlatformerNetworkGame/PlatformerGame/Content/Meshes/Powerups/Material.uasset”时未能加载“/Game/Assets/Meshes/Powerups/mese2”：无法找到文件。
[2020.10.11-08.37.58:338][  0]LoadErrors: 加载失败 /Game/Assets/Meshes/Powerups/mese2.mese2 引用者 MaterialExpressionTextureSample_0
[2020.10.11-08.37.58:338][  0]LogLinker: Warning: 加载“../../../../../../Code/unreal/PlatformerNetworkGame/PlatformerGame/Content/Meshes/Powerups/Material.uasset”时未能加载“/Game/Assets/Meshes/Powerups/mese2”：无法找到文件。
[2020.10.11-08.37.58:338][  0]LoadErrors: 加载失败 /Game/Assets/Meshes/Powerups/mese2.mese2 引用者 MaterialExpressionTextureSample_0
[2020.10.11-08.37.58:386][  0]LogMaterial: Display: Missing cached shader map for material Material_001, compiling. 
[2020.10.11-08.37.58:387][  0]LogMaterial: Warning: D:\Code\unreal\PlatformerNetworkGame\PlatformerGame\Content\Meshes\Powerups\Material_001.uasset: Failed to compile Material for platform PCD3D_SM5, Default Material will be used in game.
[2020.10.11-08.37.58:387][  0]LogMaterial: Display: 	(Node TextureSample) Texture Sample> Missing input texture
[2020.10.11-08.37.58:387][  0]LogMaterial: Display: Missing cached shader map for material Material, compiling. 
[2020.10.11-08.37.58:388][  0]LogMaterial: Warning: D:\Code\unreal\PlatformerNetworkGame\PlatformerGame\Content\Meshes\Powerups\Material.uasset: Failed to compile Material for platform PCD3D_SM5, Default Material will be used in game.
[2020.10.11-08.37.58:388][  0]LogMaterial: Display: 	(Node TextureSample) Texture Sample> Missing input texture
[2020.10.11-08.37.58:391][  0]LogAIModule: Creating AISystem for world Map_SandBox
[2020.10.11-08.37.58:391][  0]LogAISub: UAISubsystem::UAISubsystem EnvQueryManager (000001BED9083E00), frame # 0
[2020.10.11-08.37.58:391][  0]LogAISub: UAISubsystem::UAISubsystem AIPerceptionSystem (000001BED8D26AC0), frame # 0
[2020.10.11-08.37.58:394][  0]LogEditorServer: Finished looking for orphan Actors (0.000 secs)
[2020.10.11-08.37.58:407][  0]LogUObjectHash: Compacting FUObjectHashTables data took   0.99ms
[2020.10.11-08.37.58:407][  0]Cmd: MAP CHECKDEP NOCLEARLOG
[2020.10.11-08.37.58:408][  0]MapCheck: 地图检测完成：0个错误、0个警告、完成用时0.194毫秒。
[2020.10.11-08.37.58:408][  0]LogFileHelpers: Loading map 'Map_SandBox' took 0.140
[2020.10.11-08.37.58:410][  0]LogUnrealEdMisc: Total Editor Startup Time, took 4.935
[2020.10.11-08.37.58:510][  0]LogSlate: Updating window title bar state: overlay mode, drag disabled, window buttons hidden, title bar hidden
[2020.10.11-08.37.58:516][  0]LogSlate: Updating window title bar state: overlay mode, drag disabled, window buttons hidden, title bar hidden
[2020.10.11-08.37.58:523][  0]LogSlate: Updating window title bar state: overlay mode, drag disabled, window buttons hidden, title bar hidden
[2020.10.11-08.37.58:530][  0]LogSlate: Updating window title bar state: overlay mode, drag disabled, window buttons hidden, title bar hidden
[2020.10.11-08.37.58:536][  0]LogCollectionManager: Loaded 0 collections in 0.000768 seconds
[2020.10.11-08.37.58:548][  0]LogFileCache: Scanning file cache for directory 'D:/Code/unreal/PlatformerNetworkGame/PlatformerGame/Saved/Collections/' took 0.00s
[2020.10.11-08.37.58:549][  0]LogFileCache: Scanning file cache for directory 'D:/Code/unreal/PlatformerNetworkGame/PlatformerGame/Content/Developers/piang/Collections/' took 0.00s
[2020.10.11-08.37.58:549][  0]LogFileCache: Scanning file cache for directory 'D:/Code/unreal/PlatformerNetworkGame/PlatformerGame/Content/Collections/' took 0.00s
[2020.10.11-08.37.58:549][  0]LogContentBrowser: Native class hierarchy populated in 0.0081 seconds. Added 3439 classes and 823 folders.
[2020.10.11-08.37.58:550][  0]LogContentBrowser: Native class hierarchy updated for 'WidgetCarousel' in 0.0002 seconds. Added 0 classes and 0 folders.
[2020.10.11-08.37.58:587][  0]LogContentBrowser: Native class hierarchy updated for 'AddContentDialog' in 0.0003 seconds. Added 0 classes and 0 folders.
[2020.10.11-08.37.58:591][  0]LogContentBrowser: Native class hierarchy updated for 'SceneOutliner' in 0.0003 seconds. Added 2 classes and 0 folders.
[2020.10.11-08.37.58:670][  0]LogSlate: Took 0.000086 seconds to synchronously load lazily loaded font '../../../Engine/Content/Slate/Fonts/Roboto-Regular.ttf' (155K)
[2020.10.11-08.37.58:672][  0]LogSlate: Took 0.001517 seconds to synchronously load lazily loaded font '../../../Engine/Content/Slate/Fonts/DroidSansFallback.ttf' (3848K)
[2020.10.11-08.37.58:673][  0]LogSlate: Took 0.000381 seconds to synchronously load lazily loaded font '../../../Engine/Content/Slate/Fonts/Roboto-Bold.ttf' (160K)
[2020.10.11-08.37.58:675][  0]LogSlate: Took 0.000079 seconds to synchronously load lazily loaded font '../../../Engine/Content/Editor/Slate/Fonts/FontAwesome.ttf' (139K)
[2020.10.11-08.37.58:724][  0]LogRenderer: Reallocating scene render targets to support 1208x604 Format 10 NumSamples 1 (Frame:1).
[2020.10.11-08.37.58:792][  0]LogContentBrowser: Native class hierarchy updated for 'HierarchicalLODOutliner' in 0.0003 seconds. Added 0 classes and 0 folders.
[2020.10.11-08.37.58:792][  0]LogLoad: (Engine Initialization) Total time: 5.32 seconds
[2020.10.11-08.37.58:792][  0]LogLoad: (Engine Initialization) Total Blueprint compile time: 0.00 seconds
[2020.10.11-08.37.58:841][  0]LogAssetRegistry: Asset discovery search completed in 2.6732 seconds
[2020.10.11-08.37.58:844][  0]LogCollectionManager: Fixed up redirectors for 0 collections in 0.000002 seconds (updated 0 objects)
[2020.10.11-08.37.58:846][  0]LogContentStreaming: Texture pool size now 1000 MB
[2020.10.11-08.37.58:943][  0]LogSlate: Took 0.000078 seconds to synchronously load lazily loaded font '../../../Engine/Content/Slate/Fonts/Roboto-Light.ttf' (167K)
[2020.10.11-08.37.58:947][  0]LogSlate: Took 0.000074 seconds to synchronously load lazily loaded font '../../../Engine/Content/Slate/Fonts/DroidSansMono.ttf' (77K)
[2020.10.11-08.38.00:543][  9]LogSlate: Window '消息日志' being destroyed
[2020.10.11-08.38.00:546][  9]LogSlate: Window '消息日志' being destroyed
[2020.10.11-08.38.07:789][443]LogSlate: Took 0.000078 seconds to synchronously load lazily loaded font '../../../Engine/Content/Slate/Fonts/Roboto-Light.ttf' (167K)
[2020.10.11-08.38.07:797][443]LogAssetEditorSubsystem: Opening Asset editor for Blueprint /Game/Blueprints/Game/BP_PlatformerPlayerController.BP_PlatformerPlayerController
[2020.10.11-08.38.07:806][443]LogWindowsTextInputMethodSystem: Display: IME system now activated using TSF (微软拼音).
[2020.10.11-08.38.07:937][443]LogContentBrowser: Native class hierarchy updated for 'BlueprintGraph' in 0.0005 seconds. Added 125 classes and 0 folders.
[2020.10.11-08.38.16:770][931]LogSlate: Prevented a slow task dialog from being summoned while a context menu was open
[2020.10.11-08.38.16:778][931]LogBlueprint: Error: [Compiler W_PlayerHUD] 不能连接引脚  目标  和  W Player HUD Player List ：控件 对象引用和对象引用不兼容。
[2020.10.11-08.38.16:778][931]LogBlueprint: Error: [Compiler W_PlayerHUD] 不能连接引脚  目标  和  W Player HUD Player List ：控件 对象引用和对象引用不兼容。
[2020.10.11-08.38.16:778][931]LogBlueprint: Error: [Compiler W_PlayerHUD] 不能连接引脚  W Player HUD Player List  和  目标 ：对象引用和控件 对象引用不兼容。
[2020.10.11-08.38.16:778][931]LogBlueprint: Warning: [Compiler W_PlayerHUD] 在'W_PlayerHUD_C’中找不到名为"W_PlayerHUD_PlayerList\”的变量。
请确保已针对  获得W_PlayerHUD_PlayerList  对'W_PlayerHUD_C’进行了编译
[2020.10.11-08.38.16:778][931]LogBlueprint: Error: [Compiler W_PlayerHUD] 不能连接引脚  目标  和  W Player HUD Pause Menu ：控件 对象引用和对象引用不兼容。
[2020.10.11-08.38.16:778][931]LogBlueprint: Error: [Compiler W_PlayerHUD] 不能连接引脚  目标  和  W Player HUD Pause Menu ：控件 对象引用和对象引用不兼容。
[2020.10.11-08.38.16:778][931]LogBlueprint: Error: [Compiler W_PlayerHUD] 不能连接引脚  W Player HUD Pause Menu  和  目标 ：对象引用和控件 对象引用不兼容。
[2020.10.11-08.38.16:779][931]LogBlueprint: Warning: [Compiler W_PlayerHUD] 在'W_PlayerHUD_C’中找不到名为"W_PlayerHUD_PauseMenu\”的变量。
请确保已针对  获得W_PlayerHUD_PauseMenu  对'W_PlayerHUD_C’进行了编译
[2020.10.11-08.38.16:781][931]LogBlueprint: Error: [Compiler W_PlayerHUD] 未能在“/Game/Widgets/PlayerHUD/W_PlayerHUD.W_PlayerHUD_C”中找到和 W Player HUD Pause Menu 相关的属性
[2020.10.11-08.38.16:781][931]LogBlueprint: Error: [Compiler W_PlayerHUD] 未能在“/Game/Widgets/PlayerHUD/W_PlayerHUD.W_PlayerHUD_C”中找到和 W Player HUD Player List 相关的属性
[2020.10.11-08.38.19:539][ 96]LogSlate: Prevented a slow task dialog from being summoned while a context menu was open
[2020.10.11-08.38.24:945][420]BlueprintLog: New page: 编译BP_PlatformerPlayerController
[2020.10.11-08.38.24:977][420]LogUObjectHash: Compacting FUObjectHashTables data took   1.57ms
[2020.10.11-08.38.25:550][453]LogSavePackage: Moving '../../../../../../Code/unreal/PlatformerNetworkGame/PlatformerGame/Saved/BP_PlatformerPlayerController5B5400ED40C2B86A84E033B30892DA6D.tmp' to '../../../../../../Code/unreal/PlatformerNetworkGame/PlatformerGame/Content/Blueprints/Game/BP_PlatformerPlayerController.uasset'
[2020.10.11-08.38.25:558][453]AssetCheck: New page: 资产保存：BP_PlatformerPlayerController
[2020.10.11-08.38.25:558][453]LogContentValidation: Display: 正在验证Blueprint /Game/Blueprints/Game/BP_PlatformerPlayerController.BP_PlatformerPlayerController
[2020.10.11-08.38.26:954][537]LogSlate: Window 'BP_PlatformerPlayerController' being destroyed
[2020.10.11-08.38.26:957][537]LogSlate: Window 'BP_PlatformerPlayerController' being destroyed
[2020.10.11-08.38.26:957][537]LogWorld: UWorld::CleanupWorld for World_1, bSessionEnded=true, bCleanupResources=true
[2020.10.11-08.38.26:957][537]LogSlate: InvalidateAllWidgets triggered.  All widgets were invalidated
[2020.10.11-08.38.29:105][663]LogAssetEditorSubsystem: Opening Asset editor for Blueprint /Game/Blueprints/Game/BP_PlatformerGameState.BP_PlatformerGameState
[2020.10.11-08.38.31:810][809]LogSlate: Prevented a slow task dialog from being summoned while a context menu was open
[2020.10.11-08.38.50:820][944]LogSlate: Prevented a slow task dialog from being summoned while a context menu was open
[2020.10.11-08.38.52:471][ 41]LogSlate: Prevented a slow task dialog from being summoned while a context menu was open
[2020.10.11-08.38.55:270][208]LogSlate: Prevented a slow task dialog from being summoned while a context menu was open
[2020.10.11-08.38.56:861][303]LogSlate: Prevented a slow task dialog from being summoned while a context menu was open
[2020.10.11-08.39.03:022][671]LogSlate: Prevented a slow task dialog from being summoned while a context menu was open
[2020.10.11-08.39.10:762][135]LogSlate: Prevented a slow task dialog from being summoned while a context menu was open
[2020.10.11-08.39.12:551][242]LogSlate: Prevented a slow task dialog from being summoned while a context menu was open
[2020.10.11-08.39.19:740][656]LogTexture: Display: 正在编译纹理：T_ky_flare25_4x4（DXT1、2048X2048）
[2020.10.11-08.39.56:935][881]LogSlate: Prevented a slow task dialog from being summoned while a context menu was open
[2020.10.11-08.39.58:039][947]LogSlate: Prevented a slow task dialog from being summoned while a context menu was open
[2020.10.11-08.40.29:397][819]BlueprintLog: New page: 编译BP_PlatformerGameState
[2020.10.11-08.40.29:428][819]LogUObjectHash: Compacting FUObjectHashTables data took   1.83ms
[2020.10.11-08.40.30:125][860]LogSavePackage: Moving '../../../../../../Code/unreal/PlatformerNetworkGame/PlatformerGame/Saved/BP_PlatformerGameStateE73A14354F490229B6EE41B9E5B60BCF.tmp' to '../../../../../../Code/unreal/PlatformerNetworkGame/PlatformerGame/Content/Blueprints/Game/BP_PlatformerGameState.uasset'
[2020.10.11-08.40.30:133][860]AssetCheck: New page: 资产保存：BP_PlatformerGameState
[2020.10.11-08.40.30:133][860]LogContentValidation: Display: 正在验证Blueprint /Game/Blueprints/Game/BP_PlatformerGameState.BP_PlatformerGameState
[2020.10.11-08.40.36:153][221]BlueprintLog: New page: 编译BP_PlatformerGameState
[2020.10.11-08.40.36:185][221]LogUObjectHash: Compacting FUObjectHashTables data took   1.60ms
[2020.10.11-08.40.36:844][260]LogSavePackage: Moving '../../../../../../Code/unreal/PlatformerNetworkGame/PlatformerGame/Saved/BP_PlatformerGameStateD8296280435E71E1555080BFFF224D60.tmp' to '../../../../../../Code/unreal/PlatformerNetworkGame/PlatformerGame/Content/Blueprints/Game/BP_PlatformerGameState.uasset'
[2020.10.11-08.40.36:852][260]AssetCheck: New page: 资产保存：BP_PlatformerGameState
[2020.10.11-08.40.36:852][260]LogContentValidation: Display: 正在验证Blueprint /Game/Blueprints/Game/BP_PlatformerGameState.BP_PlatformerGameState
[2020.10.11-08.40.42:290][586]LogSlate: Window 'BP_PlatformerGameState' being destroyed
[2020.10.11-08.40.42:294][586]LogSlate: Window 'BP_PlatformerGameState' being destroyed
[2020.10.11-08.40.42:304][586]LogWorld: UWorld::CleanupWorld for World_2, bSessionEnded=true, bCleanupResources=true
[2020.10.11-08.40.42:304][586]LogSlate: InvalidateAllWidgets triggered.  All widgets were invalidated
[2020.10.11-08.40.43:744][671]LogTemp: Repeating last play command: 新建编辑器窗口（编辑器中运行）
[2020.10.11-08.40.43:755][671]LogPlayLevel: PlayLevel: No blueprints needed recompiling
[2020.10.11-08.40.43:755][671]BlueprintLog: Warning: 蓝图编译失败：  W_PlayerHUD
[2020.10.11-08.40.43:756][671]LogCustomDialog: Dialog displayed:
[2020.10.11-08.40.44:979][671]LogSlate: Window '蓝图编译错误' being destroyed
[2020.10.11-08.40.44:982][671]PIE: New page: PIE会话：Map_SandBox（2020年10月12日 上午12:40:44）
[2020.10.11-08.40.44:983][671]LogOnline: OSS: Creating online subsystem instance for: Null
[2020.10.11-08.40.44:985][671]LogOnline: OSS: TryLoadSubsystemAndSetDefault: Loaded subsystem for module [Null]
[2020.10.11-08.40.45:040][671]LogPlayLevel: Creating play world package: /Game/Maps/UEDPIE_0_Map_SandBox
[2020.10.11-08.40.45:042][671]LogPlayLevel: PIE: StaticDuplicateObject took: (0.001945s)
[2020.10.11-08.40.45:043][671]LogAIModule: Creating AISystem for world Map_SandBox
[2020.10.11-08.40.45:043][671]LogAISub: UAISubsystem::UAISubsystem EnvQueryManager (000001BEFFC9CA00), frame # 9671
[2020.10.11-08.40.45:043][671]LogAISub: UAISubsystem::UAISubsystem AIPerceptionSystem (000001BF0BB78CC0), frame # 9671
[2020.10.11-08.40.45:043][671]LogPlayLevel: PIE: World Init took: (0.001203s)
[2020.10.11-08.40.45:043][671]LogPlayLevel: PIE: Created PIE world by copying editor world from /Game/Maps/Map_SandBox.Map_SandBox to /Game/Maps/UEDPIE_0_Map_SandBox.Map_SandBox (0.003316s)
[2020.10.11-08.40.45:060][671]LogUObjectHash: Compacting FUObjectHashTables data took   2.37ms
[2020.10.11-08.40.45:061][671]LogAudioMixer: Display: Audio Mixer Platform Settings:
[2020.10.11-08.40.45:061][671]LogAudioMixer: Display: 	Sample Rate:						  48000
[2020.10.11-08.40.45:061][671]LogAudioMixer: Display: 	Callback Buffer Frame Size Requested: 1024
[2020.10.11-08.40.45:061][671]LogAudioMixer: Display: 	Callback Buffer Frame Size To Use:	  1024
[2020.10.11-08.40.45:061][671]LogAudioMixer: Display: 	Number of buffers to queue:			  2
[2020.10.11-08.40.45:061][671]LogAudioMixer: Display: 	Max Channels (voices):				  32
[2020.10.11-08.40.45:061][671]LogAudioMixer: Display: 	Number of Async Source Workers:		  0
[2020.10.11-08.40.45:061][671]LogAudio: Display: AudioDevice MaxSources: 32
[2020.10.11-08.40.45:062][671]LogAudio: Display: Using built-in audio occlusion.
[2020.10.11-08.40.45:062][671]LogAudioMixer: Display: Initializing audio mixer.
[2020.10.11-08.40.45:065][671]LogAudioMixer: Display: 0: FrontLeft
[2020.10.11-08.40.45:065][671]LogAudioMixer: Display: 1: FrontRight
[2020.10.11-08.40.45:081][671]LogAudioMixer: Display: Using Audio Device 耳机 (Realtek(R) Audio)
[2020.10.11-08.40.45:081][671]LogAudioMixer: Display: Initializing Sound Submixes...
[2020.10.11-08.40.45:081][671]LogAudioMixer: Display: Creating Master Submix 'MasterSubmixDefault'
[2020.10.11-08.40.45:081][671]LogAudioMixer: Display: Creating Master Submix 'MasterReverbSubmixDefault'
[2020.10.11-08.40.45:081][671]LogAudioMixer: Display: Creating Master Submix 'MasterEQSubmixDefault'
[2020.10.11-08.40.45:092][671]LogInit: FAudioDevice initialized.
[2020.10.11-08.40.45:110][671]LogSlate: Updating window title bar state: overlay mode, drag disabled, window buttons hidden, title bar hidden
[2020.10.11-08.40.45:114][671]LogLoad: Game class is 'BP_GameGameMode_C'
[2020.10.11-08.40.45:115][671]LogWorld: Bringing World /Game/Maps/UEDPIE_0_Map_SandBox.Map_SandBox up for play (max tick rate 60) at 2020.10.11-16.40.45
[2020.10.11-08.40.45:116][671]LogWorld: Bringing up level for play took: 0.000552
[2020.10.11-08.40.45:116][671]LogOnline: OSS: Creating online subsystem instance for: :Context_4
[2020.10.11-08.40.45:126][671]LogContentBrowser: Native class hierarchy updated for 'MovieSceneCapture' in 0.0003 seconds. Added 20 classes and 0 folders.
[2020.10.11-08.40.45:129][671]PIE: 登陆的服务器
[2020.10.11-08.40.45:130][671]PIE: PIE总开始时间：1.375秒。
[2020.10.11-08.41.07:804][ 14]LogSlate: Updating window title bar state: overlay mode, drag disabled, window buttons hidden, title bar hidden
[2020.10.11-08.41.07:804][ 14]LogWorld: BeginTearingDown for /Game/Maps/UEDPIE_0_Map_SandBox
[2020.10.11-08.41.07:804][ 14]LogSlate: Window 'PlatformerGame预览[NetMode: Standalone] (64-bit/Windows) ' being destroyed
[2020.10.11-08.41.07:807][ 14]LogWorld: UWorld::CleanupWorld for Map_SandBox, bSessionEnded=true, bCleanupResources=true
[2020.10.11-08.41.07:807][ 14]LogSlate: InvalidateAllWidgets triggered.  All widgets were invalidated
[2020.10.11-08.41.07:811][ 14]LogPlayLevel: Display: Shutting down PIE online subsystems
[2020.10.11-08.41.07:817][ 14]LogSlate: InvalidateAllWidgets triggered.  All widgets were invalidated
[2020.10.11-08.41.07:893][ 14]LogAISub: UAISubsystem::~UAISubsystem EnvQueryManager (000001BEFFC9CA00), frame # 11014
[2020.10.11-08.41.07:893][ 14]LogAISub: UAISubsystem::~UAISubsystem AIPerceptionSystem (000001BF0BB78CC0), frame # 11014
[2020.10.11-08.41.07:899][ 14]LogUObjectHash: Compacting FUObjectHashTables data took   2.67ms
[2020.10.11-08.41.07:920][ 15]LogPlayLevel: Display: Destroying online subsystem :Context_4
[2020.10.11-08.41.29:049][281]LogAssetEditorSubsystem: Opening Asset editor for WidgetBlueprint /Game/Widgets/PlayerHUD/W_PlayerHUD.W_PlayerHUD
[2020.10.11-08.41.29:636][281]LogSlate: Took 0.000103 seconds to synchronously load lazily loaded font '../../../Engine/Content/Slate/Fonts/Roboto-BoldCondensed.ttf' (158K)
[2020.10.11-08.41.30:986][360]LogSlate: Took 0.000272 seconds to synchronously load lazily loaded font '../../../Engine/Content/Slate/Fonts/Roboto-Italic.ttf' (157K)
[2020.10.11-08.42.05:763][436]LogSlate: Took 0.000129 seconds to synchronously load lazily loaded font '../../../Engine/Content/Slate/Fonts/Roboto-BoldCondensedItalic.ttf' (160K)
[2020.10.11-08.42.43:884][718]BlueprintLog: New page: 编译W_PlayerHUD
[2020.10.11-08.42.43:886][718]LogBlueprint: Error: [Compiler W_PlayerHUD] 不能连接引脚  目标  和  W Player HUD Player List ：控件 对象引用和对象引用不兼容。
[2020.10.11-08.42.43:886][718]LogBlueprint: Error: [Compiler W_PlayerHUD] 不能连接引脚  目标  和  W Player HUD Player List ：控件 对象引用和对象引用不兼容。
[2020.10.11-08.42.43:886][718]LogBlueprint: Error: [Compiler W_PlayerHUD] 不能连接引脚  W Player HUD Player List  和  目标 ：对象引用和控件 对象引用不兼容。
[2020.10.11-08.42.43:886][718]LogBlueprint: Warning: [Compiler W_PlayerHUD] 在'W_PlayerHUD_C’中找不到名为"W_PlayerHUD_PlayerList\”的变量。
请确保已针对  获得W_PlayerHUD_PlayerList  对'W_PlayerHUD_C’进行了编译
[2020.10.11-08.42.43:886][718]LogBlueprint: Error: [Compiler W_PlayerHUD] 不能连接引脚  目标  和  W Player HUD Pause Menu ：控件 对象引用和对象引用不兼容。
[2020.10.11-08.42.43:886][718]LogBlueprint: Error: [Compiler W_PlayerHUD] 不能连接引脚  目标  和  W Player HUD Pause Menu ：控件 对象引用和对象引用不兼容。
[2020.10.11-08.42.43:886][718]LogBlueprint: Error: [Compiler W_PlayerHUD] 不能连接引脚  W Player HUD Pause Menu  和  目标 ：对象引用和控件 对象引用不兼容。
[2020.10.11-08.42.43:886][718]LogBlueprint: Warning: [Compiler W_PlayerHUD] 在'W_PlayerHUD_C’中找不到名为"W_PlayerHUD_PauseMenu\”的变量。
请确保已针对  获得W_PlayerHUD_PauseMenu  对'W_PlayerHUD_C’进行了编译
[2020.10.11-08.42.43:888][718]LogBlueprint: Error: [Compiler W_PlayerHUD] 未能在“/Game/Widgets/PlayerHUD/W_PlayerHUD.W_PlayerHUD_C”中找到和 W Player HUD Pause Menu 相关的属性
[2020.10.11-08.42.43:888][718]LogBlueprint: Error: [Compiler W_PlayerHUD] 未能在“/Game/Widgets/PlayerHUD/W_PlayerHUD.W_PlayerHUD_C”中找到和 W Player HUD Player List 相关的属性
[2020.10.11-08.42.43:957][718]LogUObjectHash: Compacting FUObjectHashTables data took   3.48ms
[2020.10.11-08.42.44:495][748]Cmd: OBJ SAVEPACKAGE PACKAGE="/Game/Widgets/PlayerHUD/W_PlayerHUD" FILE="../../../../../../Code/unreal/PlatformerNetworkGame/PlatformerGame/Content/Widgets/PlayerHUD/W_PlayerHUD.uasset" SILENT=true
[2020.10.11-08.42.44:516][748]LogSavePackage: Moving '../../../../../../Code/unreal/PlatformerNetworkGame/PlatformerGame/Saved/W_PlayerHUDDE8035D940B8A30985E56CBE0018F904.tmp' to '../../../../../../Code/unreal/PlatformerNetworkGame/PlatformerGame/Content/Widgets/PlayerHUD/W_PlayerHUD.uasset'
[2020.10.11-08.42.44:529][748]AssetCheck: New page: 资产保存：W_PlayerHUD
[2020.10.11-08.42.44:530][748]LogContentValidation: Display: 正在验证WidgetBlueprint /Game/Widgets/PlayerHUD/W_PlayerHUD.W_PlayerHUD
[2020.10.11-08.43.11:427][359]BlueprintLog: New page: 编译W_PlayerHUD
[2020.10.11-08.43.11:429][359]LogBlueprint: Error: [Compiler W_PlayerHUD] 不能连接引脚  目标  和  W Player HUD Player List ：控件 对象引用和对象引用不兼容。
[2020.10.11-08.43.11:429][359]LogBlueprint: Error: [Compiler W_PlayerHUD] 不能连接引脚  目标  和  W Player HUD Player List ：控件 对象引用和对象引用不兼容。
[2020.10.11-08.43.11:430][359]LogBlueprint: Error: [Compiler W_PlayerHUD] 不能连接引脚  W Player HUD Player List  和  目标 ：对象引用和控件 对象引用不兼容。
[2020.10.11-08.43.11:430][359]LogBlueprint: Error: [Compiler W_PlayerHUD] 不能连接引脚  目标  和  W Player HUD Pause Menu ：控件 对象引用和对象引用不兼容。
[2020.10.11-08.43.11:430][359]LogBlueprint: Error: [Compiler W_PlayerHUD] 不能连接引脚  目标  和  W Player HUD Pause Menu ：控件 对象引用和对象引用不兼容。
[2020.10.11-08.43.11:430][359]LogBlueprint: Error: [Compiler W_PlayerHUD] 不能连接引脚  W Player HUD Pause Menu  和  目标 ：对象引用和控件 对象引用不兼容。
[2020.10.11-08.43.11:430][359]LogBlueprint: Warning: [Compiler W_PlayerHUD] 在'W_PlayerHUD_C’中找不到名为"W_PlayerHUD_PauseMenu\”的变量。
请确保已针对  获得W_PlayerHUD_PauseMenu  对'W_PlayerHUD_C’进行了编译
[2020.10.11-08.43.11:432][359]LogBlueprint: Error: [Compiler W_PlayerHUD] 未能在“/Game/Widgets/PlayerHUD/W_PlayerHUD.W_PlayerHUD_C”中找到和 W Player HUD Pause Menu 相关的属性
[2020.10.11-08.43.11:432][359]LogBlueprint: Error: [Compiler W_PlayerHUD] 未找到引脚 W Player HUD Player List 的类
[2020.10.11-08.43.11:465][359]LogUObjectHash: Compacting FUObjectHashTables data took   2.78ms
[2020.10.11-08.43.12:024][389]Cmd: OBJ SAVEPACKAGE PACKAGE="/Game/Widgets/PlayerHUD/W_PlayerHUD" FILE="../../../../../../Code/unreal/PlatformerNetworkGame/PlatformerGame/Content/Widgets/PlayerHUD/W_PlayerHUD.uasset" SILENT=true
[2020.10.11-08.43.12:045][389]LogSavePackage: Moving '../../../../../../Code/unreal/PlatformerNetworkGame/PlatformerGame/Saved/W_PlayerHUD52E671DC4968E8CBCE59FD91D630C484.tmp' to '../../../../../../Code/unreal/PlatformerNetworkGame/PlatformerGame/Content/Widgets/PlayerHUD/W_PlayerHUD.uasset'
[2020.10.11-08.43.12:054][389]AssetCheck: New page: 资产保存：W_PlayerHUD
[2020.10.11-08.43.12:054][389]LogContentValidation: Display: 正在验证WidgetBlueprint /Game/Widgets/PlayerHUD/W_PlayerHUD.W_PlayerHUD
[2020.10.11-08.43.38:493][974]BlueprintLog: New page: 编译W_PlayerHUD
[2020.10.11-08.43.38:497][974]LogBlueprint: Error: [Compiler W_PlayerHUD] 不能连接引脚  目标  和  W Player HUD Player List ：控件 对象引用和对象引用不兼容。
[2020.10.11-08.43.38:497][974]LogBlueprint: Error: [Compiler W_PlayerHUD] 不能连接引脚  目标  和  W Player HUD Player List ：控件 对象引用和对象引用不兼容。
[2020.10.11-08.43.38:497][974]LogBlueprint: Error: [Compiler W_PlayerHUD] 不能连接引脚  W Player HUD Player List  和  目标 ：对象引用和控件 对象引用不兼容。
[2020.10.11-08.43.38:497][974]LogBlueprint: Error: [Compiler W_PlayerHUD] 不能连接引脚  目标  和  W Player HUD Pause Menu ：控件 对象引用和对象引用不兼容。
[2020.10.11-08.43.38:497][974]LogBlueprint: Error: [Compiler W_PlayerHUD] 不能连接引脚  目标  和  W Player HUD Pause Menu ：控件 对象引用和对象引用不兼容。
[2020.10.11-08.43.38:497][974]LogBlueprint: Error: [Compiler W_PlayerHUD] 不能连接引脚  W Player HUD Pause Menu  和  目标 ：对象引用和控件 对象引用不兼容。
[2020.10.11-08.43.38:499][974]LogBlueprint: Error: [Compiler W_PlayerHUD] 未找到引脚 W Player HUD Pause Menu 的类
[2020.10.11-08.43.38:500][974]LogBlueprint: Error: [Compiler W_PlayerHUD] 未找到引脚 W Player HUD Player List 的类
[2020.10.11-08.43.38:528][974]LogUObjectHash: Compacting FUObjectHashTables data took   2.80ms
[2020.10.11-08.43.39:161][  8]Cmd: OBJ SAVEPACKAGE PACKAGE="/Game/Widgets/PlayerHUD/W_PlayerHUD" FILE="../../../../../../Code/unreal/PlatformerNetworkGame/PlatformerGame/Content/Widgets/PlayerHUD/W_PlayerHUD.uasset" SILENT=true
[2020.10.11-08.43.39:183][  8]LogSavePackage: Moving '../../../../../../Code/unreal/PlatformerNetworkGame/PlatformerGame/Saved/W_PlayerHUD9DDC0AA04F43CEE0DFAC35A978C59CD8.tmp' to '../../../../../../Code/unreal/PlatformerNetworkGame/PlatformerGame/Content/Widgets/PlayerHUD/W_PlayerHUD.uasset'
[2020.10.11-08.43.39:193][  8]AssetCheck: New page: 资产保存：W_PlayerHUD
[2020.10.11-08.43.39:193][  8]LogContentValidation: Display: 正在验证WidgetBlueprint /Game/Widgets/PlayerHUD/W_PlayerHUD.W_PlayerHUD
[2020.10.11-08.43.44:839][346]Cmd: OBJ SAVEPACKAGE PACKAGE="/Game/Widgets/PlayerHUD/W_PlayerHUD" FILE="../../../../../../Code/unreal/PlatformerNetworkGame/PlatformerGame/Content/Widgets/PlayerHUD/W_PlayerHUD.uasset" SILENT=true
[2020.10.11-08.43.44:864][346]LogSavePackage: Moving '../../../../../../Code/unreal/PlatformerNetworkGame/PlatformerGame/Saved/W_PlayerHUDB0091F8B42A5673D795A46ACFAEC93CA.tmp' to '../../../../../../Code/unreal/PlatformerNetworkGame/PlatformerGame/Content/Widgets/PlayerHUD/W_PlayerHUD.uasset'
[2020.10.11-08.43.44:872][346]AssetCheck: New page: 资产保存：W_PlayerHUD
[2020.10.11-08.43.44:872][346]LogContentValidation: Display: 正在验证WidgetBlueprint /Game/Widgets/PlayerHUD/W_PlayerHUD.W_PlayerHUD
[2020.10.11-08.43.52:147][780]BlueprintLog: New page: 编译W_PlayerHUD
[2020.10.11-08.43.52:150][780]LogBlueprint: Error: [Compiler W_PlayerHUD] 不能连接引脚  目标  和  W Player HUD Player List ：控件 对象引用和对象引用不兼容。
[2020.10.11-08.43.52:150][780]LogBlueprint: Error: [Compiler W_PlayerHUD] 不能连接引脚  目标  和  W Player HUD Player List ：控件 对象引用和对象引用不兼容。
[2020.10.11-08.43.52:150][780]LogBlueprint: Error: [Compiler W_PlayerHUD] 不能连接引脚  W Player HUD Player List  和  目标 ：对象引用和控件 对象引用不兼容。
[2020.10.11-08.43.52:150][780]LogBlueprint: Error: [Compiler W_PlayerHUD] 不能连接引脚  目标  和  W Player HUD Pause Menu ：控件 对象引用和对象引用不兼容。
[2020.10.11-08.43.52:150][780]LogBlueprint: Error: [Compiler W_PlayerHUD] 不能连接引脚  目标  和  W Player HUD Pause Menu ：控件 对象引用和对象引用不兼容。
[2020.10.11-08.43.52:150][780]LogBlueprint: Error: [Compiler W_PlayerHUD] 不能连接引脚  W Player HUD Pause Menu  和  目标 ：对象引用和控件 对象引用不兼容。
[2020.10.11-08.43.52:153][780]LogBlueprint: Error: [Compiler W_PlayerHUD] 未找到引脚 W Player HUD Pause Menu 的类
[2020.10.11-08.43.52:153][780]LogBlueprint: Error: [Compiler W_PlayerHUD] 未找到引脚 W Player HUD Player List 的类
[2020.10.11-08.43.52:179][780]LogUObjectHash: Compacting FUObjectHashTables data took   2.67ms
[2020.10.11-08.44.11:966][964]BlueprintLog: New page: 编译W_PlayerHUD
[2020.10.11-08.44.11:998][964]LogUObjectHash: Compacting FUObjectHashTables data took   2.57ms
[2020.10.11-08.44.12:534][994]Cmd: OBJ SAVEPACKAGE PACKAGE="/Game/Widgets/PlayerHUD/W_PlayerHUD" FILE="../../../../../../Code/unreal/PlatformerNetworkGame/PlatformerGame/Content/Widgets/PlayerHUD/W_PlayerHUD.uasset" SILENT=true
[2020.10.11-08.44.12:555][994]LogSavePackage: Moving '../../../../../../Code/unreal/PlatformerNetworkGame/PlatformerGame/Saved/W_PlayerHUD40FD868844C0958D5CA929983918CD75.tmp' to '../../../../../../Code/unreal/PlatformerNetworkGame/PlatformerGame/Content/Widgets/PlayerHUD/W_PlayerHUD.uasset'
[2020.10.11-08.44.12:565][994]AssetCheck: New page: 资产保存：W_PlayerHUD
[2020.10.11-08.44.12:565][994]LogContentValidation: Display: 正在验证WidgetBlueprint /Game/Widgets/PlayerHUD/W_PlayerHUD.W_PlayerHUD
[2020.10.11-08.44.15:714][183]LogSlate: Window 'W_PlayerHUD' being destroyed
[2020.10.11-08.44.15:717][183]LogSlate: Window 'W_PlayerHUD' being destroyed
[2020.10.11-08.44.15:719][183]LogWorld: UWorld::CleanupWorld for World_4, bSessionEnded=true, bCleanupResources=true
[2020.10.11-08.44.15:719][183]LogSlate: InvalidateAllWidgets triggered.  All widgets were invalidated
[2020.10.11-08.44.15:724][183]LogWorld: UWorld::CleanupWorld for World_3, bSessionEnded=true, bCleanupResources=true
[2020.10.11-08.44.15:724][183]LogSlate: InvalidateAllWidgets triggered.  All widgets were invalidated
[2020.10.11-08.44.21:739][541]Cmd: OBJ SAVEPACKAGE PACKAGE="/Game/Maps/Map_SandBox" FILE="../../../../../../Code/unreal/PlatformerNetworkGame/PlatformerGame/Content/Maps/Map_SandBox.umap" SILENT=true AUTOSAVING=false KEEPDIRTY=false
[2020.10.11-08.44.21:776][541]LogUObjectHash: Compacting FUObjectHashTables data took   2.38ms
[2020.10.11-08.44.21:790][541]LogSavePackage: Moving '../../../../../../Code/unreal/PlatformerNetworkGame/PlatformerGame/Saved/Map_SandBox7405D8784CE0C95929765688C0106299.tmp' to '../../../../../../Code/unreal/PlatformerNetworkGame/PlatformerGame/Content/Maps/Map_SandBox.umap'
[2020.10.11-08.44.21:811][541]Cmd: OBJ SAVEPACKAGE PACKAGE="/Game/Maps/Map_SandBox_BuiltData" FILE="../../../../../../Code/unreal/PlatformerNetworkGame/PlatformerGame/Content/Maps/Map_SandBox_BuiltData.uasset" SILENT=true
[2020.10.11-08.44.21:822][541]LogSavePackage: Moving '../../../../../../Code/unreal/PlatformerNetworkGame/PlatformerGame/Saved/Map_SandBox_BuiltDataE90527E94E85C702B757B68772CF6FE4.tmp' to '../../../../../../Code/unreal/PlatformerNetworkGame/PlatformerGame/Content/Maps/Map_SandBox_BuiltData.uasset'
[2020.10.11-08.44.21:833][541]AssetCheck: New page: 资产保存：多个资产
[2020.10.11-08.44.21:833][541]LogContentValidation: Display: 正在验证World /Game/Maps/Map_SandBox.Map_SandBox
[2020.10.11-08.44.21:833][541]LogContentValidation: Display: 正在验证MapBuildDataRegistry /Game/Maps/Map_SandBox_BuiltData.Map_SandBox_BuiltData
[2020.10.11-08.44.26:454][817]LogUObjectHash: Compacting FUObjectHashTables data took   2.41ms
[2020.10.11-08.44.26:506][817]LogSlate: Window 'PlatformerGame - 虚幻编辑器' being destroyed
[2020.10.11-08.44.26:507][817]LogWindowsTextInputMethodSystem: Display: IME system now activated using TSF (微软拼音).
[2020.10.11-08.44.26:610][818]Cmd: QUIT_EDITOR
[2020.10.11-08.44.26:610][818]LogCore: Engine exit requested (reason: UUnrealEdEngine::CloseEditor())
[2020.10.11-08.44.26:626][818]LogCore: Engine exit requested (reason: EngineExit() was called; note: exit was already requested)
[2020.10.11-08.44.27:004][818]LogExit: Preparing to exit.
[2020.10.11-08.44.27:339][818]LogWorld: UWorld::CleanupWorld for World_0, bSessionEnded=true, bCleanupResources=true
[2020.10.11-08.44.27:358][818]LogDemo: Cleaned up 0 splitscreen connections with owner deletion
[2020.10.11-08.44.27:361][818]LogWorld: UWorld::CleanupWorld for None, bSessionEnded=true, bCleanupResources=true
[2020.10.11-08.44.27:361][818]LogExit: Editor shut down
[2020.10.11-08.44.27:361][818]LogExit: Transaction tracking system shut down
[2020.10.11-08.44.27:426][818]LogAISub: UAISubsystem::~UAISubsystem AISubsystem (000001BEE7828500), frame # 22818
[2020.10.11-08.44.27:426][818]LogAISub: UAISubsystem::~UAISubsystem AIPerceptionSystem (000001BEE7753D80), frame # 22818
[2020.10.11-08.44.27:426][818]LogAISub: UAISubsystem::~UAISubsystem EnvQueryManager (000001BEE77ADE00), frame # 22818
[2020.10.11-08.44.27:430][818]LogAISub: UAISubsystem::~UAISubsystem EnvQueryManager (000001BED9083E00), frame # 22818
[2020.10.11-08.44.27:430][818]LogAISub: UAISubsystem::~UAISubsystem AIPerceptionSystem (000001BED8D26AC0), frame # 22818
[2020.10.11-08.44.27:476][818]LogExit: Object subsystem successfully closed.
[2020.10.11-08.44.27:508][818]LogShaderCompilers: Display: Shaders left to compile 0
[2020.10.11-08.44.27:517][818]LogModuleManager: Shutting down and abandoning module SequencerWidgets (808)
[2020.10.11-08.44.27:517][818]LogModuleManager: Shutting down and abandoning module MovieSceneCapture (806)
[2020.10.11-08.44.27:517][818]LogModuleManager: Shutting down and abandoning module Voice (804)
[2020.10.11-08.44.27:517][818]LogModuleManager: Shutting down and abandoning module BlueprintGraph (802)
[2020.10.11-08.44.27:517][818]LogModuleManager: Shutting down and abandoning module HierarchicalLODOutliner (800)
[2020.10.11-08.44.27:517][818]LogModuleManager: Shutting down and abandoning module SceneOutliner (798)
[2020.10.11-08.44.27:517][818]LogModuleManager: Shutting down and abandoning module AddContentDialog (796)
[2020.10.11-08.44.27:517][818]LogModuleManager: Shutting down and abandoning module WidgetCarousel (795)
[2020.10.11-08.44.27:517][818]LogModuleManager: Shutting down and abandoning module EditorWidgets (792)
[2020.10.11-08.44.27:517][818]LogModuleManager: Shutting down and abandoning module CollectionManager (790)
[2020.10.11-08.44.27:517][818]LogModuleManager: Shutting down and abandoning module StatsViewer (788)
[2020.10.11-08.44.27:517][818]LogModuleManager: Shutting down and abandoning module VirtualTexturingEditor (786)
[2020.10.11-08.44.27:517][818]LogModuleManager: Shutting down and abandoning module FoliageEdit (784)
[2020.10.11-08.44.27:517][818]LogModuleManager: Shutting down and abandoning module LandscapeEditor (782)
[2020.10.11-08.44.27:517][818]LogModuleManager: Shutting down and abandoning module MeshPaintMode (780)
[2020.10.11-08.44.27:517][818]LogModuleManager: Shutting down and abandoning module SceneDepthPickerMode (778)
[2020.10.11-08.44.27:517][818]LogModuleManager: Shutting down and abandoning module ActorPickerMode (776)
[2020.10.11-08.44.27:517][818]LogModuleManager: Shutting down and abandoning module PIEPreviewDeviceProfileSelector (774)
[2020.10.11-08.44.27:517][818]LogModuleManager: Shutting down and abandoning module SequenceRecorderSections (772)
[2020.10.11-08.44.27:518][818]LogModuleManager: Shutting down and abandoning module AutomationWorker (770)
[2020.10.11-08.44.27:518][818]LogModuleManager: Shutting down and abandoning module SteamVREditor (768)
[2020.10.11-08.44.27:518][818]LogModuleManager: Shutting down and abandoning module OculusMR (766)
[2020.10.11-08.44.27:518][818]LogModuleManager: Shutting down and abandoning module GooglePADEditor (764)
[2020.10.11-08.44.27:518][818]LogModuleManager: Shutting down and abandoning module AudioCaptureEditor (762)
[2020.10.11-08.44.27:518][818]LogModuleManager: Shutting down and abandoning module TemplateSequenceEditor (760)
[2020.10.11-08.44.27:518][818]LogModuleManager: Shutting down and abandoning module MatineeToLevelSequence (758)
[2020.10.11-08.44.27:518][818]LogModuleManager: Shutting down and abandoning module LevelSequenceEditor (756)
[2020.10.11-08.44.27:518][818]LogModuleManager: Shutting down and abandoning module ActorSequenceEditor (754)
[2020.10.11-08.44.27:518][818]LogModuleManager: Shutting down and abandoning module WmfMediaFactory (752)
[2020.10.11-08.44.27:518][818]LogModuleManager: Shutting down and abandoning module WmfMediaEditor (750)
[2020.10.11-08.44.27:518][818]LogModuleManager: Shutting down and abandoning module WebMMediaFactory (748)
[2020.10.11-08.44.27:518][818]LogModuleManager: Shutting down and abandoning module WebMMediaEditor (746)
[2020.10.11-08.44.27:518][818]LogModuleManager: Shutting down and abandoning module WebMMedia (744)
[2020.10.11-08.44.27:518][818]LogModuleManager: Shutting down and abandoning module MediaPlayerEditor (742)
[2020.10.11-08.44.27:518][818]LogModuleManager: Shutting down and abandoning module MediaCompositingEditor (740)
[2020.10.11-08.44.27:518][818]LogModuleManager: Shutting down and abandoning module SequenceRecorder (739)
[2020.10.11-08.44.27:518][818]LogModuleManager: Shutting down and abandoning module OpenExrWrapper (736)
[2020.10.11-08.44.27:518][818]LogModuleManager: Shutting down and abandoning module ImgMediaFactory (734)
[2020.10.11-08.44.27:518][818]LogModuleManager: Shutting down and abandoning module ImgMediaEditor (732)
[2020.10.11-08.44.27:518][818]LogModuleManager: Shutting down and abandoning module AvfMediaFactory (730)
[2020.10.11-08.44.27:518][818]LogModuleManager: Shutting down and abandoning module AvfMediaEditor (728)
[2020.10.11-08.44.27:518][818]LogModuleManager: Shutting down and abandoning module AndroidMediaFactory (726)
[2020.10.11-08.44.27:518][818]LogModuleManager: Shutting down and abandoning module AndroidMediaEditor (724)
[2020.10.11-08.44.27:518][818]LogModuleManager: Shutting down and abandoning module MagicLeapMediaCodecFactory (722)
[2020.10.11-08.44.27:518][818]LogModuleManager: Shutting down and abandoning module MagicLeapMediaFactory (720)
[2020.10.11-08.44.27:518][818]LogModuleManager: Shutting down and abandoning module MagicLeapMediaEditor (718)
[2020.10.11-08.44.27:518][818]LogModuleManager: Shutting down and abandoning module PlanarCut (716)
[2020.10.11-08.44.27:518][818]LogModuleManager: Shutting down and abandoning module CharacterAI (714)
[2020.10.11-08.44.27:518][818]LogModuleManager: Shutting down and abandoning module TextureAlignMode (712)
[2020.10.11-08.44.27:518][818]LogModuleManager: Shutting down and abandoning module BspMode (710)
[2020.10.11-08.44.27:518][818]LogModuleManager: Shutting down and abandoning module PlacementMode (709)
[2020.10.11-08.44.27:518][818]LogModuleManager: Shutting down and abandoning module GeometryMode (706)
[2020.10.11-08.44.27:518][818]LogModuleManager: Shutting down and abandoning module CameraShakePreviewer (704)
[2020.10.11-08.44.27:518][818]LogModuleManager: Shutting down and abandoning module SmartSnapping (702)
[2020.10.11-08.44.27:518][818]LogModuleManager: Shutting down and abandoning module SessionServices (700)
[2020.10.11-08.44.27:518][818]LogModuleManager: Shutting down and abandoning module MeshPaint (698)
[2020.10.11-08.44.27:518][818]LogModuleManager: Shutting down and abandoning module ViewportSnapping (696)
[2020.10.11-08.44.27:518][818]LogModuleManager: Shutting down and abandoning module ViewportInteraction (694)
[2020.10.11-08.44.27:518][818]LogModuleManager: Shutting down and abandoning module ClothPainter (692)
[2020.10.11-08.44.27:518][818]LogModuleManager: Shutting down and abandoning module SkeletalMeshEditor (691)
[2020.10.11-08.44.27:518][818]LogModuleManager: Shutting down and abandoning module LogVisualizer (688)
[2020.10.11-08.44.27:518][818]LogModuleManager: Shutting down and abandoning module IntroTutorials (686)
[2020.10.11-08.44.27:518][818]LogModuleManager: Shutting down and abandoning module GameProjectGeneration (685)
[2020.10.11-08.44.27:518][818]LogModuleManager: Shutting down and abandoning module LuminPlatformEditor (682)
[2020.10.11-08.44.27:518][818]LogModuleManager: Shutting down and abandoning module IOSPlatformEditor (680)
[2020.10.11-08.44.27:519][818]LogModuleManager: Shutting down and abandoning module AndroidPlatformEditor (678)
[2020.10.11-08.44.27:519][818]LogModuleManager: Shutting down and abandoning module AndroidDeviceDetection (677)
